#! /usr/bin/vvp
:ivl_version "0.9.5 " "(v0_9_5)";
:vpi_time_precision + 0;
:vpi_module "system";
:vpi_module "v2005_math";
:vpi_module "va_math";
S_0x25126b0 .scope module, "MemControler_tb" "MemControler_tb" 2 1;
 .timescale 0 0;
v0x254a9c0_0 .var "clock", 0 0;
v0x254aa40_0 .var "if_mc_addr", 17 0;
v0x254aaf0_0 .var "if_mc_en", 0 0;
RS_0x7f5944f7bd08 .resolv tri, L_0x254e490, L_0x254e650, C4<zzzzzzzzzzzzzzzzzzzzzzzzzzzzzzzz>, C4<zzzzzzzzzzzzzzzzzzzzzzzzzzzzzzzz>;
v0x254aba0_0 .net8 "mc_if_data", 31 0, RS_0x7f5944f7bd08; 2 drivers
v0x254ac80_0 .net "mc_ram_addr", 17 0, L_0x254e310; 1 drivers
RS_0x7f5944f7b3d8 .resolv tri, L_0x254b2b0, L_0x254ba70, L_0x254cd20, C4<zzzzzzzzzzzzzzzz>;
v0x254ad00_0 .net8 "mc_ram_data", 15 0, RS_0x7f5944f7b3d8; 3 drivers
v0x254add0_0 .net "mc_ram_wre", 0 0, L_0x254c5d0; 1 drivers
v0x254aea0_0 .var "mem_mc_addr", 17 0;
v0x254af70_0 .net "mem_mc_data", 31 0, L_0x254d350; 1 drivers
v0x254aff0_0 .var "mem_mc_en", 0 0;
v0x254b070_0 .var "mem_mc_rw", 0 0;
v0x254b140_0 .var "reset", 0 0;
S_0x2510b40 .scope module, "MC" "MemControler" 2 25, 3 2, S_0x25126b0;
 .timescale 0 0;
L_0x254be00 .functor AND 1, L_0x254c3f0, v0x254aaf0_0, C4<1>, C4<1>;
L_0x254c5d0 .functor OR 1, L_0x254be00, L_0x254c530, C4<0>, C4<0>;
L_0x254c6d0 .functor AND 1, v0x254b070_0, v0x254aff0_0, C4<1>, C4<1>;
L_0x254c860 .functor AND 1, L_0x254c6d0, L_0x254c730, C4<1>, C4<1>;
L_0x254c9b0 .functor AND 1, v0x254b070_0, v0x254aff0_0, C4<1>, C4<1>;
L_0x254ca10 .functor AND 1, L_0x254c9b0, v0x2549e40_0, C4<1>, C4<1>;
L_0x2547600 .functor AND 1, L_0x254cf00, v0x254aff0_0, C4<1>, C4<1>;
L_0x254db20 .functor AND 1, L_0x254da80, v0x254aaf0_0, C4<1>, C4<1>;
L_0x254e580 .functor AND 1, L_0x254e6f0, v0x254aaf0_0, C4<1>, C4<1>;
L_0x254e960 .functor AND 1, L_0x254e580, v0x2549e40_0, C4<1>, C4<1>;
v0x25485b0_0 .net *"_s10", 0 0, L_0x254c6d0; 1 drivers
v0x2548650_0 .net *"_s13", 0 0, L_0x254c730; 1 drivers
v0x25486f0_0 .net *"_s14", 0 0, L_0x254c860; 1 drivers
v0x2548790_0 .net *"_s17", 15 0, L_0x254c910; 1 drivers
v0x2548830_0 .net *"_s18", 0 0, L_0x254c9b0; 1 drivers
v0x25488d0_0 .net *"_s20", 0 0, L_0x254ca10; 1 drivers
v0x2548970_0 .net *"_s23", 15 0, L_0x254caf0; 1 drivers
v0x2548a10_0 .net *"_s24", 15 0, C4<zzzzzzzzzzzzzzzz>; 0 drivers
v0x2548ab0_0 .net *"_s26", 15 0, L_0x254cbe0; 1 drivers
v0x2548b50_0 .net *"_s3", 0 0, L_0x254c3f0; 1 drivers
v0x2548bf0_0 .net *"_s31", 0 0, L_0x254cf00; 1 drivers
v0x2548c90_0 .net *"_s32", 0 0, L_0x2547600; 1 drivers
v0x2548d30_0 .net *"_s34", 47 0, L_0x254d1c0; 1 drivers
v0x2548dd0_0 .net *"_s36", 47 0, C4<0000000000000000zzzzzzzzzzzzzzzzzzzzzzzzzzzzzzzz>; 1 drivers
v0x2548ef0_0 .net *"_s38", 47 0, L_0x254d260; 1 drivers
v0x2548f90_0 .net *"_s4", 0 0, L_0x254be00; 1 drivers
v0x2548e50_0 .net *"_s42", 17 0, L_0x254d5c0; 1 drivers
v0x25490e0_0 .net *"_s44", 16 0, L_0x254d490; 1 drivers
v0x2549200_0 .net *"_s46", 0 0, C4<0>; 1 drivers
v0x2549280_0 .net *"_s48", 17 0, L_0x254d780; 1 drivers
v0x2549160_0 .net *"_s51", 16 0, C4<00000000000000000>; 1 drivers
v0x25493b0_0 .net *"_s52", 17 0, L_0x254d8b0; 1 drivers
v0x2549300_0 .net *"_s55", 0 0, L_0x254da80; 1 drivers
v0x25494f0_0 .net *"_s56", 0 0, L_0x254db20; 1 drivers
v0x2549450_0 .net *"_s58", 17 0, L_0x254ddb0; 1 drivers
v0x2549640_0 .net *"_s60", 16 0, L_0x254dc20; 1 drivers
v0x2549590_0 .net *"_s62", 0 0, C4<0>; 1 drivers
v0x25497a0_0 .net *"_s64", 17 0, L_0x254dea0; 1 drivers
v0x25496e0_0 .net *"_s67", 16 0, C4<00000000000000000>; 1 drivers
v0x2549910_0 .net *"_s68", 17 0, L_0x254dff0; 1 drivers
v0x2549820_0 .net *"_s7", 0 0, L_0x254c530; 1 drivers
v0x2549a90_0 .net *"_s70", 17 0, C4<000000000000000000>; 1 drivers
v0x2549990_0 .net *"_s72", 17 0, L_0x254e160; 1 drivers
v0x2549c20_0 .net *"_s79", 15 0, v0x2549ec0_0; 1 drivers
v0x2549b10_0 .net *"_s83", 0 0, L_0x254e6f0; 1 drivers
v0x2549dc0_0 .net *"_s84", 0 0, L_0x254e580; 1 drivers
v0x2549ca0_0 .net *"_s86", 0 0, L_0x254e960; 1 drivers
v0x2549d40_0 .net *"_s88", 15 0, C4<0000000000000000>; 1 drivers
v0x2549f80_0 .net *"_s90", 15 0, L_0x254ead0; 1 drivers
v0x254a000_0 .net "clock", 0 0, v0x254a9c0_0; 1 drivers
v0x2549e40_0 .var "counter", 0 0;
v0x2549ec0_0 .var "if_data", 15 0;
v0x254a1e0_0 .net "if_mc_addr", 17 0, v0x254aa40_0; 1 drivers
v0x254a260_0 .net "if_mc_en", 0 0, v0x254aaf0_0; 1 drivers
v0x254a080_0 .alias "mc_if_data", 31 0, v0x254aba0_0;
v0x254a120_0 .alias "mc_ram_addr", 17 0, v0x254ac80_0;
v0x254a460_0 .alias "mc_ram_data", 15 0, v0x254ad00_0;
v0x254a4e0_0 .alias "mc_ram_wre", 0 0, v0x254add0_0;
v0x254a2e0_0 .var "mem_data", 31 0;
v0x254a360_0 .net "mem_mc_addr", 17 0, v0x254aea0_0; 1 drivers
v0x254a3e0_0 .alias "mem_mc_data", 31 0, v0x254af70_0;
v0x254a700_0 .net "mem_mc_en", 0 0, v0x254aff0_0; 1 drivers
v0x254a560_0 .net "mem_mc_rw", 0 0, v0x254b070_0; 1 drivers
v0x254a610_0 .var "ram_data", 31 0;
v0x254a940_0 .net "reset", 0 0, v0x254b140_0; 1 drivers
E_0x2510f90/0 .event negedge, v0x254a940_0;
E_0x2510f90/1 .event posedge, v0x254a000_0;
E_0x2510f90 .event/or E_0x2510f90/0, E_0x2510f90/1;
L_0x254c300 .reduce/nor v0x2549e40_0;
L_0x254c3f0 .reduce/nor v0x254aff0_0;
L_0x254c530 .reduce/nor v0x254b070_0;
L_0x254c730 .reduce/nor v0x2549e40_0;
L_0x254c910 .part v0x254a610_0, 16, 16;
L_0x254caf0 .part v0x254a610_0, 0, 16;
L_0x254cbe0 .functor MUXZ 16, C4<zzzzzzzzzzzzzzzz>, L_0x254caf0, L_0x254ca10, C4<>;
L_0x254cd20 .functor MUXZ 16, L_0x254cbe0, L_0x254c910, L_0x254c860, C4<>;
L_0x254cf00 .reduce/nor v0x254b070_0;
L_0x254d1c0 .concat [ 16 32 0 0], RS_0x7f5944f7b3d8, v0x254a2e0_0;
L_0x254d260 .functor MUXZ 48, C4<0000000000000000zzzzzzzzzzzzzzzzzzzzzzzzzzzzzzzz>, L_0x254d1c0, L_0x2547600, C4<>;
L_0x254d350 .part L_0x254d260, 0, 32;
L_0x254d490 .part v0x254aea0_0, 1, 17;
L_0x254d5c0 .concat [ 17 1 0 0], L_0x254d490, C4<0>;
L_0x254d780 .concat [ 1 17 0 0], v0x2549e40_0, C4<00000000000000000>;
L_0x254d8b0 .arith/sum 18, L_0x254d5c0, L_0x254d780;
L_0x254da80 .reduce/nor v0x254aff0_0;
L_0x254dc20 .part v0x254aa40_0, 1, 17;
L_0x254ddb0 .concat [ 17 1 0 0], L_0x254dc20, C4<0>;
L_0x254dea0 .concat [ 1 17 0 0], v0x2549e40_0, C4<00000000000000000>;
L_0x254dff0 .arith/sum 18, L_0x254ddb0, L_0x254dea0;
L_0x254e160 .functor MUXZ 18, C4<000000000000000000>, L_0x254dff0, L_0x254db20, C4<>;
L_0x254e310 .functor MUXZ 18, L_0x254e160, L_0x254d8b0, v0x254aff0_0, C4<>;
L_0x254e490 .part/pv v0x2549ec0_0, 16, 16, 32;
L_0x254e650 .part/pv L_0x254ead0, 0, 16, 32;
L_0x254e6f0 .reduce/nor v0x254aff0_0;
L_0x254ead0 .functor MUXZ 16, C4<0000000000000000>, RS_0x7f5944f7b3d8, L_0x254e960, C4<>;
S_0x2517220 .scope module, "ram_module" "Ram" 3 25, 4 1, S_0x2510b40;
 .timescale 0 0;
L_0x2547910 .functor BUFZ 16, L_0x254b1c0, C4<0000000000000000>, C4<0000000000000000>, C4<0000000000000000>;
L_0x254b520 .functor AND 1, L_0x254b350, L_0x254b420, C4<1>, C4<1>;
L_0x254b6f0 .functor AND 1, L_0x254b520, L_0x254b650, C4<1>, C4<1>;
L_0x254be60 .functor AND 1, L_0x254bba0, L_0x254bcd0, C4<1>, C4<1>;
L_0x254bf60 .functor AND 1, L_0x254be60, L_0x254bec0, C4<1>, C4<1>;
v0x251cf70_0 .net *"_s0", 15 0, L_0x254b1c0; 1 drivers
v0x25472f0_0 .net *"_s10", 0 0, L_0x254b520; 1 drivers
v0x2547390_0 .net *"_s13", 0 0, L_0x254b650; 1 drivers
v0x2547430_0 .net *"_s14", 0 0, L_0x254b6f0; 1 drivers
v0x25474e0_0 .net *"_s17", 7 0, L_0x254b7f0; 1 drivers
v0x2547580_0 .net *"_s18", 7 0, C4<zzzzzzzz>; 0 drivers
v0x2547660_0 .net *"_s20", 7 0, L_0x254b8e0; 1 drivers
v0x2547700_0 .net *"_s25", 0 0, L_0x254bba0; 1 drivers
v0x25477f0_0 .net *"_s27", 0 0, L_0x254bcd0; 1 drivers
v0x2547890_0 .net *"_s28", 0 0, L_0x254be60; 1 drivers
v0x2547990_0 .net *"_s31", 0 0, L_0x254bec0; 1 drivers
v0x2547a30_0 .net *"_s32", 0 0, L_0x254bf60; 1 drivers
v0x2547b40_0 .net *"_s35", 7 0, L_0x254c060; 1 drivers
v0x2547be0_0 .net *"_s36", 7 0, C4<zzzzzzzz>; 0 drivers
v0x2547d00_0 .net *"_s38", 7 0, L_0x254c170; 1 drivers
v0x2547da0_0 .net *"_s7", 0 0, L_0x254b350; 1 drivers
v0x2547c60_0 .net *"_s9", 0 0, L_0x254b420; 1 drivers
v0x2547ef0_0 .alias "addr", 17 0, v0x254ac80_0;
v0x2548010_0 .alias "chip_en", 0 0, v0x254a700_0;
v0x2548090_0 .var "d", 15 0;
v0x2547f70_0 .alias "data", 15 0, v0x254ad00_0;
v0x25481c0_0 .net "hb_mask", 0 0, v0x2549e40_0; 1 drivers
v0x2548110_0 .net "lb_mask", 0 0, L_0x254c300; 1 drivers
v0x2548300 .array "memory", 262143 0, 15 0;
v0x2548240_0 .alias "oute", 0 0, v0x254a560_0;
v0x2548450_0 .net "q", 15 0, L_0x2547910; 1 drivers
v0x2548380_0 .alias "wre", 0 0, v0x254add0_0;
E_0x2517620/0 .event edge, v0x2548090_0, v0x2547f70_0, v0x2547ef0_0, v0x2548110_0;
E_0x2517620/1 .event edge, v0x25481c0_0, v0x2548380_0, v0x2548010_0;
E_0x2517620 .event/or E_0x2517620/0, E_0x2517620/1;
L_0x254b1c0 .array/port v0x2548300, L_0x254e310;
L_0x254b2b0 .part/pv L_0x254b8e0, 0, 8, 16;
L_0x254b350 .reduce/nor v0x254aff0_0;
L_0x254b420 .reduce/nor v0x254b070_0;
L_0x254b650 .reduce/nor L_0x254c300;
L_0x254b7f0 .part L_0x2547910, 0, 8;
L_0x254b8e0 .functor MUXZ 8, C4<zzzzzzzz>, L_0x254b7f0, L_0x254b6f0, C4<>;
L_0x254ba70 .part/pv L_0x254c170, 8, 8, 16;
L_0x254bba0 .reduce/nor v0x254aff0_0;
L_0x254bcd0 .reduce/nor v0x254b070_0;
L_0x254bec0 .reduce/nor v0x2549e40_0;
L_0x254c060 .part L_0x2547910, 8, 8;
L_0x254c170 .functor MUXZ 8, C4<zzzzzzzz>, L_0x254c060, L_0x254bf60, C4<>;
    .scope S_0x2517220;
T_0 ;
    %wait E_0x2517620;
    %load/v 8, v0x2548010_0, 1;
    %inv 8, 1;
    %load/v 9, v0x2548380_0, 1;
    %inv 9, 1;
    %and 8, 9, 1;
    %jmp/0xz  T_0.0, 8;
    %ix/getv 3, v0x2547ef0_0;
    %load/av 8, v0x2548300, 16;
    %set/v v0x2548090_0, 8, 16;
    %load/v 8, v0x25481c0_0, 1;
    %inv 8, 1;
    %jmp/0xz  T_0.2, 8;
    %ix/load 1, 8, 0;
    %mov 4, 0, 1;
    %jmp/1 T_0.4, 4;
    %load/x1p 8, v0x2547f70_0, 8;
    %jmp T_0.5;
T_0.4 ;
    %mov 8, 2, 8;
T_0.5 ;
; Save base=8 wid=8 in lookaside.
    %ix/load 0, 8, 0;
    %set/x0 v0x2548090_0, 8, 8;
T_0.2 ;
    %load/v 8, v0x2548110_0, 1;
    %inv 8, 1;
    %jmp/0xz  T_0.6, 8;
    %load/v 8, v0x2547f70_0, 8; Only need 8 of 16 bits
; Save base=8 wid=8 in lookaside.
    %ix/load 0, 0, 0;
    %set/x0 v0x2548090_0, 8, 8;
T_0.6 ;
    %load/v 8, v0x2548090_0, 16;
    %ix/getv 3, v0x2547ef0_0;
   %jmp/1 t_0, 4;
   %ix/load 1, 0, 0;
   %set/av v0x2548300, 8, 16;
t_0 ;
T_0.0 ;
    %jmp T_0;
    .thread T_0, $push;
    .scope S_0x2510b40;
T_1 ;
    %set/v v0x2549e40_0, 0, 1;
    %end;
    .thread T_1;
    .scope S_0x2510b40;
T_2 ;
    %wait E_0x2510f90;
    %load/v 8, v0x254a940_0, 1;
    %cmpi/u 8, 0, 1;
    %jmp/0xz  T_2.0, 4;
    %ix/load 0, 1, 0;
    %assign/v0 v0x2549e40_0, 0, 0;
    %ix/load 0, 32, 0;
    %assign/v0 v0x254a2e0_0, 0, 0;
    %ix/load 0, 32, 0;
    %assign/v0 v0x254a610_0, 0, 0;
    %ix/load 0, 16, 0;
    %assign/v0 v0x2549ec0_0, 0, 0;
    %jmp T_2.1;
T_2.0 ;
    %load/v 8, v0x254a700_0, 1;
    %jmp/0xz  T_2.2, 8;
    %load/v 8, v0x254a560_0, 1;
    %jmp/0xz  T_2.4, 8;
    %load/v 8, v0x254a3e0_0, 32;
    %ix/load 0, 32, 0;
    %assign/v0 v0x254a610_0, 0, 8;
    %jmp T_2.5;
T_2.4 ;
    %load/v 8, v0x254a560_0, 1;
    %cmpi/u 8, 0, 1;
    %mov 8, 4, 1;
    %load/v 9, v0x2549e40_0, 1;
    %cmpi/u 9, 0, 1;
    %mov 9, 4, 1;
    %and 8, 9, 1;
    %jmp/0xz  T_2.6, 8;
    %load/v 8, v0x254a460_0, 16;
    %mov 24, 0, 16;
    %ix/load 0, 32, 0;
    %assign/v0 v0x254a2e0_0, 0, 8;
T_2.6 ;
T_2.5 ;
    %jmp T_2.3;
T_2.2 ;
    %load/v 8, v0x254a700_0, 1;
    %cmpi/u 8, 0, 1;
    %mov 8, 4, 1;
    %load/v 9, v0x254a260_0, 1;
    %and 8, 9, 1;
    %load/v 9, v0x2549e40_0, 1;
    %cmpi/u 9, 0, 1;
    %mov 9, 4, 1;
    %and 8, 9, 1;
    %jmp/0xz  T_2.8, 8;
    %load/v 8, v0x254a460_0, 16;
    %ix/load 0, 16, 0;
    %assign/v0 v0x2549ec0_0, 0, 8;
T_2.8 ;
T_2.3 ;
    %load/v 8, v0x2549e40_0, 1;
    %inv 8, 1;
    %ix/load 0, 1, 0;
    %assign/v0 v0x2549e40_0, 0, 8;
T_2.1 ;
    %jmp T_2;
    .thread T_2;
    .scope S_0x25126b0;
T_3 ;
    %set/v v0x254a9c0_0, 0, 1;
    %set/v v0x254aaf0_0, 1, 1;
    %load/v 8, v0x254a9c0_0, 1;
    %inv 8, 1;
    %set/v v0x254a9c0_0, 8, 1;
    %load/v 8, v0x254a9c0_0, 1;
    %inv 8, 1;
    %set/v v0x254a9c0_0, 8, 1;
    %end;
    .thread T_3;
# The file index is used to find the file name in the following table.
:file_names 5;
    "N/A";
    "<interactive>";
    "MemControler_tb.v";
    "MemControler.v";
    "./Ram.v";
