#! /usr/bin/vvp
:ivl_version "0.9.7 " "(v0_9_7)";
:vpi_time_precision + 0;
:vpi_module "system";
:vpi_module "v2005_math";
:vpi_module "va_math";
S_0x22d3560 .scope module, "Alu" "Alu" 2 1;
 .timescale 0 0;
v0x22e3130_0 .net "a", 31 0, C4<zzzzzzzzzzzzzzzzzzzzzzzzzzzzzzzz>; 0 drivers
v0x22fb310_0 .var "aluout", 31 0;
v0x22fb3b0_0 .net "b", 31 0, C4<zzzzzzzzzzzzzzzzzzzzzzzzzzzzzzzz>; 0 drivers
v0x22fb450_0 .var "compout", 0 0;
v0x22fb500_0 .net "op", 2 0, C4<zzz>; 0 drivers
v0x22fb5a0_0 .var "overflow", 0 0;
v0x22fb680_0 .net "unsig", 0 0, C4<z>; 0 drivers
E_0x22d2fd0 .event edge, v0x22fb680_0, v0x22fb3b0_0, v0x22e3130_0;
E_0x22d3650 .event edge, v0x22fb3b0_0, v0x22e3130_0, v0x22fb500_0;
    .scope S_0x22d3560;
T_0 ;
    %wait E_0x22d3650;
    %load/v 8, v0x22fb500_0, 3;
    %cmpi/u 8, 0, 3;
    %jmp/1 T_0.0, 6;
    %cmpi/u 8, 1, 3;
    %jmp/1 T_0.1, 6;
    %cmpi/u 8, 2, 3;
    %jmp/1 T_0.2, 6;
    %cmpi/u 8, 4, 3;
    %jmp/1 T_0.3, 6;
    %cmpi/u 8, 5, 3;
    %jmp/1 T_0.4, 6;
    %cmpi/u 8, 6, 3;
    %jmp/1 T_0.5, 6;
    %load/v 8, v0x22fb310_0, 32;
    %cassign/v v0x22fb310_0, 8, 32;
    %cassign/link v0x22fb310_0, v0x22fb310_0;
    %jmp T_0.7;
T_0.0 ;
    %load/v 40, v0x22e3130_0, 32;
    %load/v 72, v0x22fb3b0_0, 32;
    %and 40, 72, 32;
    %cassign/v v0x22fb310_0, 40, 32;
    %jmp T_0.7;
T_0.1 ;
    %load/v 72, v0x22e3130_0, 32;
    %load/v 104, v0x22fb3b0_0, 32;
    %or 72, 104, 32;
    %cassign/v v0x22fb310_0, 72, 32;
    %jmp T_0.7;
T_0.2 ;
    %load/v 104, v0x22e3130_0, 32;
    %load/v 136, v0x22fb3b0_0, 32;
    %add 104, 136, 32;
    %cassign/v v0x22fb310_0, 104, 32;
    %load/v 136, v0x22e3130_0, 32;
    %cmp/s 0, 136, 32;
    %or 5, 4, 1;
    %mov 136, 5, 1;
    %load/v 137, v0x22fb3b0_0, 32;
    %cmp/s 0, 137, 32;
    %or 5, 4, 1;
    %mov 137, 5, 1;
    %and 136, 137, 1;
    %load/v 137, v0x22fb310_0, 32;
   %cmpi/s 137, 0, 32;
    %mov 137, 5, 1;
    %and 136, 137, 1;
    %jmp/0xz  T_0.8, 136;
    %cassign/v v0x22fb5a0_0, 1, 1;
    %jmp T_0.9;
T_0.8 ;
    %load/v 136, v0x22e3130_0, 32;
   %cmpi/s 136, 0, 32;
    %mov 136, 5, 1;
    %load/v 137, v0x22fb3b0_0, 32;
   %cmpi/s 137, 0, 32;
    %mov 137, 5, 1;
    %and 136, 137, 1;
    %load/v 137, v0x22fb310_0, 32;
    %cmp/s 0, 137, 32;
    %or 5, 4, 1;
    %mov 137, 5, 1;
    %and 136, 137, 1;
    %jmp/0xz  T_0.10, 136;
    %cassign/v v0x22fb5a0_0, 1, 1;
    %jmp T_0.11;
T_0.10 ;
    %cassign/v v0x22fb5a0_0, 0, 1;
T_0.11 ;
T_0.9 ;
    %jmp T_0.7;
T_0.3 ;
    %load/v 136, v0x22e3130_0, 32;
    %load/v 168, v0x22fb3b0_0, 32;
    %or 136, 168, 32;
    %inv 136, 32;
    %cassign/v v0x22fb310_0, 136, 32;
    %jmp T_0.7;
T_0.4 ;
    %load/v 168, v0x22e3130_0, 32;
    %load/v 200, v0x22fb3b0_0, 32;
    %xor 168, 200, 32;
    %cassign/v v0x22fb310_0, 168, 32;
    %jmp T_0.7;
T_0.5 ;
    %load/v 200, v0x22e3130_0, 32;
    %load/v 232, v0x22fb3b0_0, 32;
    %sub 200, 232, 32;
    %cassign/v v0x22fb310_0, 200, 32;
    %load/v 232, v0x22e3130_0, 32;
    %cmp/s 0, 232, 32;
    %or 5, 4, 1;
    %mov 232, 5, 1;
    %load/v 233, v0x22fb3b0_0, 32;
   %cmpi/s 233, 0, 32;
    %mov 233, 5, 1;
    %and 232, 233, 1;
    %load/v 233, v0x22e3130_0, 32;
    %mov 265, 264, 1;
    %load/v 266, v0x22fb3b0_0, 32;
    %mov 298, 297, 1;
    %add 233, 266, 33;
   %cmpi/s 233, 0, 33;
    %mov 233, 5, 1;
    %and 232, 233, 1;
    %jmp/0xz  T_0.12, 232;
    %cassign/v v0x22fb5a0_0, 1, 1;
    %jmp T_0.13;
T_0.12 ;
    %load/v 232, v0x22e3130_0, 32;
   %cmpi/s 232, 0, 32;
    %mov 232, 5, 1;
    %load/v 233, v0x22fb3b0_0, 32;
    %cmp/s 0, 233, 32;
    %or 5, 4, 1;
    %mov 233, 5, 1;
    %and 232, 233, 1;
    %load/v 233, v0x22e3130_0, 32;
    %mov 265, 264, 1;
    %load/v 266, v0x22fb3b0_0, 32;
    %mov 298, 297, 1;
    %add 233, 266, 33;
    %cmp/s 0, 233, 33;
    %or 5, 4, 1;
    %mov 233, 5, 1;
    %and 232, 233, 1;
    %jmp/0xz  T_0.14, 232;
    %cassign/v v0x22fb5a0_0, 1, 1;
    %jmp T_0.15;
T_0.14 ;
    %cassign/v v0x22fb5a0_0, 0, 1;
T_0.15 ;
T_0.13 ;
    %jmp T_0.7;
T_0.7 ;
    %jmp T_0;
    .thread T_0, $push;
    .scope S_0x22d3560;
T_1 ;
    %wait E_0x22d2fd0;
    %load/v 232, v0x22fb680_0, 1;
    %mov 233, 0, 1;
    %cmpi/u 232, 0, 2;
    %jmp/0xz  T_1.0, 4;
    %load/v 232, v0x22e3130_0, 32;
    %load/v 264, v0x22fb3b0_0, 32;
    %cmp/u 232, 264, 32;
    %jmp/0xz  T_1.2, 5;
    %set/v v0x22fb450_0, 1, 1;
    %jmp T_1.3;
T_1.2 ;
    %set/v v0x22fb450_0, 0, 1;
T_1.3 ;
T_1.0 ;
    %load/v 232, v0x22fb680_0, 1;
    %mov 233, 0, 2;
    %cmpi/u 232, 1, 3;
    %jmp/0xz  T_1.4, 4;
    %load/v 232, v0x22e3130_0, 32;
    %load/v 264, v0x22fb3b0_0, 32;
    %cmp/s 232, 264, 32;
    %jmp/0xz  T_1.6, 5;
    %set/v v0x22fb450_0, 1, 1;
    %jmp T_1.7;
T_1.6 ;
    %set/v v0x22fb450_0, 0, 1;
T_1.7 ;
T_1.4 ;
    %jmp T_1;
    .thread T_1, $push;
# The file index is used to find the file name in the following table.
:file_names 3;
    "N/A";
    "<interactive>";
    "Alu.v";
