Analysis & Synthesis report for Top
Thu May 22 18:02:40 2014
Quartus II 32-bit Version 13.1.0 Build 162 10/23/2013 SJ Web Edition


---------------------
; Table of Contents ;
---------------------
  1. Legal Notice
  2. Analysis & Synthesis Summary
  3. Analysis & Synthesis Settings
  4. Parallel Compilation
  5. Analysis & Synthesis Source Files Read
  6. Analysis & Synthesis Resource Usage Summary
  7. Analysis & Synthesis Resource Utilization by Entity
  8. Registers Removed During Synthesis
  9. Removed Registers Triggering Further Register Optimizations
 10. General Register Statistics
 11. Port Connectivity Checks: "OutConverter:H7"
 12. Port Connectivity Checks: "OutConverter:H6"
 13. Port Connectivity Checks: "OutConverter:H5"
 14. Port Connectivity Checks: "OutConverter:H4"
 15. Port Connectivity Checks: "OutConverter:H3"
 16. Port Connectivity Checks: "OutConverter:H2"
 17. Port Connectivity Checks: "OutConverter:H1"
 18. Port Connectivity Checks: "OutConverter:H0"
 19. Port Connectivity Checks: "MemControler:DE2_MControle"
 20. Elapsed Time Per Partition
 21. Analysis & Synthesis Messages



----------------
; Legal Notice ;
----------------
Copyright (C) 1991-2013 Altera Corporation
Your use of Altera Corporation's design tools, logic functions 
and other software and tools, and its AMPP partner logic 
functions, and any output files from any of the foregoing 
(including device programming or simulation files), and any 
associated documentation or information are expressly subject 
to the terms and conditions of the Altera Program License 
Subscription Agreement, Altera MegaCore Function License 
Agreement, or other applicable license agreement, including, 
without limitation, that your use is for the sole purpose of 
programming logic devices manufactured by Altera and sold by 
Altera or its authorized distributors.  Please refer to the 
applicable agreement for further details.



+---------------------------------------------------------------------------------+
; Analysis & Synthesis Summary                                                    ;
+------------------------------------+--------------------------------------------+
; Analysis & Synthesis Status        ; Successful - Thu May 22 18:02:40 2014      ;
; Quartus II 32-bit Version          ; 13.1.0 Build 162 10/23/2013 SJ Web Edition ;
; Revision Name                      ; Top                                        ;
; Top-level Entity Name              ; Top                                        ;
; Family                             ; Cyclone IV E                               ;
; Total logic elements               ; 20                                         ;
;     Total combinational functions  ; 18                                         ;
;     Dedicated logic registers      ; 3                                          ;
; Total registers                    ; 3                                          ;
; Total pins                         ; 109                                        ;
; Total virtual pins                 ; 0                                          ;
; Total memory bits                  ; 0                                          ;
; Embedded Multiplier 9-bit elements ; 0                                          ;
; Total PLLs                         ; 0                                          ;
+------------------------------------+--------------------------------------------+


+----------------------------------------------------------------------------------------------------------------------+
; Analysis & Synthesis Settings                                                                                        ;
+----------------------------------------------------------------------------+--------------------+--------------------+
; Option                                                                     ; Setting            ; Default Value      ;
+----------------------------------------------------------------------------+--------------------+--------------------+
; Device                                                                     ; EP4CE115F29C7      ;                    ;
; Top-level entity name                                                      ; Top                ; Top                ;
; Family name                                                                ; Cyclone IV E       ; Cyclone IV GX      ;
; Use smart compilation                                                      ; Off                ; Off                ;
; Enable parallel Assembler and TimeQuest Timing Analyzer during compilation ; On                 ; On                 ;
; Enable compact report table                                                ; Off                ; Off                ;
; Restructure Multiplexers                                                   ; Auto               ; Auto               ;
; Create Debugging Nodes for IP Cores                                        ; Off                ; Off                ;
; Preserve fewer node names                                                  ; On                 ; On                 ;
; Disable OpenCore Plus hardware evaluation                                  ; Off                ; Off                ;
; Verilog Version                                                            ; Verilog_2001       ; Verilog_2001       ;
; VHDL Version                                                               ; VHDL_1993          ; VHDL_1993          ;
; State Machine Processing                                                   ; Auto               ; Auto               ;
; Safe State Machine                                                         ; Off                ; Off                ;
; Extract Verilog State Machines                                             ; On                 ; On                 ;
; Extract VHDL State Machines                                                ; On                 ; On                 ;
; Ignore Verilog initial constructs                                          ; Off                ; Off                ;
; Iteration limit for constant Verilog loops                                 ; 5000               ; 5000               ;
; Iteration limit for non-constant Verilog loops                             ; 250                ; 250                ;
; Add Pass-Through Logic to Inferred RAMs                                    ; On                 ; On                 ;
; Infer RAMs from Raw Logic                                                  ; On                 ; On                 ;
; Parallel Synthesis                                                         ; On                 ; On                 ;
; DSP Block Balancing                                                        ; Auto               ; Auto               ;
; NOT Gate Push-Back                                                         ; On                 ; On                 ;
; Power-Up Don't Care                                                        ; On                 ; On                 ;
; Remove Redundant Logic Cells                                               ; Off                ; Off                ;
; Remove Duplicate Registers                                                 ; On                 ; On                 ;
; Ignore CARRY Buffers                                                       ; Off                ; Off                ;
; Ignore CASCADE Buffers                                                     ; Off                ; Off                ;
; Ignore GLOBAL Buffers                                                      ; Off                ; Off                ;
; Ignore ROW GLOBAL Buffers                                                  ; Off                ; Off                ;
; Ignore LCELL Buffers                                                       ; Off                ; Off                ;
; Ignore SOFT Buffers                                                        ; On                 ; On                 ;
; Limit AHDL Integers to 32 Bits                                             ; Off                ; Off                ;
; Optimization Technique                                                     ; Balanced           ; Balanced           ;
; Carry Chain Length                                                         ; 70                 ; 70                 ;
; Auto Carry Chains                                                          ; On                 ; On                 ;
; Auto Open-Drain Pins                                                       ; On                 ; On                 ;
; Perform WYSIWYG Primitive Resynthesis                                      ; Off                ; Off                ;
; Auto ROM Replacement                                                       ; On                 ; On                 ;
; Auto RAM Replacement                                                       ; On                 ; On                 ;
; Auto DSP Block Replacement                                                 ; On                 ; On                 ;
; Auto Shift Register Replacement                                            ; Auto               ; Auto               ;
; Allow Shift Register Merging across Hierarchies                            ; Auto               ; Auto               ;
; Auto Clock Enable Replacement                                              ; On                 ; On                 ;
; Strict RAM Replacement                                                     ; Off                ; Off                ;
; Allow Synchronous Control Signals                                          ; On                 ; On                 ;
; Force Use of Synchronous Clear Signals                                     ; Off                ; Off                ;
; Auto RAM Block Balancing                                                   ; On                 ; On                 ;
; Auto RAM to Logic Cell Conversion                                          ; Off                ; Off                ;
; Auto Resource Sharing                                                      ; Off                ; Off                ;
; Allow Any RAM Size For Recognition                                         ; Off                ; Off                ;
; Allow Any ROM Size For Recognition                                         ; Off                ; Off                ;
; Allow Any Shift Register Size For Recognition                              ; Off                ; Off                ;
; Use LogicLock Constraints during Resource Balancing                        ; On                 ; On                 ;
; Ignore translate_off and synthesis_off directives                          ; Off                ; Off                ;
; Timing-Driven Synthesis                                                    ; On                 ; On                 ;
; Report Parameter Settings                                                  ; On                 ; On                 ;
; Report Source Assignments                                                  ; On                 ; On                 ;
; Report Connectivity Checks                                                 ; On                 ; On                 ;
; Ignore Maximum Fan-Out Assignments                                         ; Off                ; Off                ;
; Synchronization Register Chain Length                                      ; 2                  ; 2                  ;
; PowerPlay Power Optimization                                               ; Normal compilation ; Normal compilation ;
; HDL message level                                                          ; Level2             ; Level2             ;
; Suppress Register Optimization Related Messages                            ; Off                ; Off                ;
; Number of Removed Registers Reported in Synthesis Report                   ; 5000               ; 5000               ;
; Number of Swept Nodes Reported in Synthesis Report                         ; 5000               ; 5000               ;
; Number of Inverted Registers Reported in Synthesis Report                  ; 100                ; 100                ;
; Clock MUX Protection                                                       ; On                 ; On                 ;
; Auto Gated Clock Conversion                                                ; Off                ; Off                ;
; Block Design Naming                                                        ; Auto               ; Auto               ;
; SDC constraint protection                                                  ; Off                ; Off                ;
; Synthesis Effort                                                           ; Auto               ; Auto               ;
; Shift Register Replacement - Allow Asynchronous Clear Signal               ; On                 ; On                 ;
; Pre-Mapping Resynthesis Optimization                                       ; Off                ; Off                ;
; Analysis & Synthesis Message Level                                         ; Medium             ; Medium             ;
; Disable Register Merging Across Hierarchies                                ; Auto               ; Auto               ;
; Resource Aware Inference For Block RAM                                     ; On                 ; On                 ;
; Synthesis Seed                                                             ; 1                  ; 1                  ;
+----------------------------------------------------------------------------+--------------------+--------------------+


Parallel compilation was disabled, but you have multiple processors available. Enable parallel compilation to reduce compilation time.
+-------------------------------------+
; Parallel Compilation                ;
+----------------------------+--------+
; Processors                 ; Number ;
+----------------------------+--------+
; Number detected on machine ; 2      ;
; Maximum allowed            ; 1      ;
+----------------------------+--------+


+-----------------------------------------------------------------------------------------------------------------------+
; Analysis & Synthesis Source Files Read                                                                                ;
+----------------------------------+-----------------+------------------------+-------------------------------+---------+
; File Name with User-Entered Path ; Used in Netlist ; File Type              ; File Name with Absolute Path  ; Library ;
+----------------------------------+-----------------+------------------------+-------------------------------+---------+
; Top.v                            ; yes             ; User Verilog HDL File  ; D:/Entrevista2/Top.v          ;         ;
; OutConverter.v                   ; yes             ; User Verilog HDL File  ; D:/Entrevista2/OutConverter.v ;         ;
; MemControler.v                   ; yes             ; User Verilog HDL File  ; D:/Entrevista2/MemControler.v ;         ;
+----------------------------------+-----------------+------------------------+-------------------------------+---------+


+----------------------------------------------------------------------------------+
; Analysis & Synthesis Resource Usage Summary                                      ;
+---------------------------------------------+------------------------------------+
; Resource                                    ; Usage                              ;
+---------------------------------------------+------------------------------------+
; Estimated Total logic elements              ; 20                                 ;
;                                             ;                                    ;
; Total combinational functions               ; 18                                 ;
; Logic element usage by number of LUT inputs ;                                    ;
;     -- 4 input functions                    ; 0                                  ;
;     -- 3 input functions                    ; 15                                 ;
;     -- <=2 input functions                  ; 3                                  ;
;                                             ;                                    ;
; Logic elements by mode                      ;                                    ;
;     -- normal mode                          ; 18                                 ;
;     -- arithmetic mode                      ; 0                                  ;
;                                             ;                                    ;
; Total registers                             ; 3                                  ;
;     -- Dedicated logic registers            ; 3                                  ;
;     -- I/O registers                        ; 0                                  ;
;                                             ;                                    ;
; I/O pins                                    ; 109                                ;
; Embedded Multiplier 9-bit elements          ; 0                                  ;
; Maximum fan-out node                        ; MemControler:DE2_MControle|counter ;
; Maximum fan-out                             ; 20                                 ;
; Total fan-out                               ; 194                                ;
; Average fan-out                             ; 0.81                               ;
+---------------------------------------------+------------------------------------+


+----------------------------------------------------------------------------------------------------------------------------------------------------------------------------------------------+
; Analysis & Synthesis Resource Utilization by Entity                                                                                                                                          ;
+---------------------------------+-------------------+--------------+-------------+--------------+---------+-----------+------+--------------+---------------------------------+--------------+
; Compilation Hierarchy Node      ; LC Combinationals ; LC Registers ; Memory Bits ; DSP Elements ; DSP 9x9 ; DSP 18x18 ; Pins ; Virtual Pins ; Full Hierarchy Name             ; Library Name ;
+---------------------------------+-------------------+--------------+-------------+--------------+---------+-----------+------+--------------+---------------------------------+--------------+
; |Top                            ; 18 (0)            ; 3 (0)        ; 0           ; 0            ; 0       ; 0         ; 109  ; 0            ; |Top                            ; work         ;
;    |MemControler:DE2_MControle| ; 18 (18)           ; 3 (3)        ; 0           ; 0            ; 0       ; 0         ; 0    ; 0            ; |Top|MemControler:DE2_MControle ; work         ;
+---------------------------------+-------------------+--------------+-------------+--------------+---------+-----------+------+--------------+---------------------------------+--------------+
Note: For table entries with two numbers listed, the numbers in parentheses indicate the number of resources of the given type used by the specific entity alone. The numbers listed outside of parentheses indicate the total resources of the given type used by the specific entity and all of its sub-entities in the hierarchy.


+----------------------------------------------------------------------------------------------------------+
; Registers Removed During Synthesis                                                                       ;
+-----------------------------------------------------+----------------------------------------------------+
; Register name                                       ; Reason for Removal                                 ;
+-----------------------------------------------------+----------------------------------------------------+
; MemControler:DE2_MControle|mem_data[0..31]          ; Lost fanout                                        ;
; MemControler:DE2_MControle|ram_data[1..15]          ; Merged with MemControler:DE2_MControle|ram_data[0] ;
; MemControler:DE2_MControle|ram_data[0]              ; Stuck at GND due to stuck port data_in             ;
; MemControler:DE2_MControle|mc_if_data[1..15,17..31] ; Stuck at GND due to stuck port data_in             ;
; Total Number of Removed Registers = 78              ;                                                    ;
+-----------------------------------------------------+----------------------------------------------------+


+----------------------------------------------------------------------------------------------------------------------------------------------------------+
; Removed Registers Triggering Further Register Optimizations                                                                                              ;
+----------------------------------------+---------------------------+-------------------------------------------------------------------------------------+
; Register name                          ; Reason for Removal        ; Registers Removed due to This Register                                              ;
+----------------------------------------+---------------------------+-------------------------------------------------------------------------------------+
; MemControler:DE2_MControle|ram_data[0] ; Stuck at GND              ; MemControler:DE2_MControle|mc_if_data[1], MemControler:DE2_MControle|mc_if_data[2], ;
;                                        ; due to stuck port data_in ; MemControler:DE2_MControle|mc_if_data[3], MemControler:DE2_MControle|mc_if_data[4], ;
;                                        ;                           ; MemControler:DE2_MControle|mc_if_data[5], MemControler:DE2_MControle|mc_if_data[6], ;
;                                        ;                           ; MemControler:DE2_MControle|mc_if_data[7], MemControler:DE2_MControle|mc_if_data[8], ;
;                                        ;                           ; MemControler:DE2_MControle|mc_if_data[9],                                           ;
;                                        ;                           ; MemControler:DE2_MControle|mc_if_data[10],                                          ;
;                                        ;                           ; MemControler:DE2_MControle|mc_if_data[11],                                          ;
;                                        ;                           ; MemControler:DE2_MControle|mc_if_data[12],                                          ;
;                                        ;                           ; MemControler:DE2_MControle|mc_if_data[13],                                          ;
;                                        ;                           ; MemControler:DE2_MControle|mc_if_data[14],                                          ;
;                                        ;                           ; MemControler:DE2_MControle|mc_if_data[15],                                          ;
;                                        ;                           ; MemControler:DE2_MControle|mc_if_data[17],                                          ;
;                                        ;                           ; MemControler:DE2_MControle|mc_if_data[18],                                          ;
;                                        ;                           ; MemControler:DE2_MControle|mc_if_data[19],                                          ;
;                                        ;                           ; MemControler:DE2_MControle|mc_if_data[20],                                          ;
;                                        ;                           ; MemControler:DE2_MControle|mc_if_data[21],                                          ;
;                                        ;                           ; MemControler:DE2_MControle|mc_if_data[22],                                          ;
;                                        ;                           ; MemControler:DE2_MControle|mc_if_data[23],                                          ;
;                                        ;                           ; MemControler:DE2_MControle|mc_if_data[24],                                          ;
;                                        ;                           ; MemControler:DE2_MControle|mc_if_data[25],                                          ;
;                                        ;                           ; MemControler:DE2_MControle|mc_if_data[26],                                          ;
;                                        ;                           ; MemControler:DE2_MControle|mc_if_data[27],                                          ;
;                                        ;                           ; MemControler:DE2_MControle|mc_if_data[28],                                          ;
;                                        ;                           ; MemControler:DE2_MControle|mc_if_data[29],                                          ;
;                                        ;                           ; MemControler:DE2_MControle|mc_if_data[30],                                          ;
;                                        ;                           ; MemControler:DE2_MControle|mc_if_data[31]                                           ;
+----------------------------------------+---------------------------+-------------------------------------------------------------------------------------+


+------------------------------------------------------+
; General Register Statistics                          ;
+----------------------------------------------+-------+
; Statistic                                    ; Value ;
+----------------------------------------------+-------+
; Total registers                              ; 3     ;
; Number of registers using Synchronous Clear  ; 0     ;
; Number of registers using Synchronous Load   ; 0     ;
; Number of registers using Asynchronous Clear ; 2     ;
; Number of registers using Asynchronous Load  ; 0     ;
; Number of registers using Clock Enable       ; 2     ;
; Number of registers using Preset             ; 0     ;
+----------------------------------------------+-------+


+--------------------------------------------------------------------------------------------------------------------------------------------------------------------------------------------------+
; Port Connectivity Checks: "OutConverter:H7"                                                                                                                                                      ;
+------+--------+----------+-----------------------------------------------------------------------------------------------------------------------------------------------------------------------+
; Port ; Type   ; Severity ; Details                                                                                                                                                               ;
+------+--------+----------+-----------------------------------------------------------------------------------------------------------------------------------------------------------------------+
; dhex ; Output ; Warning  ; Output or bidir port (7 bits) is smaller than the port expression (8 bits) it drives.  The 1 most-significant bit(s) in the port expression will be connected to GND. ;
+------+--------+----------+-----------------------------------------------------------------------------------------------------------------------------------------------------------------------+


+--------------------------------------------------------------------------------------------------------------------------------------------------------------------------------------------------+
; Port Connectivity Checks: "OutConverter:H6"                                                                                                                                                      ;
+------+--------+----------+-----------------------------------------------------------------------------------------------------------------------------------------------------------------------+
; Port ; Type   ; Severity ; Details                                                                                                                                                               ;
+------+--------+----------+-----------------------------------------------------------------------------------------------------------------------------------------------------------------------+
; dhex ; Output ; Warning  ; Output or bidir port (7 bits) is smaller than the port expression (8 bits) it drives.  The 1 most-significant bit(s) in the port expression will be connected to GND. ;
+------+--------+----------+-----------------------------------------------------------------------------------------------------------------------------------------------------------------------+


+--------------------------------------------------------------------------------------------------------------------------------------------------------------------------------------------------+
; Port Connectivity Checks: "OutConverter:H5"                                                                                                                                                      ;
+------+--------+----------+-----------------------------------------------------------------------------------------------------------------------------------------------------------------------+
; Port ; Type   ; Severity ; Details                                                                                                                                                               ;
+------+--------+----------+-----------------------------------------------------------------------------------------------------------------------------------------------------------------------+
; dhex ; Output ; Warning  ; Output or bidir port (7 bits) is smaller than the port expression (8 bits) it drives.  The 1 most-significant bit(s) in the port expression will be connected to GND. ;
+------+--------+----------+-----------------------------------------------------------------------------------------------------------------------------------------------------------------------+


+--------------------------------------------------------------------------------------------------------------------------------------------------------------------------------------------------+
; Port Connectivity Checks: "OutConverter:H4"                                                                                                                                                      ;
+------+--------+----------+-----------------------------------------------------------------------------------------------------------------------------------------------------------------------+
; Port ; Type   ; Severity ; Details                                                                                                                                                               ;
+------+--------+----------+-----------------------------------------------------------------------------------------------------------------------------------------------------------------------+
; dhex ; Output ; Warning  ; Output or bidir port (7 bits) is smaller than the port expression (8 bits) it drives.  The 1 most-significant bit(s) in the port expression will be connected to GND. ;
+------+--------+----------+-----------------------------------------------------------------------------------------------------------------------------------------------------------------------+


+--------------------------------------------------------------------------------------------------------------------------------------------------------------------------------------------------+
; Port Connectivity Checks: "OutConverter:H3"                                                                                                                                                      ;
+------+--------+----------+-----------------------------------------------------------------------------------------------------------------------------------------------------------------------+
; Port ; Type   ; Severity ; Details                                                                                                                                                               ;
+------+--------+----------+-----------------------------------------------------------------------------------------------------------------------------------------------------------------------+
; dhex ; Output ; Warning  ; Output or bidir port (7 bits) is smaller than the port expression (8 bits) it drives.  The 1 most-significant bit(s) in the port expression will be connected to GND. ;
+------+--------+----------+-----------------------------------------------------------------------------------------------------------------------------------------------------------------------+


+--------------------------------------------------------------------------------------------------------------------------------------------------------------------------------------------------+
; Port Connectivity Checks: "OutConverter:H2"                                                                                                                                                      ;
+------+--------+----------+-----------------------------------------------------------------------------------------------------------------------------------------------------------------------+
; Port ; Type   ; Severity ; Details                                                                                                                                                               ;
+------+--------+----------+-----------------------------------------------------------------------------------------------------------------------------------------------------------------------+
; dhex ; Output ; Warning  ; Output or bidir port (7 bits) is smaller than the port expression (8 bits) it drives.  The 1 most-significant bit(s) in the port expression will be connected to GND. ;
+------+--------+----------+-----------------------------------------------------------------------------------------------------------------------------------------------------------------------+


+--------------------------------------------------------------------------------------------------------------------------------------------------------------------------------------------------+
; Port Connectivity Checks: "OutConverter:H1"                                                                                                                                                      ;
+------+--------+----------+-----------------------------------------------------------------------------------------------------------------------------------------------------------------------+
; Port ; Type   ; Severity ; Details                                                                                                                                                               ;
+------+--------+----------+-----------------------------------------------------------------------------------------------------------------------------------------------------------------------+
; dhex ; Output ; Warning  ; Output or bidir port (7 bits) is smaller than the port expression (8 bits) it drives.  The 1 most-significant bit(s) in the port expression will be connected to GND. ;
+------+--------+----------+-----------------------------------------------------------------------------------------------------------------------------------------------------------------------+


+--------------------------------------------------------------------------------------------------------------------------------------------------------------------------------------------------+
; Port Connectivity Checks: "OutConverter:H0"                                                                                                                                                      ;
+------+--------+----------+-----------------------------------------------------------------------------------------------------------------------------------------------------------------------+
; Port ; Type   ; Severity ; Details                                                                                                                                                               ;
+------+--------+----------+-----------------------------------------------------------------------------------------------------------------------------------------------------------------------+
; dhex ; Output ; Warning  ; Output or bidir port (7 bits) is smaller than the port expression (8 bits) it drives.  The 1 most-significant bit(s) in the port expression will be connected to GND. ;
+------+--------+----------+-----------------------------------------------------------------------------------------------------------------------------------------------------------------------+


+----------------------------------------------------------------------------------------------------------------------------------------------------------------------------------------------+
; Port Connectivity Checks: "MemControler:DE2_MControle"                                                                                                                                       ;
+------------------+--------+----------+-------------------------------------------------------------------------------------------------------------------------------------------------------+
; Port             ; Type   ; Severity ; Details                                                                                                                                               ;
+------------------+--------+----------+-------------------------------------------------------------------------------------------------------------------------------------------------------+
; if_mc_en         ; Input  ; Info     ; Stuck at VCC                                                                                                                                          ;
; if_mc_addr[1..0] ; Input  ; Info     ; Stuck at GND                                                                                                                                          ;
; mem_mc_rw        ; Input  ; Info     ; Stuck at GND                                                                                                                                          ;
; mem_mc_en        ; Input  ; Info     ; Stuck at GND                                                                                                                                          ;
; mem_mc_addr      ; Input  ; Warning  ; Input port expression (1 bits) is smaller than the input port (18 bits) it drives.  Extra input bit(s) "mem_mc_addr[17..1]" will be connected to GND. ;
; mem_mc_addr      ; Input  ; Info     ; Stuck at GND                                                                                                                                          ;
; mem_mc_data      ; Bidir  ; Warning  ; Output or bidir port (32 bits) is wider than the port expression (1 bits) it drives; bit(s) "mem_mc_data[31..1]" have no fanouts                      ;
; mem_mc_data      ; Bidir  ; Warning  ; Connected to dangling logic. Logic that only feeds a dangling port will be removed.                                                                   ;
; mc_ram_wre       ; Output ; Info     ; Connected to dangling logic. Logic that only feeds a dangling port will be removed.                                                                   ;
; mc_ram_data      ; Bidir  ; Warning  ; Output or bidir port (16 bits) is wider than the port expression (1 bits) it drives; bit(s) "mc_ram_data[15..1]" have no fanouts                      ;
+------------------+--------+----------+-------------------------------------------------------------------------------------------------------------------------------------------------------+


+-------------------------------+
; Elapsed Time Per Partition    ;
+----------------+--------------+
; Partition Name ; Elapsed Time ;
+----------------+--------------+
; Top            ; 00:00:01     ;
+----------------+--------------+


+-------------------------------+
; Analysis & Synthesis Messages ;
+-------------------------------+
Info: *******************************************************************
Info: Running Quartus II 32-bit Analysis & Synthesis
    Info: Version 13.1.0 Build 162 10/23/2013 SJ Web Edition
    Info: Processing started: Thu May 22 18:02:34 2014
Info: Command: quartus_map --read_settings_files=on --write_settings_files=off Entrevista2 -c Top
Warning (20028): Parallel compilation is not licensed and has been disabled
Info (12021): Found 1 design units, including 1 entities, in source file top.v
    Info (12023): Found entity 1: Top
Info (12021): Found 1 design units, including 1 entities, in source file outconverter.v
    Info (12023): Found entity 1: OutConverter
Info (12021): Found 1 design units, including 1 entities, in source file memcontroler.v
    Info (12023): Found entity 1: MemControler
Info (12127): Elaborating entity "Top" for the top level hierarchy
Info (12128): Elaborating entity "MemControler" for hierarchy "MemControler:DE2_MControle"
Warning (10230): Verilog HDL assignment warning at MemControler.v(31): truncated value with size 32 to match size of target (18)
Info (12128): Elaborating entity "OutConverter" for hierarchy "OutConverter:H0"
Warning (12069): Ignored assignment(s) for "SRAM_DQ[0]" because "SRAM_DQ" is not a bus or array
Warning (12069): Ignored assignment(s) for "SRAM_DQ[1]" because "SRAM_DQ" is not a bus or array
Warning (12069): Ignored assignment(s) for "SRAM_DQ[2]" because "SRAM_DQ" is not a bus or array
Warning (12069): Ignored assignment(s) for "SRAM_DQ[3]" because "SRAM_DQ" is not a bus or array
Warning (12069): Ignored assignment(s) for "SRAM_DQ[4]" because "SRAM_DQ" is not a bus or array
Warning (12069): Ignored assignment(s) for "SRAM_DQ[5]" because "SRAM_DQ" is not a bus or array
Warning (12069): Ignored assignment(s) for "SRAM_DQ[6]" because "SRAM_DQ" is not a bus or array
Warning (12069): Ignored assignment(s) for "SRAM_DQ[7]" because "SRAM_DQ" is not a bus or array
Warning (12069): Ignored assignment(s) for "SRAM_DQ[8]" because "SRAM_DQ" is not a bus or array
Warning (12069): Ignored assignment(s) for "SRAM_DQ[9]" because "SRAM_DQ" is not a bus or array
Warning (12069): Ignored assignment(s) for "SRAM_DQ[10]" because "SRAM_DQ" is not a bus or array
Warning (12069): Ignored assignment(s) for "SRAM_DQ[11]" because "SRAM_DQ" is not a bus or array
Warning (12069): Ignored assignment(s) for "SRAM_DQ[12]" because "SRAM_DQ" is not a bus or array
Warning (12069): Ignored assignment(s) for "SRAM_DQ[13]" because "SRAM_DQ" is not a bus or array
Warning (12069): Ignored assignment(s) for "SRAM_DQ[14]" because "SRAM_DQ" is not a bus or array
Warning (12069): Ignored assignment(s) for "SRAM_DQ[15]" because "SRAM_DQ" is not a bus or array
Warning (12241): 9 hierarchies have connectivity warnings - see the Connectivity Checks report folder
Warning (13032): The following tri-state nodes are fed by constants
    Warning (13033): The node "MemControler:DE2_MControle|mc_if_data[17]" is fed by GND
    Warning (13033): The node "MemControler:DE2_MControle|mc_if_data[18]" is fed by GND
    Warning (13033): The node "MemControler:DE2_MControle|mc_if_data[19]" is fed by GND
    Warning (13033): The node "MemControler:DE2_MControle|mc_if_data[20]" is fed by GND
    Warning (13033): The node "MemControler:DE2_MControle|mc_if_data[21]" is fed by GND
    Warning (13033): The node "MemControler:DE2_MControle|mc_if_data[22]" is fed by GND
    Warning (13033): The node "MemControler:DE2_MControle|mc_if_data[23]" is fed by GND
    Warning (13033): The node "MemControler:DE2_MControle|mc_if_data[24]" is fed by GND
    Warning (13033): The node "MemControler:DE2_MControle|mc_if_data[25]" is fed by GND
    Warning (13033): The node "MemControler:DE2_MControle|mc_if_data[26]" is fed by GND
    Warning (13033): The node "MemControler:DE2_MControle|mc_if_data[27]" is fed by GND
    Warning (13033): The node "MemControler:DE2_MControle|mc_if_data[28]" is fed by GND
    Warning (13033): The node "MemControler:DE2_MControle|mc_if_data[29]" is fed by GND
    Warning (13033): The node "MemControler:DE2_MControle|mc_if_data[30]" is fed by GND
    Warning (13033): The node "MemControler:DE2_MControle|mc_if_data[31]" is fed by GND
Warning (13050): Open-drain buffer(s) that do not directly drive top-level pin(s) are removed
    Warning (13051): Converted the fanout from the open-drain buffer "MemControler:DE2_MControle|mc_ram_data[0]" to the node "MemControler:DE2_MControle|mc_if_data[16]" into a wire
Warning (13050): Open-drain buffer(s) that do not directly drive top-level pin(s) are removed
    Warning (13051): Converted the fanout from the open-drain buffer "MemControler:DE2_MControle|mc_ram_data[1]" to the node "MemControler:DE2_MControle|mc_if_data[17]" into a wire
    Warning (13051): Converted the fanout from the open-drain buffer "MemControler:DE2_MControle|mc_ram_data[2]" to the node "MemControler:DE2_MControle|mc_if_data[18]" into a wire
    Warning (13051): Converted the fanout from the open-drain buffer "MemControler:DE2_MControle|mc_ram_data[3]" to the node "MemControler:DE2_MControle|mc_if_data[19]" into a wire
    Warning (13051): Converted the fanout from the open-drain buffer "MemControler:DE2_MControle|mc_ram_data[4]" to the node "MemControler:DE2_MControle|mc_if_data[20]" into a wire
    Warning (13051): Converted the fanout from the open-drain buffer "MemControler:DE2_MControle|mc_ram_data[5]" to the node "MemControler:DE2_MControle|mc_if_data[21]" into a wire
    Warning (13051): Converted the fanout from the open-drain buffer "MemControler:DE2_MControle|mc_ram_data[6]" to the node "MemControler:DE2_MControle|mc_if_data[22]" into a wire
    Warning (13051): Converted the fanout from the open-drain buffer "MemControler:DE2_MControle|mc_ram_data[7]" to the node "MemControler:DE2_MControle|mc_if_data[23]" into a wire
    Warning (13051): Converted the fanout from the open-drain buffer "MemControler:DE2_MControle|mc_ram_data[8]" to the node "MemControler:DE2_MControle|mc_if_data[24]" into a wire
    Warning (13051): Converted the fanout from the open-drain buffer "MemControler:DE2_MControle|mc_ram_data[9]" to the node "MemControler:DE2_MControle|mc_if_data[25]" into a wire
    Warning (13051): Converted the fanout from the open-drain buffer "MemControler:DE2_MControle|mc_ram_data[10]" to the node "MemControler:DE2_MControle|mc_if_data[26]" into a wire
    Warning (13051): Converted the fanout from the open-drain buffer "MemControler:DE2_MControle|mc_ram_data[11]" to the node "MemControler:DE2_MControle|mc_if_data[27]" into a wire
    Warning (13051): Converted the fanout from the open-drain buffer "MemControler:DE2_MControle|mc_ram_data[12]" to the node "MemControler:DE2_MControle|mc_if_data[28]" into a wire
    Warning (13051): Converted the fanout from the open-drain buffer "MemControler:DE2_MControle|mc_ram_data[13]" to the node "MemControler:DE2_MControle|mc_if_data[29]" into a wire
    Warning (13051): Converted the fanout from the open-drain buffer "MemControler:DE2_MControle|mc_ram_data[14]" to the node "MemControler:DE2_MControle|mc_if_data[30]" into a wire
    Warning (13051): Converted the fanout from the open-drain buffer "MemControler:DE2_MControle|mc_ram_data[15]" to the node "MemControler:DE2_MControle|mc_if_data[31]" into a wire
Warning (13024): Output pins are stuck at VCC or GND
    Warning (13410): Pin "SRAM_ADDR[17]" is stuck at GND
    Warning (13410): Pin "SRAM_ADDR[18]" is stuck at GND
    Warning (13410): Pin "SRAM_ADDR[19]" is stuck at GND
    Warning (13410): Pin "HEX0[1]" is stuck at GND
    Warning (13410): Pin "HEX0[2]" is stuck at GND
    Warning (13410): Pin "HEX0[6]" is stuck at VCC
    Warning (13410): Pin "HEX0[7]" is stuck at GND
    Warning (13410): Pin "HEX1[0]" is stuck at GND
    Warning (13410): Pin "HEX1[1]" is stuck at GND
    Warning (13410): Pin "HEX1[2]" is stuck at GND
    Warning (13410): Pin "HEX1[3]" is stuck at GND
    Warning (13410): Pin "HEX1[4]" is stuck at GND
    Warning (13410): Pin "HEX1[5]" is stuck at GND
    Warning (13410): Pin "HEX1[6]" is stuck at VCC
    Warning (13410): Pin "HEX1[7]" is stuck at GND
    Warning (13410): Pin "HEX2[0]" is stuck at GND
    Warning (13410): Pin "HEX2[1]" is stuck at GND
    Warning (13410): Pin "HEX2[2]" is stuck at GND
    Warning (13410): Pin "HEX2[3]" is stuck at GND
    Warning (13410): Pin "HEX2[4]" is stuck at GND
    Warning (13410): Pin "HEX2[5]" is stuck at GND
    Warning (13410): Pin "HEX2[6]" is stuck at VCC
    Warning (13410): Pin "HEX2[7]" is stuck at GND
    Warning (13410): Pin "HEX3[0]" is stuck at GND
    Warning (13410): Pin "HEX3[1]" is stuck at GND
    Warning (13410): Pin "HEX3[2]" is stuck at GND
    Warning (13410): Pin "HEX3[3]" is stuck at GND
    Warning (13410): Pin "HEX3[4]" is stuck at GND
    Warning (13410): Pin "HEX3[5]" is stuck at GND
    Warning (13410): Pin "HEX3[6]" is stuck at VCC
    Warning (13410): Pin "HEX3[7]" is stuck at GND
    Warning (13410): Pin "HEX4[1]" is stuck at GND
    Warning (13410): Pin "HEX4[2]" is stuck at GND
    Warning (13410): Pin "HEX4[6]" is stuck at VCC
    Warning (13410): Pin "HEX4[7]" is stuck at GND
    Warning (13410): Pin "HEX5[0]" is stuck at GND
    Warning (13410): Pin "HEX5[1]" is stuck at GND
    Warning (13410): Pin "HEX5[2]" is stuck at GND
    Warning (13410): Pin "HEX5[3]" is stuck at GND
    Warning (13410): Pin "HEX5[4]" is stuck at GND
    Warning (13410): Pin "HEX5[5]" is stuck at GND
    Warning (13410): Pin "HEX5[6]" is stuck at VCC
    Warning (13410): Pin "HEX5[7]" is stuck at GND
    Warning (13410): Pin "HEX6[0]" is stuck at GND
    Warning (13410): Pin "HEX6[1]" is stuck at GND
    Warning (13410): Pin "HEX6[2]" is stuck at GND
    Warning (13410): Pin "HEX6[3]" is stuck at GND
    Warning (13410): Pin "HEX6[4]" is stuck at GND
    Warning (13410): Pin "HEX6[5]" is stuck at GND
    Warning (13410): Pin "HEX6[6]" is stuck at VCC
    Warning (13410): Pin "HEX6[7]" is stuck at GND
    Warning (13410): Pin "HEX7[0]" is stuck at GND
    Warning (13410): Pin "HEX7[1]" is stuck at GND
    Warning (13410): Pin "HEX7[2]" is stuck at GND
    Warning (13410): Pin "HEX7[3]" is stuck at GND
    Warning (13410): Pin "HEX7[4]" is stuck at GND
    Warning (13410): Pin "HEX7[5]" is stuck at GND
    Warning (13410): Pin "HEX7[6]" is stuck at VCC
    Warning (13410): Pin "HEX7[7]" is stuck at GND
    Warning (13410): Pin "SRAM_OE_N" is stuck at GND
    Warning (13410): Pin "SRAM_UB_N" is stuck at GND
    Warning (13410): Pin "SRAM_LB_N" is stuck at GND
    Warning (13410): Pin "SRAM_CE_N" is stuck at GND
Info (286030): Timing-Driven Synthesis is running
Info (17049): 32 registers lost all their fanouts during netlist optimizations.
Info (16010): Generating hard_block partition "hard_block:auto_generated_inst"
    Info (16011): Adding 0 node(s), including 0 DDIO, 0 PLL, 0 transceiver and 0 LCELL
Warning (21074): Design contains 2 input pin(s) that do not drive logic
    Warning (15610): No output dependent on input pin "SW[16]"
    Warning (15610): No output dependent on input pin "SRAM_WE_N"
Info (21057): Implemented 129 device resources after synthesis - the final resource count might be different
    Info (21058): Implemented 20 input pins
    Info (21059): Implemented 89 output pins
    Info (21061): Implemented 20 logic cells
Info: Quartus II 32-bit Analysis & Synthesis was successful. 0 errors, 120 warnings
    Info: Peak virtual memory: 371 megabytes
    Info: Processing ended: Thu May 22 18:02:40 2014
    Info: Elapsed time: 00:00:06
    Info: Total CPU time (on all processors): 00:00:05


