Flow report for Top
Wed May 21 17:50:46 2014
Quartus II 32-bit Version 13.1.0 Build 162 10/23/2013 SJ Web Edition


---------------------
; Table of Contents ;
---------------------
  1. Legal Notice
  2. Flow Summary
  3. Flow Settings
  4. Flow Non-Default Global Settings
  5. Flow Elapsed Time
  6. Flow OS Summary
  7. Flow Log
  8. Flow Messages
  9. Flow Suppressed Messages



----------------
; Legal Notice ;
----------------
Copyright (C) 1991-2013 Altera Corporation
Your use of Altera Corporation's design tools, logic functions 
and other software and tools, and its AMPP partner logic 
functions, and any output files from any of the foregoing 
(including device programming or simulation files), and any 
associated documentation or information are expressly subject 
to the terms and conditions of the Altera Program License 
Subscription Agreement, Altera MegaCore Function License 
Agreement, or other applicable license agreement, including, 
without limitation, that your use is for the sole purpose of 
programming logic devices manufactured by Altera and sold by 
Altera or its authorized distributors.  Please refer to the 
applicable agreement for further details.



+---------------------------------------------------------------------------------+
; Flow Summary                                                                    ;
+------------------------------------+--------------------------------------------+
; Flow Status                        ; Successful - Wed May 21 17:50:46 2014      ;
; Quartus II 32-bit Version          ; 13.1.0 Build 162 10/23/2013 SJ Web Edition ;
; Revision Name                      ; Top                                        ;
; Top-level Entity Name              ; Top                                        ;
; Family                             ; Cyclone IV E                               ;
; Device                             ; EP4CE115F23C7                              ;
; Timing Models                      ; Final                                      ;
; Total logic elements               ; 18 / 114,480 ( < 1 % )                     ;
;     Total combinational functions  ; 1 / 114,480 ( < 1 % )                      ;
;     Dedicated logic registers      ; 18 / 114,480 ( < 1 % )                     ;
; Total registers                    ; 18                                         ;
; Total pins                         ; 109 / 281 ( 39 % )                         ;
; Total virtual pins                 ; 0                                          ;
; Total memory bits                  ; 0 / 3,981,312 ( 0 % )                      ;
; Embedded Multiplier 9-bit elements ; 0 / 532 ( 0 % )                            ;
; Total PLLs                         ; 0 / 4 ( 0 % )                              ;
+------------------------------------+--------------------------------------------+


+-----------------------------------------+
; Flow Settings                           ;
+-------------------+---------------------+
; Option            ; Setting             ;
+-------------------+---------------------+
; Start date & time ; 05/21/2014 17:43:07 ;
; Main task         ; Compilation         ;
; Revision Name     ; Top                 ;
+-------------------+---------------------+


+-------------------------------------------------------------------------------------------------------------------+
; Flow Non-Default Global Settings                                                                                  ;
+-------------------------------------+------------------------------+---------------+-------------+----------------+
; Assignment Name                     ; Value                        ; Default Value ; Entity Name ; Section Id     ;
+-------------------------------------+------------------------------+---------------+-------------+----------------+
; COMPILER_SIGNATURE_ID               ; 134164275503.140070498603504 ; --            ; --          ; --             ;
; EDA_OUTPUT_DATA_FORMAT              ; Vhdl                         ; --            ; --          ; eda_simulation ;
; EDA_SIMULATION_TOOL                 ; ModelSim-Altera (VHDL)       ; <None>        ; --          ; --             ;
; MAX_CORE_JUNCTION_TEMP              ; 85                           ; --            ; --          ; --             ;
; MIN_CORE_JUNCTION_TEMP              ; 0                            ; --            ; --          ; --             ;
; NOMINAL_CORE_SUPPLY_VOLTAGE         ; 1.2V                         ; --            ; --          ; --             ;
; PARTITION_COLOR                     ; 16764057                     ; --            ; --          ; --             ;
; PARTITION_FITTER_PRESERVATION_LEVEL ; PLACEMENT_AND_ROUTING        ; --            ; --          ; --             ;
; PARTITION_NETLIST_TYPE              ; SOURCE                       ; --            ; --          ; --             ;
; PROJECT_OUTPUT_DIRECTORY            ; output_files                 ; --            ; --          ; --             ;
+-------------------------------------+------------------------------+---------------+-------------+----------------+


+-------------------------------------------------------------------------------------------------------------------------------+
; Flow Elapsed Time                                                                                                             ;
+---------------------------+--------------+-------------------------+---------------------+------------------------------------+
; Module Name               ; Elapsed Time ; Average Processors Used ; Peak Virtual Memory ; Total CPU Time (on all processors) ;
+---------------------------+--------------+-------------------------+---------------------+------------------------------------+
; Analysis & Synthesis      ; 00:00:20     ; 1.0                     ; 371 MB              ; 00:00:09                           ;
; Fitter                    ; 00:05:50     ; 1.3                     ; 770 MB              ; 00:03:12                           ;
; Assembler                 ; 00:00:27     ; 1.0                     ; 383 MB              ; 00:00:15                           ;
; TimeQuest Timing Analyzer ; 00:00:15     ; 1.0                     ; 457 MB              ; 00:00:07                           ;
; EDA Netlist Writer        ; 00:00:06     ; 1.0                     ; 346 MB              ; 00:00:02                           ;
; Total                     ; 00:06:58     ; --                      ; --                  ; 00:03:45                           ;
+---------------------------+--------------+-------------------------+---------------------+------------------------------------+


+--------------------------------------------------------------------------------------------+
; Flow OS Summary                                                                            ;
+---------------------------+------------------+---------------+------------+----------------+
; Module Name               ; Machine Hostname ; OS Name       ; OS Version ; Processor type ;
+---------------------------+------------------+---------------+------------+----------------+
; Analysis & Synthesis      ; Casa-PC          ; Windows Vista ; 6.0        ; i686           ;
; Fitter                    ; Casa-PC          ; Windows Vista ; 6.0        ; i686           ;
; Assembler                 ; Casa-PC          ; Windows Vista ; 6.0        ; i686           ;
; TimeQuest Timing Analyzer ; Casa-PC          ; Windows Vista ; 6.0        ; i686           ;
; EDA Netlist Writer        ; Casa-PC          ; Windows Vista ; 6.0        ; i686           ;
+---------------------------+------------------+---------------+------------+----------------+


------------
; Flow Log ;
------------
quartus_map --read_settings_files=on --write_settings_files=off Entrevista2 -c Top
quartus_fit --read_settings_files=off --write_settings_files=off Entrevista2 -c Top
quartus_asm --read_settings_files=off --write_settings_files=off Entrevista2 -c Top
quartus_sta Entrevista2 -c Top
quartus_eda --read_settings_files=off --write_settings_files=off Entrevista2 -c Top



