#! /usr/bin/vvp
:ivl_version "0.9.5 " "(v0_9_5)";
:vpi_time_precision + 0;
:vpi_module "system";
:vpi_module "v2005_math";
:vpi_module "va_math";
S_0x17fa160 .scope module, "Decode_tb" "Decode_tb" 2 2;
 .timescale 0 0;
v0x18f50c0_0 .net *"_s11", 30 0, C4<0000000000000000000000000000000>; 1 drivers
v0x18f5140_0 .net *"_s15", 30 0, C4<0000000000000000000000000000000>; 1 drivers
v0x18f51c0_0 .net *"_s19", 30 0, C4<0000000000000000000000000000000>; 1 drivers
v0x18f5240_0 .net *"_s7", 30 0, C4<0000000000000000000000000000000>; 1 drivers
v0x18f52c0_0 .var "a", 0 0;
v0x18f5340_0 .var "b", 0 0;
v0x18f53c0_0 .var "c", 0 0;
v0x18f5440_0 .var "clock", 0 0;
v0x18f5550_0 .var "d", 0 0;
v0x18f55d0_0 .net "id_ex_aluop", 2 0, v0x18f3260_0; 1 drivers
v0x18f5650_0 .net "id_ex_imedext", 31 0, v0x18f3550_0; 1 drivers
v0x18f56d0_0 .net "id_ex_readmem", 0 0, v0x18f3410_0; 1 drivers
v0x18f5810_0 .net "id_ex_rega", 31 0, L_0x18f7940; 1 drivers
v0x18f5890_0 .net "id_ex_regb", 31 0, L_0x18f69d0; 1 drivers
v0x18f5990_0 .net "id_ex_regdest", 4 0, v0x18f37b0_0; 1 drivers
v0x18f5a60_0 .net "id_ex_selalushift", 0 0, v0x18f35d0_0; 1 drivers
v0x18f5910_0 .net "id_ex_selimregb", 0 0, v0x18f3650_0; 1 drivers
v0x18f5bc0_0 .net "id_ex_selwsource", 0 0, v0x18f39b0_0; 1 drivers
v0x18f5ce0_0 .net "id_ex_shiftamt", 4 0, L_0x18f7f60; 1 drivers
v0x18f5d60_0 .net "id_ex_shiftop", 1 0, v0x18f3830_0; 1 drivers
v0x18f5c40_0 .net "id_ex_unsig", 0 0, v0x18f3900_0; 1 drivers
v0x18f5e90_0 .net "id_ex_writemem", 0 0, v0x18f3c50_0; 1 drivers
v0x18f5fd0_0 .net "id_ex_writeov", 0 0, v0x18f3cd0_0; 1 drivers
v0x18f6050_0 .net "id_ex_writereg", 0 0, v0x18f3b30_0; 1 drivers
v0x18f5f10_0 .net "id_if_pcimd2ext", 31 0, L_0x18f7540; 1 drivers
v0x18f61f0_0 .net "id_if_pcindex", 31 0, L_0x18f7bd0; 1 drivers
v0x18f6120_0 .net "id_if_rega", 31 0, L_0x18f4d50; 1 drivers
v0x18f63a0_0 .net "id_if_selpcsource", 0 0, L_0x18f8570; 1 drivers
v0x18f62c0_0 .net "id_if_selpctype", 1 0, v0x18f1440_0; 1 drivers
v0x18f6510_0 .net "id_reg_addra", 4 0, L_0x18f7da0; 1 drivers
v0x18f6470_0 .net "id_reg_addrb", 4 0, L_0x18f7ec0; 1 drivers
RS_0x7f17165d06a8 .resolv tri, v0x18ea050_0, L_0x18fa260, C4<zzzzzzzzzzzzzzzzzzzzzzzzzzzzzzzz>, C4<zzzzzzzzzzzzzzzzzzzzzzzzzzzzzzzz>;
v0x18f66e0_0 .net8 "if_id_instruc", 31 0, RS_0x7f17165d06a8; 2 drivers
RS_0x7f17165d06d8 .resolv tri, v0x18ea0f0_0, L_0x18fa420, C4<zzzzzzzzzzzzzzzzzzzzzzzzzzzzzzzz>, C4<zzzzzzzzzzzzzzzzzzzzzzzzzzzzzzzz>;
v0x18f65e0_0 .net8 "if_id_nextpc", 31 0, RS_0x7f17165d06d8; 2 drivers
v0x18f68c0_0 .var "reg_id_ass_dataa", 31 0;
v0x18f6760_0 .var "reg_id_ass_datab", 31 0;
RS_0x7f17165d0fa8 .resolv tri, v0x18f0990_0, L_0x18fa570, C4<zzzzzzzzzzzzzzzzzzzzzzzzzzzzzzzz>, C4<zzzzzzzzzzzzzzzzzzzzzzzzzzzzzzzz>;
v0x18f67e0_0 .net8 "reg_id_dataa", 31 0, RS_0x7f17165d0fa8; 2 drivers
RS_0x7f17165d0fd8 .resolv tri, v0x18f0a10_0, L_0x18fa760, C4<zzzzzzzzzzzzzzzzzzzzzzzzzzzzzzzz>, C4<zzzzzzzzzzzzzzzzzzzzzzzzzzzzzzzz>;
v0x18f6ac0_0 .net8 "reg_id_datab", 31 0, RS_0x7f17165d0fd8; 2 drivers
v0x18f6b90_0 .var "reset", 0 0;
L_0x18fa260 .concat [ 1 31 0 0], v0x18f52c0_0, C4<0000000000000000000000000000000>;
L_0x18fa420 .concat [ 1 31 0 0], v0x18f5340_0, C4<0000000000000000000000000000000>;
L_0x18fa570 .concat [ 1 31 0 0], v0x18f53c0_0, C4<0000000000000000000000000000000>;
L_0x18fa760 .concat [ 1 31 0 0], v0x18f5550_0, C4<0000000000000000000000000000000>;
S_0x186c3a0 .scope module, "dut" "Decode" 2 43, 3 7, S_0x17fa160;
 .timescale 0 0;
RS_0x7f17165d07f8 .resolv tri, v0x18f0750_0, v0x18f68c0_0, C4<zzzzzzzzzzzzzzzzzzzzzzzzzzzzzzzz>, C4<zzzzzzzzzzzzzzzzzzzzzzzzzzzzzzzz>;
L_0x18f4d50 .functor BUFZ 32, RS_0x7f17165d07f8, C4<00000000000000000000000000000000>, C4<00000000000000000000000000000000>, C4<00000000000000000000000000000000>;
L_0x18f69d0 .functor BUFZ 32, RS_0x7f17165d0fd8, C4<00000000000000000000000000000000>, C4<00000000000000000000000000000000>, C4<00000000000000000000000000000000>;
L_0x18f7940 .functor BUFZ 32, RS_0x7f17165d0fa8, C4<00000000000000000000000000000000>, C4<00000000000000000000000000000000>, C4<00000000000000000000000000000000>;
v0x18f17b0_0 .net *"_s10", 31 0, L_0x18f7360; 1 drivers
v0x18f1a60_0 .net *"_s12", 31 0, L_0x18f7400; 1 drivers
v0x18f1b00_0 .net *"_s16", 29 0, L_0x18f74a0; 1 drivers
v0x18f1ba0_0 .net *"_s18", 1 0, C4<00>; 1 drivers
v0x18f1c50_0 .net *"_s21", 3 0, L_0x18f7680; 1 drivers
v0x18f1cf0_0 .net *"_s23", 25 0, L_0x18f77b0; 1 drivers
v0x18f1d90_0 .net *"_s24", 25 0, L_0x18f79a0; 1 drivers
v0x18f1e30_0 .net *"_s26", 23 0, L_0x18f7850; 1 drivers
v0x18f1ed0_0 .net *"_s28", 1 0, C4<00>; 1 drivers
v0x18f1f70_0 .net *"_s30", 29 0, L_0x18f7a90; 1 drivers
v0x18f2010_0 .net *"_s35", 1 0, C4<00>; 1 drivers
v0x18f20b0_0 .net *"_s44", 1 0, C4<10>; 1 drivers
v0x18f2150_0 .net *"_s46", 0 0, L_0x18f81b0; 1 drivers
v0x18f21f0_0 .net *"_s48", 1 0, C4<01>; 1 drivers
v0x18f2310_0 .net *"_s5", 0 0, L_0x18f6de0; 1 drivers
v0x18f23b0_0 .net *"_s50", 0 0, L_0x18f82a0; 1 drivers
v0x18f2270_0 .net *"_s52", 0 0, C4<1>; 1 drivers
v0x18f2500_0 .net *"_s54", 0 0, C4<0>; 1 drivers
v0x18f2620_0 .net *"_s56", 0 0, L_0x18f8430; 1 drivers
v0x18f26a0_0 .net *"_s6", 15 0, L_0x18f6e80; 1 drivers
v0x18f2580_0 .net *"_s9", 15 0, L_0x18f6fb0; 1 drivers
v0x18f27d0_0 .net "addrc", 4 0, C4<zzzzz>; 0 drivers
v0x18f2720_0 .net "aluop", 2 0, v0x18f0f20_0; 1 drivers
v0x18f2910_0 .net "alushift", 0 0, v0x18f1230_0; 1 drivers
v0x18f2850_0 .var "bit_extension", 15 0;
v0x18f2a60_0 .net "clock", 0 0, v0x18f5440_0; 1 drivers
v0x18f2990_0 .net "compop", 2 0, v0x18f0fe0_0; 1 drivers
v0x18f2bc0_0 .net "compout", 0 0, v0x18ea850_0; 1 drivers
v0x18f2ae0_0 .net "datac", 31 0, C4<zzzzzzzzzzzzzzzzzzzzzzzzzzzzzzzz>; 0 drivers
v0x18f2d30_0 .net "enc", 0 0, C4<z>; 0 drivers
v0x18f2c40_0 .net "ex_if_stall", 0 0, v0x18e89e0_0; 1 drivers
v0x18f2eb0_0 .net "ex_mem_readmem", 0 0, v0x18e8aa0_0; 1 drivers
v0x18f2db0_0 .net "ex_mem_regb", 31 0, v0x18e8b20_0; 1 drivers
v0x18f3040_0 .net "ex_mem_regdest", 4 0, v0x18e8bf0_0; 1 drivers
v0x18f2f30_0 .net "ex_mem_selwsource", 0 0, v0x18e8c70_0; 1 drivers
v0x18f31e0_0 .net "ex_mem_wbvalue", 31 0, v0x18e8d70_0; 1 drivers
v0x18f30c0_0 .net "ex_mem_writemem", 0 0, v0x18e8e10_0; 1 drivers
v0x18f3390_0 .net "ex_mem_writereg", 0 0, v0x18e8f20_0; 1 drivers
v0x18f3260_0 .var "id_ex_aluop", 2 0;
v0x18f3550_0 .var "id_ex_imedext", 31 0;
v0x18f3410_0 .var "id_ex_readmem", 0 0;
v0x18f3490_0 .alias "id_ex_rega", 31 0, v0x18f5810_0;
v0x18f3730_0 .alias "id_ex_regb", 31 0, v0x18f5890_0;
v0x18f37b0_0 .var "id_ex_regdest", 4 0;
v0x18f35d0_0 .var "id_ex_selalushift", 0 0;
v0x18f3650_0 .var "id_ex_selimregb", 0 0;
v0x18f39b0_0 .var "id_ex_selwsource", 0 0;
v0x18f3a30_0 .alias "id_ex_shiftamt", 4 0, v0x18f5ce0_0;
v0x18f3830_0 .var "id_ex_shiftop", 1 0;
v0x18f3900_0 .var "id_ex_unsig", 0 0;
v0x18f3c50_0 .var "id_ex_writemem", 0 0;
v0x18f3cd0_0 .var "id_ex_writeov", 0 0;
v0x18f3ab0_0 .net "id_ex_writeovi", 0 0, C4<z>; 0 drivers
v0x18f3b30_0 .var "id_ex_writereg", 0 0;
v0x18f3f10_0 .alias "id_if_pcimd2ext", 31 0, v0x18f5f10_0;
v0x18e91f0_0 .alias "id_if_pcindex", 31 0, v0x18f61f0_0;
v0x18e8cf0_0 .alias "id_if_rega", 31 0, v0x18f6120_0;
v0x18e8e90_0 .alias "id_if_selpcsource", 0 0, v0x18f63a0_0;
v0x18f3d50_0 .alias "id_if_selpctype", 1 0, v0x18f62c0_0;
v0x18f3e20_0 .alias "id_reg_addra", 4 0, v0x18f6510_0;
v0x18f4180_0 .alias "id_reg_addrb", 4 0, v0x18f6470_0;
v0x18f4200_0 .alias "if_id_instruc", 31 0, v0x18f66e0_0;
v0x18f3f90_0 .alias "if_id_nextpc", 31 0, v0x18f65e0_0;
v0x18f4040_0 .net "if_mc_addr", 17 0, L_0x18f91c0; 1 drivers
v0x18f40f0_0 .net "if_mc_en", 0 0, v0x18ea230_0; 1 drivers
v0x18f44c0_0 .net "mc_if_data", 31 0, C4<zzzzzzzzzzzzzzzzzzzzzzzzzzzzzzzz>; 0 drivers
v0x18f42b0_0 .net "readmem", 0 0, v0x18f1190_0; 1 drivers
v0x18f4360_0 .net8 "reg_id_ass_dataa", 31 0, RS_0x7f17165d07f8; 2 drivers
RS_0x7f17165d0828 .resolv tri, v0x18f0810_0, v0x18f6760_0, C4<zzzzzzzzzzzzzzzzzzzzzzzzzzzzzzzz>, C4<zzzzzzzzzzzzzzzzzzzzzzzzzzzzzzzz>;
v0x18f4770_0 .net8 "reg_id_ass_datab", 31 0, RS_0x7f17165d0828; 2 drivers
v0x18f47f0_0 .alias "reg_id_dataa", 31 0, v0x18f67e0_0;
v0x18f4540_0 .alias "reg_id_datab", 31 0, v0x18f6ac0_0;
v0x18f45c0_0 .net "reset", 0 0, v0x18f6b90_0; 1 drivers
v0x18f4640_0 .net "rgb", 0 0, v0x18f1370_0; 1 drivers
v0x18f4ac0_0 .net "selbrjumpz", 1 0, v0x18f12d0_0; 1 drivers
v0x18f4870_0 .net "selregdest", 1 0, v0x18f14f0_0; 1 drivers
v0x18f4920_0 .net "selwsource_helper", 2 0, v0x18f1570_0; 1 drivers
v0x18f49d0_0 .net "shiftop", 1 0, v0x18f15f0_0; 1 drivers
v0x18f4db0_0 .net "unsig", 0 0, v0x18f1690_0; 1 drivers
v0x18f4b40_0 .net "writemem", 0 0, v0x18f1730_0; 1 drivers
v0x18f4bf0_0 .net "writeov", 0 0, v0x18f1850_0; 1 drivers
v0x18f4ca0_0 .net "writereg", 0 0, v0x18f18f0_0; 1 drivers
L_0x18f6de0 .part RS_0x7f17165d06a8, 15, 1;
LS_0x18f6e80_0_0 .concat [ 1 1 1 1], L_0x18f6de0, L_0x18f6de0, L_0x18f6de0, L_0x18f6de0;
LS_0x18f6e80_0_4 .concat [ 1 1 1 1], L_0x18f6de0, L_0x18f6de0, L_0x18f6de0, L_0x18f6de0;
LS_0x18f6e80_0_8 .concat [ 1 1 1 1], L_0x18f6de0, L_0x18f6de0, L_0x18f6de0, L_0x18f6de0;
LS_0x18f6e80_0_12 .concat [ 1 1 1 1], L_0x18f6de0, L_0x18f6de0, L_0x18f6de0, L_0x18f6de0;
L_0x18f6e80 .concat [ 4 4 4 4], LS_0x18f6e80_0_0, LS_0x18f6e80_0_4, LS_0x18f6e80_0_8, LS_0x18f6e80_0_12;
L_0x18f6fb0 .part RS_0x7f17165d06a8, 0, 16;
L_0x18f7360 .concat [ 16 16 0 0], L_0x18f6fb0, L_0x18f6e80;
L_0x18f7400 .arith/sum 32, RS_0x7f17165d06d8, L_0x18f7360;
L_0x18f74a0 .part L_0x18f7400, 0, 30;
L_0x18f7540 .concat [ 2 30 0 0], C4<00>, L_0x18f74a0;
L_0x18f7680 .part RS_0x7f17165d06d8, 28, 4;
L_0x18f77b0 .part RS_0x7f17165d06a8, 0, 26;
L_0x18f7850 .part L_0x18f77b0, 0, 24;
L_0x18f79a0 .concat [ 2 24 0 0], C4<00>, L_0x18f7850;
L_0x18f7a90 .concat [ 26 4 0 0], L_0x18f79a0, L_0x18f7680;
L_0x18f7bd0 .concat [ 30 2 0 0], L_0x18f7a90, C4<00>;
L_0x18f7da0 .part RS_0x7f17165d06a8, 21, 5;
L_0x18f7ec0 .part RS_0x7f17165d06a8, 16, 5;
L_0x18f7f60 .part RS_0x7f17165d0fa8, 0, 5;
L_0x18f81b0 .cmp/eq 2, v0x18f12d0_0, C4<10>;
L_0x18f82a0 .cmp/eq 2, v0x18f12d0_0, C4<01>;
L_0x18f8430 .functor MUXZ 1, C4<0>, C4<1>, L_0x18f82a0, C4<>;
L_0x18f8570 .functor MUXZ 1, L_0x18f8430, v0x18ea850_0, L_0x18f81b0, C4<>;
L_0x18f8710 .part RS_0x7f17165d06a8, 26, 6;
L_0x18f88c0 .part RS_0x7f17165d06a8, 0, 6;
S_0x18f0df0 .scope module, "ControlModule" "Control" 3 130, 4 3, S_0x186c3a0;
 .timescale 0 0;
v0x18f0f20_0 .var "aluop", 2 0;
v0x18f0fe0_0 .var "compop", 2 0;
v0x18f1060_0 .net "fn", 5 0, L_0x18f88c0; 1 drivers
v0x18f10e0_0 .net "op", 5 0, L_0x18f8710; 1 drivers
v0x18f1190_0 .var "readmem", 0 0;
v0x18f1230_0 .var "selalushift", 0 0;
v0x18f12d0_0 .var "selbrjumpz", 1 0;
v0x18f1370_0 .var "selimregb", 0 0;
v0x18f1440_0 .var "selpctype", 1 0;
v0x18f14f0_0 .var "selregdest", 1 0;
v0x18f1570_0 .var "selwsource", 2 0;
v0x18f15f0_0 .var "shiftop", 1 0;
v0x18f1690_0 .var "unsig", 0 0;
v0x18f1730_0 .var "writemem", 0 0;
v0x18f1850_0 .var "writeov", 0 0;
v0x18f18f0_0 .var "writereg", 0 0;
E_0x18e9e80 .event edge, v0x18f1060_0, v0x18f10e0_0;
S_0x18ea9a0 .scope module, "RegisterModule" "Registers" 3 132, 5 1, S_0x186c3a0;
 .timescale 0 0;
P_0x18e8a68 .param/l "number_of_registers" 5 28, +C4<0100000>;
L_0x18f9130 .functor BUFZ 32, L_0x18f9030, C4<00000000000000000000000000000000>, C4<00000000000000000000000000000000>, C4<00000000000000000000000000000000>;
v0x18f0400_0 .net *"_s0", 31 0, L_0x18f9030; 1 drivers
v0x18f04c0_0 .alias "addra", 4 0, v0x18f6510_0;
v0x18f0560_0 .alias "addrb", 4 0, v0x18f6470_0;
v0x18f0600_0 .alias "addrc", 4 0, v0x18f27d0_0;
v0x18f06b0_0 .net "addrout", 4 0, C4<zzzzz>; 0 drivers
v0x18f0750_0 .var "ass_dataa", 31 0;
v0x18f0810_0 .var "ass_datab", 31 0;
v0x18f08c0_0 .alias "clock", 0 0, v0x18f2a60_0;
v0x18f0990_0 .var "dataa", 31 0;
v0x18f0a10_0 .var "datab", 31 0;
v0x18f0a90_0 .alias "datac", 31 0, v0x18f2ae0_0;
v0x18f0b30_0 .alias "enc", 0 0, v0x18f2d30_0;
v0x18f0bd0 .array "registers", 0 31, 31 0;
v0x18f0c50_0 .net "regout", 31 0, L_0x18f9130; 1 drivers
v0x18f0d70_0 .alias "reset", 0 0, v0x18f45c0_0;
E_0x18eaad0 .event edge, v0x18f0560_0;
E_0x18eab60 .event edge, v0x18f04c0_0;
E_0x18eabb0 .event posedge, v0x18e8880_0;
L_0x18f9030 .array/port v0x18f0bd0, C4<zzzzz>;
S_0x18f0140 .scope generate, "RST[0]" "RST[0]" 5 69, 5 69, S_0x18ea9a0;
 .timescale 0 0;
P_0x18f0238 .param/l "counter" 5 69, +C4<00>;
L_0x18f36d0 .functor AND 1, v0x18f5440_0, v0x18f6b90_0, C4<1>, C4<1>;
v0x18f0340_0 .net *"_s1", 0 0, L_0x18f36d0; 1 drivers
E_0x18f02f0 .event negedge, L_0x18f36d0;
S_0x18efe80 .scope generate, "RST[1]" "RST[1]" 5 69, 5 69, S_0x18ea9a0;
 .timescale 0 0;
P_0x18eff78 .param/l "counter" 5 69, +C4<01>;
L_0x18f3330 .functor AND 1, v0x18f5440_0, v0x18f6b90_0, C4<1>, C4<1>;
v0x18f0080_0 .net *"_s1", 0 0, L_0x18f3330; 1 drivers
E_0x18f0030 .event negedge, L_0x18f3330;
S_0x18efbc0 .scope generate, "RST[2]" "RST[2]" 5 69, 5 69, S_0x18ea9a0;
 .timescale 0 0;
P_0x18efcb8 .param/l "counter" 5 69, +C4<010>;
L_0x18f7050 .functor AND 1, v0x18f5440_0, v0x18f6b90_0, C4<1>, C4<1>;
v0x18efdc0_0 .net *"_s1", 0 0, L_0x18f7050; 1 drivers
E_0x18efd70 .event negedge, L_0x18f7050;
S_0x18ef900 .scope generate, "RST[3]" "RST[3]" 5 69, 5 69, S_0x18ea9a0;
 .timescale 0 0;
P_0x18ef9f8 .param/l "counter" 5 69, +C4<011>;
L_0x18f8610 .functor AND 1, v0x18f5440_0, v0x18f6b90_0, C4<1>, C4<1>;
v0x18efb00_0 .net *"_s1", 0 0, L_0x18f8610; 1 drivers
E_0x18efab0 .event negedge, L_0x18f8610;
S_0x18ef640 .scope generate, "RST[4]" "RST[4]" 5 69, 5 69, S_0x18ea9a0;
 .timescale 0 0;
P_0x18ef738 .param/l "counter" 5 69, +C4<0100>;
L_0x18f54c0 .functor AND 1, v0x18f5440_0, v0x18f6b90_0, C4<1>, C4<1>;
v0x18ef840_0 .net *"_s1", 0 0, L_0x18f54c0; 1 drivers
E_0x18ef7f0 .event negedge, L_0x18f54c0;
S_0x18ef380 .scope generate, "RST[5]" "RST[5]" 5 69, 5 69, S_0x18ea9a0;
 .timescale 0 0;
P_0x18ef478 .param/l "counter" 5 69, +C4<0101>;
L_0x18f6940 .functor AND 1, v0x18f5440_0, v0x18f6b90_0, C4<1>, C4<1>;
v0x18ef580_0 .net *"_s1", 0 0, L_0x18f6940; 1 drivers
E_0x18ef530 .event negedge, L_0x18f6940;
S_0x18ef0c0 .scope generate, "RST[6]" "RST[6]" 5 69, 5 69, S_0x18ea9a0;
 .timescale 0 0;
P_0x18ef1b8 .param/l "counter" 5 69, +C4<0110>;
L_0x18f8c40 .functor AND 1, v0x18f5440_0, v0x18f6b90_0, C4<1>, C4<1>;
v0x18ef2c0_0 .net *"_s1", 0 0, L_0x18f8c40; 1 drivers
E_0x18ef270 .event negedge, L_0x18f8c40;
S_0x18eee00 .scope generate, "RST[7]" "RST[7]" 5 69, 5 69, S_0x18ea9a0;
 .timescale 0 0;
P_0x18eeef8 .param/l "counter" 5 69, +C4<0111>;
L_0x18f8ca0 .functor AND 1, v0x18f5440_0, v0x18f6b90_0, C4<1>, C4<1>;
v0x18ef000_0 .net *"_s1", 0 0, L_0x18f8ca0; 1 drivers
E_0x18eefb0 .event negedge, L_0x18f8ca0;
S_0x18eeb40 .scope generate, "RST[8]" "RST[8]" 5 69, 5 69, S_0x18ea9a0;
 .timescale 0 0;
P_0x18eec38 .param/l "counter" 5 69, +C4<01000>;
L_0x18f8d00 .functor AND 1, v0x18f5440_0, v0x18f6b90_0, C4<1>, C4<1>;
v0x18eed40_0 .net *"_s1", 0 0, L_0x18f8d00; 1 drivers
E_0x18eecf0 .event negedge, L_0x18f8d00;
S_0x18ee880 .scope generate, "RST[9]" "RST[9]" 5 69, 5 69, S_0x18ea9a0;
 .timescale 0 0;
P_0x18ee978 .param/l "counter" 5 69, +C4<01001>;
L_0x18f8d60 .functor AND 1, v0x18f5440_0, v0x18f6b90_0, C4<1>, C4<1>;
v0x18eea80_0 .net *"_s1", 0 0, L_0x18f8d60; 1 drivers
E_0x18eea30 .event negedge, L_0x18f8d60;
S_0x18ee5c0 .scope generate, "RST[10]" "RST[10]" 5 69, 5 69, S_0x18ea9a0;
 .timescale 0 0;
P_0x18ee6b8 .param/l "counter" 5 69, +C4<01010>;
L_0x18f8dc0 .functor AND 1, v0x18f5440_0, v0x18f6b90_0, C4<1>, C4<1>;
v0x18ee7c0_0 .net *"_s1", 0 0, L_0x18f8dc0; 1 drivers
E_0x18ee770 .event negedge, L_0x18f8dc0;
S_0x18ee300 .scope generate, "RST[11]" "RST[11]" 5 69, 5 69, S_0x18ea9a0;
 .timescale 0 0;
P_0x18ee3f8 .param/l "counter" 5 69, +C4<01011>;
L_0x18f8e20 .functor AND 1, v0x18f5440_0, v0x18f6b90_0, C4<1>, C4<1>;
v0x18ee500_0 .net *"_s1", 0 0, L_0x18f8e20; 1 drivers
E_0x18ee4b0 .event negedge, L_0x18f8e20;
S_0x18ee040 .scope generate, "RST[12]" "RST[12]" 5 69, 5 69, S_0x18ea9a0;
 .timescale 0 0;
P_0x18ee138 .param/l "counter" 5 69, +C4<01100>;
L_0x18f8a20 .functor AND 1, v0x18f5440_0, v0x18f6b90_0, C4<1>, C4<1>;
v0x18ee240_0 .net *"_s1", 0 0, L_0x18f8a20; 1 drivers
E_0x18ee1f0 .event negedge, L_0x18f8a20;
S_0x18edd80 .scope generate, "RST[13]" "RST[13]" 5 69, 5 69, S_0x18ea9a0;
 .timescale 0 0;
P_0x18ede78 .param/l "counter" 5 69, +C4<01101>;
L_0x18f8a80 .functor AND 1, v0x18f5440_0, v0x18f6b90_0, C4<1>, C4<1>;
v0x18edf80_0 .net *"_s1", 0 0, L_0x18f8a80; 1 drivers
E_0x18edf30 .event negedge, L_0x18f8a80;
S_0x18edac0 .scope generate, "RST[14]" "RST[14]" 5 69, 5 69, S_0x18ea9a0;
 .timescale 0 0;
P_0x18edbb8 .param/l "counter" 5 69, +C4<01110>;
L_0x18f8ae0 .functor AND 1, v0x18f5440_0, v0x18f6b90_0, C4<1>, C4<1>;
v0x18edcc0_0 .net *"_s1", 0 0, L_0x18f8ae0; 1 drivers
E_0x18edc70 .event negedge, L_0x18f8ae0;
S_0x18ed800 .scope generate, "RST[15]" "RST[15]" 5 69, 5 69, S_0x18ea9a0;
 .timescale 0 0;
P_0x18ed8f8 .param/l "counter" 5 69, +C4<01111>;
L_0x18f8b70 .functor AND 1, v0x18f5440_0, v0x18f6b90_0, C4<1>, C4<1>;
v0x18eda00_0 .net *"_s1", 0 0, L_0x18f8b70; 1 drivers
E_0x18ed9b0 .event negedge, L_0x18f8b70;
S_0x18ed540 .scope generate, "RST[16]" "RST[16]" 5 69, 5 69, S_0x18ea9a0;
 .timescale 0 0;
P_0x18ed638 .param/l "counter" 5 69, +C4<010000>;
L_0x18f92a0 .functor AND 1, v0x18f5440_0, v0x18f6b90_0, C4<1>, C4<1>;
v0x18ed740_0 .net *"_s1", 0 0, L_0x18f92a0; 1 drivers
E_0x18ed6f0 .event negedge, L_0x18f92a0;
S_0x18ed280 .scope generate, "RST[17]" "RST[17]" 5 69, 5 69, S_0x18ea9a0;
 .timescale 0 0;
P_0x18ed378 .param/l "counter" 5 69, +C4<010001>;
L_0x18f9300 .functor AND 1, v0x18f5440_0, v0x18f6b90_0, C4<1>, C4<1>;
v0x18ed480_0 .net *"_s1", 0 0, L_0x18f9300; 1 drivers
E_0x18ed430 .event negedge, L_0x18f9300;
S_0x18ecfc0 .scope generate, "RST[18]" "RST[18]" 5 69, 5 69, S_0x18ea9a0;
 .timescale 0 0;
P_0x18ed0b8 .param/l "counter" 5 69, +C4<010010>;
L_0x18f9360 .functor AND 1, v0x18f5440_0, v0x18f6b90_0, C4<1>, C4<1>;
v0x18ed1c0_0 .net *"_s1", 0 0, L_0x18f9360; 1 drivers
E_0x18ed170 .event negedge, L_0x18f9360;
S_0x18ecd00 .scope generate, "RST[19]" "RST[19]" 5 69, 5 69, S_0x18ea9a0;
 .timescale 0 0;
P_0x18ecdf8 .param/l "counter" 5 69, +C4<010011>;
L_0x18f93c0 .functor AND 1, v0x18f5440_0, v0x18f6b90_0, C4<1>, C4<1>;
v0x18ecf00_0 .net *"_s1", 0 0, L_0x18f93c0; 1 drivers
E_0x18eceb0 .event negedge, L_0x18f93c0;
S_0x18eca40 .scope generate, "RST[20]" "RST[20]" 5 69, 5 69, S_0x18ea9a0;
 .timescale 0 0;
P_0x18ecb38 .param/l "counter" 5 69, +C4<010100>;
L_0x18f9420 .functor AND 1, v0x18f5440_0, v0x18f6b90_0, C4<1>, C4<1>;
v0x18ecc40_0 .net *"_s1", 0 0, L_0x18f9420; 1 drivers
E_0x18ecbf0 .event negedge, L_0x18f9420;
S_0x18ec780 .scope generate, "RST[21]" "RST[21]" 5 69, 5 69, S_0x18ea9a0;
 .timescale 0 0;
P_0x18ec878 .param/l "counter" 5 69, +C4<010101>;
L_0x18f94b0 .functor AND 1, v0x18f5440_0, v0x18f6b90_0, C4<1>, C4<1>;
v0x18ec980_0 .net *"_s1", 0 0, L_0x18f94b0; 1 drivers
E_0x18ec930 .event negedge, L_0x18f94b0;
S_0x18ec4c0 .scope generate, "RST[22]" "RST[22]" 5 69, 5 69, S_0x18ea9a0;
 .timescale 0 0;
P_0x18ec5b8 .param/l "counter" 5 69, +C4<010110>;
L_0x18f9540 .functor AND 1, v0x18f5440_0, v0x18f6b90_0, C4<1>, C4<1>;
v0x18ec6c0_0 .net *"_s1", 0 0, L_0x18f9540; 1 drivers
E_0x18ec670 .event negedge, L_0x18f9540;
S_0x18ec200 .scope generate, "RST[23]" "RST[23]" 5 69, 5 69, S_0x18ea9a0;
 .timescale 0 0;
P_0x18ec2f8 .param/l "counter" 5 69, +C4<010111>;
L_0x18f95d0 .functor AND 1, v0x18f5440_0, v0x18f6b90_0, C4<1>, C4<1>;
v0x18ec400_0 .net *"_s1", 0 0, L_0x18f95d0; 1 drivers
E_0x18ec3b0 .event negedge, L_0x18f95d0;
S_0x18ebf40 .scope generate, "RST[24]" "RST[24]" 5 69, 5 69, S_0x18ea9a0;
 .timescale 0 0;
P_0x18ec038 .param/l "counter" 5 69, +C4<011000>;
L_0x18f9660 .functor AND 1, v0x18f5440_0, v0x18f6b90_0, C4<1>, C4<1>;
v0x18ec140_0 .net *"_s1", 0 0, L_0x18f9660; 1 drivers
E_0x18ec0f0 .event negedge, L_0x18f9660;
S_0x18ebc80 .scope generate, "RST[25]" "RST[25]" 5 69, 5 69, S_0x18ea9a0;
 .timescale 0 0;
P_0x18ebd78 .param/l "counter" 5 69, +C4<011001>;
L_0x18f96f0 .functor AND 1, v0x18f5440_0, v0x18f6b90_0, C4<1>, C4<1>;
v0x18ebe80_0 .net *"_s1", 0 0, L_0x18f96f0; 1 drivers
E_0x18ebe30 .event negedge, L_0x18f96f0;
S_0x18eb9c0 .scope generate, "RST[26]" "RST[26]" 5 69, 5 69, S_0x18ea9a0;
 .timescale 0 0;
P_0x18ebab8 .param/l "counter" 5 69, +C4<011010>;
L_0x18f9780 .functor AND 1, v0x18f5440_0, v0x18f6b90_0, C4<1>, C4<1>;
v0x18ebbc0_0 .net *"_s1", 0 0, L_0x18f9780; 1 drivers
E_0x18ebb70 .event negedge, L_0x18f9780;
S_0x18eb700 .scope generate, "RST[27]" "RST[27]" 5 69, 5 69, S_0x18ea9a0;
 .timescale 0 0;
P_0x18eb7f8 .param/l "counter" 5 69, +C4<011011>;
L_0x18f9810 .functor AND 1, v0x18f5440_0, v0x18f6b90_0, C4<1>, C4<1>;
v0x18eb900_0 .net *"_s1", 0 0, L_0x18f9810; 1 drivers
E_0x18eb8b0 .event negedge, L_0x18f9810;
S_0x18eb440 .scope generate, "RST[28]" "RST[28]" 5 69, 5 69, S_0x18ea9a0;
 .timescale 0 0;
P_0x18eb538 .param/l "counter" 5 69, +C4<011100>;
L_0x18f5750 .functor AND 1, v0x18f5440_0, v0x18f6b90_0, C4<1>, C4<1>;
v0x18eb640_0 .net *"_s1", 0 0, L_0x18f5750; 1 drivers
E_0x18eb5f0 .event negedge, L_0x18f5750;
S_0x18eb180 .scope generate, "RST[29]" "RST[29]" 5 69, 5 69, S_0x18ea9a0;
 .timescale 0 0;
P_0x18eb278 .param/l "counter" 5 69, +C4<011101>;
L_0x18f8e80 .functor AND 1, v0x18f5440_0, v0x18f6b90_0, C4<1>, C4<1>;
v0x18eb380_0 .net *"_s1", 0 0, L_0x18f8e80; 1 drivers
E_0x18eb330 .event negedge, L_0x18f8e80;
S_0x18eaec0 .scope generate, "RST[30]" "RST[30]" 5 69, 5 69, S_0x18ea9a0;
 .timescale 0 0;
P_0x18eafb8 .param/l "counter" 5 69, +C4<011110>;
L_0x18f8f10 .functor AND 1, v0x18f5440_0, v0x18f6b90_0, C4<1>, C4<1>;
v0x18eb0c0_0 .net *"_s1", 0 0, L_0x18f8f10; 1 drivers
E_0x18eb070 .event negedge, L_0x18f8f10;
S_0x18eac00 .scope generate, "RST[31]" "RST[31]" 5 69, 5 69, S_0x18ea9a0;
 .timescale 0 0;
P_0x18eacf8 .param/l "counter" 5 69, +C4<011111>;
L_0x18f8fa0 .functor AND 1, v0x18f5440_0, v0x18f6b90_0, C4<1>, C4<1>;
v0x18eae00_0 .net *"_s1", 0 0, L_0x18f8fa0; 1 drivers
E_0x18eadb0 .event negedge, L_0x18f8fa0;
S_0x18ea5b0 .scope module, "ComparatorModule" "Comparator" 3 134, 6 1, S_0x186c3a0;
 .timescale 0 0;
v0x18ea6f0_0 .alias "a", 31 0, v0x18f4360_0;
v0x18ea7b0_0 .alias "b", 31 0, v0x18f4770_0;
v0x18ea850_0 .var "compout", 0 0;
v0x18ea8f0_0 .alias "op", 2 0, v0x18f2990_0;
E_0x18ea6a0 .event edge, v0x18ea7b0_0, v0x18ea6f0_0, v0x18ea8f0_0;
S_0x18e99e0 .scope module, "FetchModule" "Fetch" 3 136, 7 1, S_0x186c3a0;
 .timescale 0 0;
v0x18e9c50_0 .alias "clock", 0 0, v0x18f2a60_0;
v0x18e9cd0_0 .alias "ex_if_stall", 0 0, v0x18f2c40_0;
v0x18e9d80_0 .alias "id_if_pcimd2ext", 31 0, v0x18f5f10_0;
v0x18e9e00_0 .alias "id_if_pcindex", 31 0, v0x18f61f0_0;
v0x18e9eb0_0 .alias "id_if_rega", 31 0, v0x18f6120_0;
v0x18e9f30_0 .alias "id_if_selpcsource", 0 0, v0x18f63a0_0;
v0x18e9fb0_0 .alias "id_if_selpctype", 1 0, v0x18f62c0_0;
v0x18ea050_0 .var "if_id_instruc", 31 0;
v0x18ea0f0_0 .var "if_id_nextpc", 31 0;
v0x18ea190_0 .alias "if_mc_addr", 17 0, v0x18f4040_0;
v0x18ea230_0 .var "if_mc_en", 0 0;
v0x18ea2d0_0 .alias "mc_if_data", 31 0, v0x18f44c0_0;
v0x18ea370_0 .var "pc", 31 0;
v0x18ea410_0 .var "pc_anterior", 31 0;
v0x18ea530_0 .alias "reset", 0 0, v0x18f45c0_0;
L_0x18f91c0 .part v0x18ea370_0, 0, 18;
S_0x184efc0 .scope module, "ExecuteModule" "Execute" 3 138, 8 14, S_0x186c3a0;
 .timescale 0 0;
v0x18e8680_0 .net "aluout", 31 0, v0x18e8270_0; 1 drivers
v0x18e8720_0 .net "aluov", 0 0, v0x18e8500_0; 1 drivers
v0x18e87d0_0 .var "b", 31 0;
v0x18e8880_0 .alias "clock", 0 0, v0x18f2a60_0;
v0x18e8930_0 .net "compout", 0 0, v0x18e83b0_0; 1 drivers
v0x18e89e0_0 .var "ex_if_stall", 0 0;
v0x18e8aa0_0 .var "ex_mem_readmem", 0 0;
v0x18e8b20_0 .var "ex_mem_regb", 31 0;
v0x18e8bf0_0 .var "ex_mem_regdest", 4 0;
v0x18e8c70_0 .var "ex_mem_selwsource", 0 0;
v0x18e8d70_0 .var "ex_mem_wbvalue", 31 0;
v0x18e8e10_0 .var "ex_mem_writemem", 0 0;
v0x18e8f20_0 .var "ex_mem_writereg", 0 0;
v0x18e8fc0_0 .alias "id_ex_aluop", 2 0, v0x18f55d0_0;
v0x18e90c0_0 .alias "id_ex_imedext", 31 0, v0x18f5650_0;
v0x18e9140_0 .alias "id_ex_readmem", 0 0, v0x18f56d0_0;
v0x18e9040_0 .alias "id_ex_rega", 31 0, v0x18f5810_0;
v0x18e92a0_0 .alias "id_ex_regb", 31 0, v0x18f5890_0;
v0x18e93c0_0 .alias "id_ex_regdest", 4 0, v0x18f5990_0;
v0x18e9440_0 .alias "id_ex_selalushift", 0 0, v0x18f5a60_0;
v0x18e9320_0 .alias "id_ex_selimregb", 0 0, v0x18f4640_0;
v0x18e9570_0 .alias "id_ex_selwsource", 0 0, v0x18f5bc0_0;
v0x18e94c0_0 .alias "id_ex_shiftamt", 4 0, v0x18f5ce0_0;
v0x18e96b0_0 .alias "id_ex_shiftop", 1 0, v0x18f5d60_0;
v0x18e95f0_0 .alias "id_ex_unsig", 0 0, v0x18f5c40_0;
v0x18e9800_0 .alias "id_ex_writemem", 0 0, v0x18f5e90_0;
v0x18e9730_0 .alias "id_ex_writeov", 0 0, v0x18f3ab0_0;
v0x18e9960_0 .alias "id_ex_writereg", 0 0, v0x18f6050_0;
v0x18e9880_0 .alias "reset", 0 0, v0x18f45c0_0;
v0x18e9ad0_0 .net "result", 31 0, v0x18e7e50_0; 1 drivers
E_0x18bf880/0 .event negedge, v0x18e9880_0;
E_0x18bf880/1 .event posedge, v0x18e8880_0;
E_0x18bf880 .event/or E_0x18bf880/0, E_0x18bf880/1;
S_0x18e8040 .scope module, "ALU" "Alu" 8 101, 9 1, S_0x184efc0;
 .timescale 0 0;
v0x18e81b0_0 .alias "a", 31 0, v0x18f5810_0;
v0x18e8270_0 .var "aluout", 31 0;
v0x18e8310_0 .net "b", 31 0, v0x18e87d0_0; 1 drivers
v0x18e83b0_0 .var "compout", 0 0;
v0x18e8460_0 .alias "op", 2 0, v0x18f55d0_0;
v0x18e8500_0 .var "overflow", 0 0;
v0x18e85e0_0 .alias "unsig", 0 0, v0x18f5c40_0;
E_0x18e8130 .event edge, v0x18e85e0_0, v0x18e8310_0, v0x18e81b0_0, v0x18e8460_0;
S_0x184ed80 .scope module, "SHIFTER" "Shifter" 8 102, 10 1, S_0x184efc0;
 .timescale 0 0;
v0x18116e0_0 .alias "in", 31 0, v0x18f5890_0;
v0x18e7e50_0 .var "result", 31 0;
v0x18e7ef0_0 .alias "shiftamt", 4 0, v0x18f5ce0_0;
v0x18e7f90_0 .alias "shiftop", 1 0, v0x18f5d60_0;
E_0x18c33d0 .event edge, v0x18e7f90_0, v0x18e7ef0_0, v0x18116e0_0;
    .scope S_0x18f0df0;
T_0 ;
    %wait E_0x18e9e80;
    %load/v 8, v0x18f10e0_0, 6;
    %cmp/x 8, 0, 6;
    %jmp/1 T_0.0, 4;
    %movi 14, 2, 6;
    %cmp/x 8, 14, 6;
    %jmp/1 T_0.1, 4;
    %movi 14, 4, 6;
    %cmp/x 8, 14, 6;
    %jmp/1 T_0.2, 4;
    %movi 14, 5, 6;
    %cmp/x 8, 14, 6;
    %jmp/1 T_0.3, 4;
    %movi 14, 6, 6;
    %cmp/x 8, 14, 6;
    %jmp/1 T_0.4, 4;
    %movi 14, 7, 6;
    %cmp/x 8, 14, 6;
    %jmp/1 T_0.5, 4;
    %movi 14, 8, 6;
    %cmp/x 8, 14, 6;
    %jmp/1 T_0.6, 4;
    %movi 14, 9, 6;
    %cmp/x 8, 14, 6;
    %jmp/1 T_0.7, 4;
    %movi 14, 12, 6;
    %cmp/x 8, 14, 6;
    %jmp/1 T_0.8, 4;
    %movi 14, 13, 6;
    %cmp/x 8, 14, 6;
    %jmp/1 T_0.9, 4;
    %movi 14, 14, 6;
    %cmp/x 8, 14, 6;
    %jmp/1 T_0.10, 4;
    %movi 14, 35, 6;
    %cmp/x 8, 14, 6;
    %jmp/1 T_0.11, 4;
    %movi 14, 43, 6;
    %cmp/x 8, 14, 6;
    %jmp/1 T_0.12, 4;
    %jmp T_0.14;
T_0.0 ;
    %load/v 8, v0x18f1060_0, 6;
    %movi 14, 4, 6;
    %cmp/x 8, 14, 6;
    %jmp/1 T_0.15, 4;
    %movi 14, 6, 6;
    %cmp/x 8, 14, 6;
    %jmp/1 T_0.16, 4;
    %movi 14, 7, 6;
    %cmp/x 8, 14, 6;
    %jmp/1 T_0.17, 4;
    %movi 14, 8, 6;
    %cmp/x 8, 14, 6;
    %jmp/1 T_0.18, 4;
    %movi 14, 32, 6;
    %cmp/x 8, 14, 6;
    %jmp/1 T_0.19, 4;
    %movi 14, 33, 6;
    %cmp/x 8, 14, 6;
    %jmp/1 T_0.20, 4;
    %movi 14, 34, 6;
    %cmp/x 8, 14, 6;
    %jmp/1 T_0.21, 4;
    %movi 14, 35, 6;
    %cmp/x 8, 14, 6;
    %jmp/1 T_0.22, 4;
    %movi 14, 36, 6;
    %cmp/x 8, 14, 6;
    %jmp/1 T_0.23, 4;
    %movi 14, 37, 6;
    %cmp/x 8, 14, 6;
    %jmp/1 T_0.24, 4;
    %movi 14, 38, 6;
    %cmp/x 8, 14, 6;
    %jmp/1 T_0.25, 4;
    %movi 14, 39, 6;
    %cmp/x 8, 14, 6;
    %jmp/1 T_0.26, 4;
    %jmp T_0.27;
T_0.15 ;
    %ix/load 0, 3, 0;
    %assign/v0 v0x18f1570_0, 0, 0;
    %movi 8, 1, 2;
    %ix/load 0, 2, 0;
    %assign/v0 v0x18f14f0_0, 0, 8;
    %ix/load 0, 1, 0;
    %assign/v0 v0x18f18f0_0, 0, 1;
    %ix/load 0, 1, 0;
    %assign/v0 v0x18f1850_0, 0, 1;
    %ix/load 0, 1, 0;
    %assign/v0 v0x18f1370_0, 0, 0;
    %ix/load 0, 1, 0;
    %assign/v0 v0x18f1230_0, 0, 1;
    %ix/load 0, 3, 0;
    %assign/v0 v0x18f0f20_0, 0, 2;
    %movi 8, 2, 2;
    %ix/load 0, 2, 0;
    %assign/v0 v0x18f15f0_0, 0, 8;
    %ix/load 0, 1, 0;
    %assign/v0 v0x18f1190_0, 0, 0;
    %ix/load 0, 1, 0;
    %assign/v0 v0x18f1730_0, 0, 0;
    %ix/load 0, 2, 0;
    %assign/v0 v0x18f12d0_0, 0, 0;
    %ix/load 0, 2, 0;
    %assign/v0 v0x18f1440_0, 0, 2;
    %ix/load 0, 3, 0;
    %assign/v0 v0x18f0fe0_0, 0, 2;
    %ix/load 0, 1, 0;
    %assign/v0 v0x18f1690_0, 0, 2;
    %jmp T_0.27;
T_0.16 ;
    %ix/load 0, 3, 0;
    %assign/v0 v0x18f1570_0, 0, 0;
    %movi 8, 1, 2;
    %ix/load 0, 2, 0;
    %assign/v0 v0x18f14f0_0, 0, 8;
    %ix/load 0, 1, 0;
    %assign/v0 v0x18f18f0_0, 0, 1;
    %ix/load 0, 1, 0;
    %assign/v0 v0x18f1850_0, 0, 1;
    %ix/load 0, 1, 0;
    %assign/v0 v0x18f1370_0, 0, 0;
    %ix/load 0, 1, 0;
    %assign/v0 v0x18f1230_0, 0, 1;
    %ix/load 0, 3, 0;
    %assign/v0 v0x18f0f20_0, 0, 2;
    %ix/load 0, 2, 0;
    %assign/v0 v0x18f15f0_0, 0, 0;
    %ix/load 0, 1, 0;
    %assign/v0 v0x18f1190_0, 0, 0;
    %ix/load 0, 1, 0;
    %assign/v0 v0x18f1730_0, 0, 0;
    %ix/load 0, 2, 0;
    %assign/v0 v0x18f12d0_0, 0, 0;
    %ix/load 0, 2, 0;
    %assign/v0 v0x18f1440_0, 0, 2;
    %ix/load 0, 3, 0;
    %assign/v0 v0x18f0fe0_0, 0, 2;
    %ix/load 0, 1, 0;
    %assign/v0 v0x18f1690_0, 0, 2;
    %jmp T_0.27;
T_0.17 ;
    %ix/load 0, 3, 0;
    %assign/v0 v0x18f1570_0, 0, 0;
    %movi 8, 1, 2;
    %ix/load 0, 2, 0;
    %assign/v0 v0x18f14f0_0, 0, 8;
    %ix/load 0, 1, 0;
    %assign/v0 v0x18f18f0_0, 0, 1;
    %ix/load 0, 1, 0;
    %assign/v0 v0x18f1850_0, 0, 1;
    %ix/load 0, 1, 0;
    %assign/v0 v0x18f1370_0, 0, 0;
    %ix/load 0, 1, 0;
    %assign/v0 v0x18f1230_0, 0, 1;
    %ix/load 0, 3, 0;
    %assign/v0 v0x18f0f20_0, 0, 2;
    %movi 8, 1, 2;
    %ix/load 0, 2, 0;
    %assign/v0 v0x18f15f0_0, 0, 8;
    %ix/load 0, 1, 0;
    %assign/v0 v0x18f1190_0, 0, 0;
    %ix/load 0, 1, 0;
    %assign/v0 v0x18f1730_0, 0, 0;
    %ix/load 0, 2, 0;
    %assign/v0 v0x18f12d0_0, 0, 0;
    %ix/load 0, 2, 0;
    %assign/v0 v0x18f1440_0, 0, 2;
    %ix/load 0, 3, 0;
    %assign/v0 v0x18f0fe0_0, 0, 2;
    %ix/load 0, 1, 0;
    %assign/v0 v0x18f1690_0, 0, 2;
    %jmp T_0.27;
T_0.18 ;
    %ix/load 0, 3, 0;
    %assign/v0 v0x18f1570_0, 0, 2;
    %ix/load 0, 2, 0;
    %assign/v0 v0x18f14f0_0, 0, 2;
    %ix/load 0, 1, 0;
    %assign/v0 v0x18f18f0_0, 0, 0;
    %ix/load 0, 1, 0;
    %assign/v0 v0x18f1850_0, 0, 2;
    %ix/load 0, 1, 0;
    %assign/v0 v0x18f1370_0, 0, 2;
    %ix/load 0, 1, 0;
    %assign/v0 v0x18f1230_0, 0, 2;
    %ix/load 0, 3, 0;
    %assign/v0 v0x18f0f20_0, 0, 2;
    %ix/load 0, 2, 0;
    %assign/v0 v0x18f15f0_0, 0, 2;
    %ix/load 0, 1, 0;
    %assign/v0 v0x18f1190_0, 0, 0;
    %ix/load 0, 1, 0;
    %assign/v0 v0x18f1730_0, 0, 0;
    %movi 8, 1, 2;
    %ix/load 0, 2, 0;
    %assign/v0 v0x18f12d0_0, 0, 8;
    %movi 8, 1, 2;
    %ix/load 0, 2, 0;
    %assign/v0 v0x18f1440_0, 0, 8;
    %ix/load 0, 3, 0;
    %assign/v0 v0x18f0fe0_0, 0, 2;
    %ix/load 0, 1, 0;
    %assign/v0 v0x18f1690_0, 0, 2;
    %jmp T_0.27;
T_0.19 ;
    %ix/load 0, 3, 0;
    %assign/v0 v0x18f1570_0, 0, 0;
    %movi 8, 1, 2;
    %ix/load 0, 2, 0;
    %assign/v0 v0x18f14f0_0, 0, 8;
    %ix/load 0, 1, 0;
    %assign/v0 v0x18f18f0_0, 0, 1;
    %ix/load 0, 1, 0;
    %assign/v0 v0x18f1850_0, 0, 1;
    %ix/load 0, 1, 0;
    %assign/v0 v0x18f1370_0, 0, 0;
    %ix/load 0, 1, 0;
    %assign/v0 v0x18f1230_0, 0, 0;
    %movi 8, 2, 3;
    %ix/load 0, 3, 0;
    %assign/v0 v0x18f0f20_0, 0, 8;
    %ix/load 0, 2, 0;
    %assign/v0 v0x18f15f0_0, 0, 2;
    %ix/load 0, 1, 0;
    %assign/v0 v0x18f1190_0, 0, 0;
    %ix/load 0, 1, 0;
    %assign/v0 v0x18f1730_0, 0, 0;
    %ix/load 0, 2, 0;
    %assign/v0 v0x18f12d0_0, 0, 0;
    %ix/load 0, 2, 0;
    %assign/v0 v0x18f1440_0, 0, 2;
    %ix/load 0, 3, 0;
    %assign/v0 v0x18f0fe0_0, 0, 2;
    %ix/load 0, 1, 0;
    %assign/v0 v0x18f1690_0, 0, 0;
    %jmp T_0.27;
T_0.20 ;
    %ix/load 0, 3, 0;
    %assign/v0 v0x18f1570_0, 0, 0;
    %movi 8, 1, 2;
    %ix/load 0, 2, 0;
    %assign/v0 v0x18f14f0_0, 0, 8;
    %ix/load 0, 1, 0;
    %assign/v0 v0x18f18f0_0, 0, 1;
    %ix/load 0, 1, 0;
    %assign/v0 v0x18f1850_0, 0, 1;
    %ix/load 0, 1, 0;
    %assign/v0 v0x18f1370_0, 0, 0;
    %ix/load 0, 1, 0;
    %assign/v0 v0x18f1230_0, 0, 0;
    %movi 8, 2, 3;
    %ix/load 0, 3, 0;
    %assign/v0 v0x18f0f20_0, 0, 8;
    %ix/load 0, 2, 0;
    %assign/v0 v0x18f15f0_0, 0, 2;
    %ix/load 0, 1, 0;
    %assign/v0 v0x18f1190_0, 0, 0;
    %ix/load 0, 1, 0;
    %assign/v0 v0x18f1730_0, 0, 0;
    %ix/load 0, 2, 0;
    %assign/v0 v0x18f12d0_0, 0, 0;
    %ix/load 0, 2, 0;
    %assign/v0 v0x18f1440_0, 0, 2;
    %ix/load 0, 3, 0;
    %assign/v0 v0x18f0fe0_0, 0, 2;
    %ix/load 0, 1, 0;
    %assign/v0 v0x18f1690_0, 0, 1;
    %jmp T_0.27;
T_0.21 ;
    %ix/load 0, 3, 0;
    %assign/v0 v0x18f1570_0, 0, 0;
    %movi 8, 1, 2;
    %ix/load 0, 2, 0;
    %assign/v0 v0x18f14f0_0, 0, 8;
    %ix/load 0, 1, 0;
    %assign/v0 v0x18f18f0_0, 0, 1;
    %ix/load 0, 1, 0;
    %assign/v0 v0x18f1850_0, 0, 0;
    %ix/load 0, 1, 0;
    %assign/v0 v0x18f1370_0, 0, 0;
    %ix/load 0, 1, 0;
    %assign/v0 v0x18f1230_0, 0, 0;
    %movi 8, 6, 3;
    %ix/load 0, 3, 0;
    %assign/v0 v0x18f0f20_0, 0, 8;
    %ix/load 0, 2, 0;
    %assign/v0 v0x18f15f0_0, 0, 2;
    %ix/load 0, 1, 0;
    %assign/v0 v0x18f1190_0, 0, 0;
    %ix/load 0, 1, 0;
    %assign/v0 v0x18f1730_0, 0, 0;
    %ix/load 0, 2, 0;
    %assign/v0 v0x18f12d0_0, 0, 0;
    %ix/load 0, 2, 0;
    %assign/v0 v0x18f1440_0, 0, 2;
    %ix/load 0, 3, 0;
    %assign/v0 v0x18f0fe0_0, 0, 2;
    %ix/load 0, 1, 0;
    %assign/v0 v0x18f1690_0, 0, 2;
    %jmp T_0.27;
T_0.22 ;
    %ix/load 0, 3, 0;
    %assign/v0 v0x18f1570_0, 0, 0;
    %movi 8, 1, 2;
    %ix/load 0, 2, 0;
    %assign/v0 v0x18f14f0_0, 0, 8;
    %ix/load 0, 1, 0;
    %assign/v0 v0x18f18f0_0, 0, 1;
    %ix/load 0, 1, 0;
    %assign/v0 v0x18f1850_0, 0, 1;
    %ix/load 0, 1, 0;
    %assign/v0 v0x18f1370_0, 0, 0;
    %ix/load 0, 1, 0;
    %assign/v0 v0x18f1230_0, 0, 0;
    %movi 8, 6, 3;
    %ix/load 0, 3, 0;
    %assign/v0 v0x18f0f20_0, 0, 8;
    %ix/load 0, 2, 0;
    %assign/v0 v0x18f15f0_0, 0, 2;
    %ix/load 0, 1, 0;
    %assign/v0 v0x18f1190_0, 0, 0;
    %ix/load 0, 1, 0;
    %assign/v0 v0x18f1730_0, 0, 0;
    %ix/load 0, 2, 0;
    %assign/v0 v0x18f12d0_0, 0, 0;
    %ix/load 0, 2, 0;
    %assign/v0 v0x18f1440_0, 0, 2;
    %ix/load 0, 3, 0;
    %assign/v0 v0x18f0fe0_0, 0, 2;
    %ix/load 0, 1, 0;
    %assign/v0 v0x18f1690_0, 0, 1;
    %jmp T_0.27;
T_0.23 ;
    %ix/load 0, 3, 0;
    %assign/v0 v0x18f1570_0, 0, 0;
    %movi 8, 1, 2;
    %ix/load 0, 2, 0;
    %assign/v0 v0x18f14f0_0, 0, 8;
    %ix/load 0, 1, 0;
    %assign/v0 v0x18f18f0_0, 0, 1;
    %ix/load 0, 1, 0;
    %assign/v0 v0x18f1850_0, 0, 1;
    %ix/load 0, 1, 0;
    %assign/v0 v0x18f1370_0, 0, 0;
    %ix/load 0, 1, 0;
    %assign/v0 v0x18f1230_0, 0, 0;
    %ix/load 0, 3, 0;
    %assign/v0 v0x18f0f20_0, 0, 0;
    %ix/load 0, 2, 0;
    %assign/v0 v0x18f15f0_0, 0, 2;
    %ix/load 0, 1, 0;
    %assign/v0 v0x18f1190_0, 0, 0;
    %ix/load 0, 1, 0;
    %assign/v0 v0x18f1730_0, 0, 0;
    %ix/load 0, 2, 0;
    %assign/v0 v0x18f12d0_0, 0, 0;
    %ix/load 0, 2, 0;
    %assign/v0 v0x18f1440_0, 0, 2;
    %ix/load 0, 3, 0;
    %assign/v0 v0x18f0fe0_0, 0, 2;
    %ix/load 0, 1, 0;
    %assign/v0 v0x18f1690_0, 0, 2;
    %jmp T_0.27;
T_0.24 ;
    %ix/load 0, 3, 0;
    %assign/v0 v0x18f1570_0, 0, 0;
    %movi 8, 1, 2;
    %ix/load 0, 2, 0;
    %assign/v0 v0x18f14f0_0, 0, 8;
    %ix/load 0, 1, 0;
    %assign/v0 v0x18f18f0_0, 0, 1;
    %ix/load 0, 1, 0;
    %assign/v0 v0x18f1850_0, 0, 1;
    %ix/load 0, 1, 0;
    %assign/v0 v0x18f1370_0, 0, 0;
    %ix/load 0, 1, 0;
    %assign/v0 v0x18f1230_0, 0, 0;
    %movi 8, 1, 3;
    %ix/load 0, 3, 0;
    %assign/v0 v0x18f0f20_0, 0, 8;
    %ix/load 0, 2, 0;
    %assign/v0 v0x18f15f0_0, 0, 2;
    %ix/load 0, 1, 0;
    %assign/v0 v0x18f1190_0, 0, 0;
    %ix/load 0, 1, 0;
    %assign/v0 v0x18f1730_0, 0, 0;
    %ix/load 0, 2, 0;
    %assign/v0 v0x18f12d0_0, 0, 0;
    %ix/load 0, 2, 0;
    %assign/v0 v0x18f1440_0, 0, 2;
    %ix/load 0, 3, 0;
    %assign/v0 v0x18f0fe0_0, 0, 2;
    %ix/load 0, 1, 0;
    %assign/v0 v0x18f1690_0, 0, 2;
    %jmp T_0.27;
T_0.25 ;
    %ix/load 0, 3, 0;
    %assign/v0 v0x18f1570_0, 0, 0;
    %movi 8, 1, 2;
    %ix/load 0, 2, 0;
    %assign/v0 v0x18f14f0_0, 0, 8;
    %ix/load 0, 1, 0;
    %assign/v0 v0x18f18f0_0, 0, 1;
    %ix/load 0, 1, 0;
    %assign/v0 v0x18f1850_0, 0, 1;
    %ix/load 0, 1, 0;
    %assign/v0 v0x18f1370_0, 0, 0;
    %ix/load 0, 1, 0;
    %assign/v0 v0x18f1230_0, 0, 0;
    %movi 8, 5, 3;
    %ix/load 0, 3, 0;
    %assign/v0 v0x18f0f20_0, 0, 8;
    %ix/load 0, 2, 0;
    %assign/v0 v0x18f15f0_0, 0, 2;
    %ix/load 0, 1, 0;
    %assign/v0 v0x18f1190_0, 0, 0;
    %ix/load 0, 1, 0;
    %assign/v0 v0x18f1730_0, 0, 0;
    %ix/load 0, 2, 0;
    %assign/v0 v0x18f12d0_0, 0, 0;
    %ix/load 0, 2, 0;
    %assign/v0 v0x18f1440_0, 0, 2;
    %ix/load 0, 3, 0;
    %assign/v0 v0x18f0fe0_0, 0, 2;
    %ix/load 0, 1, 0;
    %assign/v0 v0x18f1690_0, 0, 2;
    %jmp T_0.27;
T_0.26 ;
    %ix/load 0, 3, 0;
    %assign/v0 v0x18f1570_0, 0, 0;
    %movi 8, 1, 2;
    %ix/load 0, 2, 0;
    %assign/v0 v0x18f14f0_0, 0, 8;
    %ix/load 0, 1, 0;
    %assign/v0 v0x18f18f0_0, 0, 1;
    %ix/load 0, 1, 0;
    %assign/v0 v0x18f1850_0, 0, 1;
    %ix/load 0, 1, 0;
    %assign/v0 v0x18f1370_0, 0, 0;
    %ix/load 0, 1, 0;
    %assign/v0 v0x18f1230_0, 0, 0;
    %movi 8, 4, 3;
    %ix/load 0, 3, 0;
    %assign/v0 v0x18f0f20_0, 0, 8;
    %ix/load 0, 2, 0;
    %assign/v0 v0x18f15f0_0, 0, 2;
    %ix/load 0, 1, 0;
    %assign/v0 v0x18f1190_0, 0, 0;
    %ix/load 0, 1, 0;
    %assign/v0 v0x18f1730_0, 0, 0;
    %ix/load 0, 2, 0;
    %assign/v0 v0x18f12d0_0, 0, 0;
    %ix/load 0, 2, 0;
    %assign/v0 v0x18f1440_0, 0, 2;
    %ix/load 0, 3, 0;
    %assign/v0 v0x18f0fe0_0, 0, 2;
    %ix/load 0, 1, 0;
    %assign/v0 v0x18f1690_0, 0, 2;
    %jmp T_0.27;
T_0.27 ;
    %jmp T_0.14;
T_0.1 ;
    %ix/load 0, 3, 0;
    %assign/v0 v0x18f1570_0, 0, 2;
    %ix/load 0, 2, 0;
    %assign/v0 v0x18f14f0_0, 0, 2;
    %ix/load 0, 1, 0;
    %assign/v0 v0x18f18f0_0, 0, 0;
    %ix/load 0, 1, 0;
    %assign/v0 v0x18f1850_0, 0, 2;
    %ix/load 0, 1, 0;
    %assign/v0 v0x18f1370_0, 0, 2;
    %ix/load 0, 1, 0;
    %assign/v0 v0x18f1230_0, 0, 2;
    %ix/load 0, 3, 0;
    %assign/v0 v0x18f0f20_0, 0, 2;
    %ix/load 0, 2, 0;
    %assign/v0 v0x18f15f0_0, 0, 2;
    %ix/load 0, 1, 0;
    %assign/v0 v0x18f1190_0, 0, 0;
    %ix/load 0, 1, 0;
    %assign/v0 v0x18f1730_0, 0, 0;
    %movi 8, 1, 2;
    %ix/load 0, 2, 0;
    %assign/v0 v0x18f12d0_0, 0, 8;
    %movi 8, 2, 2;
    %ix/load 0, 2, 0;
    %assign/v0 v0x18f1440_0, 0, 8;
    %ix/load 0, 3, 0;
    %assign/v0 v0x18f0fe0_0, 0, 2;
    %ix/load 0, 1, 0;
    %assign/v0 v0x18f1690_0, 0, 2;
    %jmp T_0.14;
T_0.2 ;
    %ix/load 0, 3, 0;
    %assign/v0 v0x18f1570_0, 0, 2;
    %ix/load 0, 2, 0;
    %assign/v0 v0x18f14f0_0, 0, 2;
    %ix/load 0, 1, 0;
    %assign/v0 v0x18f18f0_0, 0, 0;
    %ix/load 0, 1, 0;
    %assign/v0 v0x18f1850_0, 0, 2;
    %ix/load 0, 1, 0;
    %assign/v0 v0x18f1370_0, 0, 2;
    %ix/load 0, 1, 0;
    %assign/v0 v0x18f1230_0, 0, 2;
    %ix/load 0, 3, 0;
    %assign/v0 v0x18f0f20_0, 0, 2;
    %ix/load 0, 2, 0;
    %assign/v0 v0x18f15f0_0, 0, 2;
    %ix/load 0, 1, 0;
    %assign/v0 v0x18f1190_0, 0, 0;
    %ix/load 0, 1, 0;
    %assign/v0 v0x18f1730_0, 0, 0;
    %movi 8, 2, 2;
    %ix/load 0, 2, 0;
    %assign/v0 v0x18f12d0_0, 0, 8;
    %ix/load 0, 2, 0;
    %assign/v0 v0x18f1440_0, 0, 0;
    %ix/load 0, 3, 0;
    %assign/v0 v0x18f0fe0_0, 0, 0;
    %ix/load 0, 1, 0;
    %assign/v0 v0x18f1690_0, 0, 0;
    %jmp T_0.14;
T_0.3 ;
    %ix/load 0, 3, 0;
    %assign/v0 v0x18f1570_0, 0, 2;
    %ix/load 0, 2, 0;
    %assign/v0 v0x18f14f0_0, 0, 2;
    %ix/load 0, 1, 0;
    %assign/v0 v0x18f18f0_0, 0, 0;
    %ix/load 0, 1, 0;
    %assign/v0 v0x18f1850_0, 0, 2;
    %ix/load 0, 1, 0;
    %assign/v0 v0x18f1370_0, 0, 2;
    %ix/load 0, 1, 0;
    %assign/v0 v0x18f1230_0, 0, 2;
    %ix/load 0, 3, 0;
    %assign/v0 v0x18f0f20_0, 0, 2;
    %ix/load 0, 2, 0;
    %assign/v0 v0x18f15f0_0, 0, 2;
    %ix/load 0, 1, 0;
    %assign/v0 v0x18f1190_0, 0, 0;
    %ix/load 0, 1, 0;
    %assign/v0 v0x18f1730_0, 0, 0;
    %movi 8, 2, 2;
    %ix/load 0, 2, 0;
    %assign/v0 v0x18f12d0_0, 0, 8;
    %ix/load 0, 2, 0;
    %assign/v0 v0x18f1440_0, 0, 0;
    %movi 8, 5, 3;
    %ix/load 0, 3, 0;
    %assign/v0 v0x18f0fe0_0, 0, 8;
    %ix/load 0, 1, 0;
    %assign/v0 v0x18f1690_0, 0, 0;
    %jmp T_0.14;
T_0.4 ;
    %ix/load 0, 3, 0;
    %assign/v0 v0x18f1570_0, 0, 2;
    %ix/load 0, 2, 0;
    %assign/v0 v0x18f14f0_0, 0, 2;
    %ix/load 0, 1, 0;
    %assign/v0 v0x18f18f0_0, 0, 0;
    %ix/load 0, 1, 0;
    %assign/v0 v0x18f1850_0, 0, 2;
    %ix/load 0, 1, 0;
    %assign/v0 v0x18f1370_0, 0, 2;
    %ix/load 0, 1, 0;
    %assign/v0 v0x18f1230_0, 0, 2;
    %ix/load 0, 3, 0;
    %assign/v0 v0x18f0f20_0, 0, 2;
    %ix/load 0, 2, 0;
    %assign/v0 v0x18f15f0_0, 0, 2;
    %ix/load 0, 1, 0;
    %assign/v0 v0x18f1190_0, 0, 0;
    %ix/load 0, 1, 0;
    %assign/v0 v0x18f1730_0, 0, 0;
    %movi 8, 2, 2;
    %ix/load 0, 2, 0;
    %assign/v0 v0x18f12d0_0, 0, 8;
    %ix/load 0, 2, 0;
    %assign/v0 v0x18f1440_0, 0, 0;
    %movi 8, 2, 3;
    %ix/load 0, 3, 0;
    %assign/v0 v0x18f0fe0_0, 0, 8;
    %ix/load 0, 1, 0;
    %assign/v0 v0x18f1690_0, 0, 0;
    %jmp T_0.14;
T_0.5 ;
    %ix/load 0, 3, 0;
    %assign/v0 v0x18f1570_0, 0, 2;
    %ix/load 0, 2, 0;
    %assign/v0 v0x18f14f0_0, 0, 2;
    %ix/load 0, 1, 0;
    %assign/v0 v0x18f18f0_0, 0, 0;
    %ix/load 0, 1, 0;
    %assign/v0 v0x18f1850_0, 0, 2;
    %ix/load 0, 1, 0;
    %assign/v0 v0x18f1370_0, 0, 2;
    %ix/load 0, 1, 0;
    %assign/v0 v0x18f1230_0, 0, 2;
    %ix/load 0, 3, 0;
    %assign/v0 v0x18f0f20_0, 0, 2;
    %ix/load 0, 2, 0;
    %assign/v0 v0x18f15f0_0, 0, 2;
    %ix/load 0, 1, 0;
    %assign/v0 v0x18f1190_0, 0, 0;
    %ix/load 0, 1, 0;
    %assign/v0 v0x18f1730_0, 0, 0;
    %movi 8, 2, 2;
    %ix/load 0, 2, 0;
    %assign/v0 v0x18f12d0_0, 0, 8;
    %ix/load 0, 2, 0;
    %assign/v0 v0x18f1440_0, 0, 0;
    %movi 8, 3, 3;
    %ix/load 0, 3, 0;
    %assign/v0 v0x18f0fe0_0, 0, 8;
    %ix/load 0, 1, 0;
    %assign/v0 v0x18f1690_0, 0, 0;
    %jmp T_0.14;
T_0.6 ;
    %ix/load 0, 3, 0;
    %assign/v0 v0x18f1570_0, 0, 0;
    %ix/load 0, 2, 0;
    %assign/v0 v0x18f14f0_0, 0, 0;
    %ix/load 0, 1, 0;
    %assign/v0 v0x18f18f0_0, 0, 1;
    %ix/load 0, 1, 0;
    %assign/v0 v0x18f1850_0, 0, 0;
    %ix/load 0, 1, 0;
    %assign/v0 v0x18f1370_0, 0, 1;
    %ix/load 0, 1, 0;
    %assign/v0 v0x18f1230_0, 0, 0;
    %movi 8, 2, 3;
    %ix/load 0, 3, 0;
    %assign/v0 v0x18f0f20_0, 0, 8;
    %ix/load 0, 2, 0;
    %assign/v0 v0x18f15f0_0, 0, 2;
    %ix/load 0, 1, 0;
    %assign/v0 v0x18f1190_0, 0, 0;
    %ix/load 0, 1, 0;
    %assign/v0 v0x18f1730_0, 0, 0;
    %ix/load 0, 2, 0;
    %assign/v0 v0x18f12d0_0, 0, 0;
    %ix/load 0, 2, 0;
    %assign/v0 v0x18f1440_0, 0, 2;
    %ix/load 0, 3, 0;
    %assign/v0 v0x18f0fe0_0, 0, 2;
    %ix/load 0, 1, 0;
    %assign/v0 v0x18f1690_0, 0, 0;
    %jmp T_0.14;
T_0.7 ;
    %ix/load 0, 3, 0;
    %assign/v0 v0x18f1570_0, 0, 0;
    %ix/load 0, 2, 0;
    %assign/v0 v0x18f14f0_0, 0, 0;
    %ix/load 0, 1, 0;
    %assign/v0 v0x18f18f0_0, 0, 1;
    %ix/load 0, 1, 0;
    %assign/v0 v0x18f1850_0, 0, 1;
    %ix/load 0, 1, 0;
    %assign/v0 v0x18f1370_0, 0, 1;
    %ix/load 0, 1, 0;
    %assign/v0 v0x18f1230_0, 0, 0;
    %movi 8, 2, 3;
    %ix/load 0, 3, 0;
    %assign/v0 v0x18f0f20_0, 0, 8;
    %ix/load 0, 2, 0;
    %assign/v0 v0x18f15f0_0, 0, 2;
    %ix/load 0, 1, 0;
    %assign/v0 v0x18f1190_0, 0, 0;
    %ix/load 0, 1, 0;
    %assign/v0 v0x18f1730_0, 0, 0;
    %ix/load 0, 2, 0;
    %assign/v0 v0x18f12d0_0, 0, 0;
    %ix/load 0, 2, 0;
    %assign/v0 v0x18f1440_0, 0, 2;
    %ix/load 0, 3, 0;
    %assign/v0 v0x18f0fe0_0, 0, 2;
    %ix/load 0, 1, 0;
    %assign/v0 v0x18f1690_0, 0, 1;
    %jmp T_0.14;
T_0.8 ;
    %ix/load 0, 3, 0;
    %assign/v0 v0x18f1570_0, 0, 0;
    %ix/load 0, 2, 0;
    %assign/v0 v0x18f14f0_0, 0, 0;
    %ix/load 0, 1, 0;
    %assign/v0 v0x18f18f0_0, 0, 1;
    %ix/load 0, 1, 0;
    %assign/v0 v0x18f1850_0, 0, 1;
    %ix/load 0, 1, 0;
    %assign/v0 v0x18f1370_0, 0, 1;
    %ix/load 0, 1, 0;
    %assign/v0 v0x18f1230_0, 0, 0;
    %ix/load 0, 3, 0;
    %assign/v0 v0x18f0f20_0, 0, 0;
    %ix/load 0, 2, 0;
    %assign/v0 v0x18f15f0_0, 0, 2;
    %ix/load 0, 1, 0;
    %assign/v0 v0x18f1190_0, 0, 0;
    %ix/load 0, 1, 0;
    %assign/v0 v0x18f1730_0, 0, 0;
    %ix/load 0, 2, 0;
    %assign/v0 v0x18f12d0_0, 0, 0;
    %ix/load 0, 2, 0;
    %assign/v0 v0x18f1440_0, 0, 2;
    %ix/load 0, 3, 0;
    %assign/v0 v0x18f0fe0_0, 0, 2;
    %ix/load 0, 1, 0;
    %assign/v0 v0x18f1690_0, 0, 2;
    %jmp T_0.14;
T_0.9 ;
    %ix/load 0, 3, 0;
    %assign/v0 v0x18f1570_0, 0, 0;
    %ix/load 0, 2, 0;
    %assign/v0 v0x18f14f0_0, 0, 0;
    %ix/load 0, 1, 0;
    %assign/v0 v0x18f18f0_0, 0, 1;
    %ix/load 0, 1, 0;
    %assign/v0 v0x18f1850_0, 0, 1;
    %ix/load 0, 1, 0;
    %assign/v0 v0x18f1370_0, 0, 1;
    %ix/load 0, 1, 0;
    %assign/v0 v0x18f1230_0, 0, 0;
    %movi 8, 1, 3;
    %ix/load 0, 3, 0;
    %assign/v0 v0x18f0f20_0, 0, 8;
    %ix/load 0, 2, 0;
    %assign/v0 v0x18f15f0_0, 0, 2;
    %ix/load 0, 1, 0;
    %assign/v0 v0x18f1190_0, 0, 0;
    %ix/load 0, 1, 0;
    %assign/v0 v0x18f1730_0, 0, 0;
    %ix/load 0, 2, 0;
    %assign/v0 v0x18f12d0_0, 0, 0;
    %ix/load 0, 2, 0;
    %assign/v0 v0x18f1440_0, 0, 2;
    %ix/load 0, 3, 0;
    %assign/v0 v0x18f0fe0_0, 0, 2;
    %ix/load 0, 1, 0;
    %assign/v0 v0x18f1690_0, 0, 2;
    %jmp T_0.14;
T_0.10 ;
    %ix/load 0, 3, 0;
    %assign/v0 v0x18f1570_0, 0, 0;
    %ix/load 0, 2, 0;
    %assign/v0 v0x18f14f0_0, 0, 0;
    %ix/load 0, 1, 0;
    %assign/v0 v0x18f18f0_0, 0, 1;
    %ix/load 0, 1, 0;
    %assign/v0 v0x18f1850_0, 0, 1;
    %ix/load 0, 1, 0;
    %assign/v0 v0x18f1370_0, 0, 1;
    %ix/load 0, 1, 0;
    %assign/v0 v0x18f1230_0, 0, 0;
    %movi 8, 5, 3;
    %ix/load 0, 3, 0;
    %assign/v0 v0x18f0f20_0, 0, 8;
    %ix/load 0, 2, 0;
    %assign/v0 v0x18f15f0_0, 0, 2;
    %ix/load 0, 1, 0;
    %assign/v0 v0x18f1190_0, 0, 0;
    %ix/load 0, 1, 0;
    %assign/v0 v0x18f1730_0, 0, 0;
    %ix/load 0, 2, 0;
    %assign/v0 v0x18f12d0_0, 0, 0;
    %ix/load 0, 2, 0;
    %assign/v0 v0x18f1440_0, 0, 2;
    %ix/load 0, 3, 0;
    %assign/v0 v0x18f0fe0_0, 0, 2;
    %ix/load 0, 1, 0;
    %assign/v0 v0x18f1690_0, 0, 2;
    %jmp T_0.14;
T_0.11 ;
    %movi 8, 1, 3;
    %ix/load 0, 3, 0;
    %assign/v0 v0x18f1570_0, 0, 8;
    %ix/load 0, 2, 0;
    %assign/v0 v0x18f14f0_0, 0, 0;
    %ix/load 0, 1, 0;
    %assign/v0 v0x18f18f0_0, 0, 1;
    %ix/load 0, 1, 0;
    %assign/v0 v0x18f1850_0, 0, 1;
    %ix/load 0, 1, 0;
    %assign/v0 v0x18f1370_0, 0, 1;
    %ix/load 0, 1, 0;
    %assign/v0 v0x18f1230_0, 0, 0;
    %movi 8, 2, 3;
    %ix/load 0, 3, 0;
    %assign/v0 v0x18f0f20_0, 0, 8;
    %ix/load 0, 2, 0;
    %assign/v0 v0x18f15f0_0, 0, 2;
    %ix/load 0, 1, 0;
    %assign/v0 v0x18f1190_0, 0, 1;
    %ix/load 0, 1, 0;
    %assign/v0 v0x18f1730_0, 0, 0;
    %ix/load 0, 2, 0;
    %assign/v0 v0x18f12d0_0, 0, 0;
    %ix/load 0, 2, 0;
    %assign/v0 v0x18f1440_0, 0, 2;
    %ix/load 0, 3, 0;
    %assign/v0 v0x18f0fe0_0, 0, 2;
    %ix/load 0, 1, 0;
    %assign/v0 v0x18f1690_0, 0, 0;
    %jmp T_0.14;
T_0.12 ;
    %ix/load 0, 3, 0;
    %assign/v0 v0x18f1570_0, 0, 2;
    %ix/load 0, 2, 0;
    %assign/v0 v0x18f14f0_0, 0, 2;
    %ix/load 0, 1, 0;
    %assign/v0 v0x18f18f0_0, 0, 0;
    %ix/load 0, 1, 0;
    %assign/v0 v0x18f1850_0, 0, 2;
    %ix/load 0, 1, 0;
    %assign/v0 v0x18f1370_0, 0, 1;
    %ix/load 0, 1, 0;
    %assign/v0 v0x18f1230_0, 0, 0;
    %movi 8, 2, 3;
    %ix/load 0, 3, 0;
    %assign/v0 v0x18f0f20_0, 0, 8;
    %ix/load 0, 2, 0;
    %assign/v0 v0x18f15f0_0, 0, 2;
    %ix/load 0, 1, 0;
    %assign/v0 v0x18f1190_0, 0, 0;
    %ix/load 0, 1, 0;
    %assign/v0 v0x18f1730_0, 0, 1;
    %ix/load 0, 2, 0;
    %assign/v0 v0x18f12d0_0, 0, 0;
    %ix/load 0, 2, 0;
    %assign/v0 v0x18f1440_0, 0, 2;
    %ix/load 0, 3, 0;
    %assign/v0 v0x18f0fe0_0, 0, 2;
    %ix/load 0, 1, 0;
    %assign/v0 v0x18f1690_0, 0, 0;
    %jmp T_0.14;
T_0.14 ;
    %jmp T_0;
    .thread T_0, $push;
    .scope S_0x18f0140;
T_1 ;
    %wait E_0x18f02f0;
    %ix/load 3, 0, 0; address
    %ix/load 0, 32, 0; word width
    %ix/load 1, 0, 0; part off
    %assign/av v0x18f0bd0, 0, 0;
t_0 ;
    %jmp T_1;
    .thread T_1;
    .scope S_0x18efe80;
T_2 ;
    %wait E_0x18f0030;
    %ix/load 3, 1, 0; address
    %ix/load 0, 32, 0; word width
    %ix/load 1, 0, 0; part off
    %assign/av v0x18f0bd0, 0, 0;
t_1 ;
    %jmp T_2;
    .thread T_2;
    .scope S_0x18efbc0;
T_3 ;
    %wait E_0x18efd70;
    %ix/load 3, 2, 0; address
    %ix/load 0, 32, 0; word width
    %ix/load 1, 0, 0; part off
    %assign/av v0x18f0bd0, 0, 0;
t_2 ;
    %jmp T_3;
    .thread T_3;
    .scope S_0x18ef900;
T_4 ;
    %wait E_0x18efab0;
    %ix/load 3, 3, 0; address
    %ix/load 0, 32, 0; word width
    %ix/load 1, 0, 0; part off
    %assign/av v0x18f0bd0, 0, 0;
t_3 ;
    %jmp T_4;
    .thread T_4;
    .scope S_0x18ef640;
T_5 ;
    %wait E_0x18ef7f0;
    %ix/load 3, 4, 0; address
    %ix/load 0, 32, 0; word width
    %ix/load 1, 0, 0; part off
    %assign/av v0x18f0bd0, 0, 0;
t_4 ;
    %jmp T_5;
    .thread T_5;
    .scope S_0x18ef380;
T_6 ;
    %wait E_0x18ef530;
    %ix/load 3, 5, 0; address
    %ix/load 0, 32, 0; word width
    %ix/load 1, 0, 0; part off
    %assign/av v0x18f0bd0, 0, 0;
t_5 ;
    %jmp T_6;
    .thread T_6;
    .scope S_0x18ef0c0;
T_7 ;
    %wait E_0x18ef270;
    %ix/load 3, 6, 0; address
    %ix/load 0, 32, 0; word width
    %ix/load 1, 0, 0; part off
    %assign/av v0x18f0bd0, 0, 0;
t_6 ;
    %jmp T_7;
    .thread T_7;
    .scope S_0x18eee00;
T_8 ;
    %wait E_0x18eefb0;
    %ix/load 3, 7, 0; address
    %ix/load 0, 32, 0; word width
    %ix/load 1, 0, 0; part off
    %assign/av v0x18f0bd0, 0, 0;
t_7 ;
    %jmp T_8;
    .thread T_8;
    .scope S_0x18eeb40;
T_9 ;
    %wait E_0x18eecf0;
    %ix/load 3, 8, 0; address
    %ix/load 0, 32, 0; word width
    %ix/load 1, 0, 0; part off
    %assign/av v0x18f0bd0, 0, 0;
t_8 ;
    %jmp T_9;
    .thread T_9;
    .scope S_0x18ee880;
T_10 ;
    %wait E_0x18eea30;
    %ix/load 3, 9, 0; address
    %ix/load 0, 32, 0; word width
    %ix/load 1, 0, 0; part off
    %assign/av v0x18f0bd0, 0, 0;
t_9 ;
    %jmp T_10;
    .thread T_10;
    .scope S_0x18ee5c0;
T_11 ;
    %wait E_0x18ee770;
    %ix/load 3, 10, 0; address
    %ix/load 0, 32, 0; word width
    %ix/load 1, 0, 0; part off
    %assign/av v0x18f0bd0, 0, 0;
t_10 ;
    %jmp T_11;
    .thread T_11;
    .scope S_0x18ee300;
T_12 ;
    %wait E_0x18ee4b0;
    %ix/load 3, 11, 0; address
    %ix/load 0, 32, 0; word width
    %ix/load 1, 0, 0; part off
    %assign/av v0x18f0bd0, 0, 0;
t_11 ;
    %jmp T_12;
    .thread T_12;
    .scope S_0x18ee040;
T_13 ;
    %wait E_0x18ee1f0;
    %ix/load 3, 12, 0; address
    %ix/load 0, 32, 0; word width
    %ix/load 1, 0, 0; part off
    %assign/av v0x18f0bd0, 0, 0;
t_12 ;
    %jmp T_13;
    .thread T_13;
    .scope S_0x18edd80;
T_14 ;
    %wait E_0x18edf30;
    %ix/load 3, 13, 0; address
    %ix/load 0, 32, 0; word width
    %ix/load 1, 0, 0; part off
    %assign/av v0x18f0bd0, 0, 0;
t_13 ;
    %jmp T_14;
    .thread T_14;
    .scope S_0x18edac0;
T_15 ;
    %wait E_0x18edc70;
    %ix/load 3, 14, 0; address
    %ix/load 0, 32, 0; word width
    %ix/load 1, 0, 0; part off
    %assign/av v0x18f0bd0, 0, 0;
t_14 ;
    %jmp T_15;
    .thread T_15;
    .scope S_0x18ed800;
T_16 ;
    %wait E_0x18ed9b0;
    %ix/load 3, 15, 0; address
    %ix/load 0, 32, 0; word width
    %ix/load 1, 0, 0; part off
    %assign/av v0x18f0bd0, 0, 0;
t_15 ;
    %jmp T_16;
    .thread T_16;
    .scope S_0x18ed540;
T_17 ;
    %wait E_0x18ed6f0;
    %ix/load 3, 16, 0; address
    %ix/load 0, 32, 0; word width
    %ix/load 1, 0, 0; part off
    %assign/av v0x18f0bd0, 0, 0;
t_16 ;
    %jmp T_17;
    .thread T_17;
    .scope S_0x18ed280;
T_18 ;
    %wait E_0x18ed430;
    %ix/load 3, 17, 0; address
    %ix/load 0, 32, 0; word width
    %ix/load 1, 0, 0; part off
    %assign/av v0x18f0bd0, 0, 0;
t_17 ;
    %jmp T_18;
    .thread T_18;
    .scope S_0x18ecfc0;
T_19 ;
    %wait E_0x18ed170;
    %ix/load 3, 18, 0; address
    %ix/load 0, 32, 0; word width
    %ix/load 1, 0, 0; part off
    %assign/av v0x18f0bd0, 0, 0;
t_18 ;
    %jmp T_19;
    .thread T_19;
    .scope S_0x18ecd00;
T_20 ;
    %wait E_0x18eceb0;
    %ix/load 3, 19, 0; address
    %ix/load 0, 32, 0; word width
    %ix/load 1, 0, 0; part off
    %assign/av v0x18f0bd0, 0, 0;
t_19 ;
    %jmp T_20;
    .thread T_20;
    .scope S_0x18eca40;
T_21 ;
    %wait E_0x18ecbf0;
    %ix/load 3, 20, 0; address
    %ix/load 0, 32, 0; word width
    %ix/load 1, 0, 0; part off
    %assign/av v0x18f0bd0, 0, 0;
t_20 ;
    %jmp T_21;
    .thread T_21;
    .scope S_0x18ec780;
T_22 ;
    %wait E_0x18ec930;
    %ix/load 3, 21, 0; address
    %ix/load 0, 32, 0; word width
    %ix/load 1, 0, 0; part off
    %assign/av v0x18f0bd0, 0, 0;
t_21 ;
    %jmp T_22;
    .thread T_22;
    .scope S_0x18ec4c0;
T_23 ;
    %wait E_0x18ec670;
    %ix/load 3, 22, 0; address
    %ix/load 0, 32, 0; word width
    %ix/load 1, 0, 0; part off
    %assign/av v0x18f0bd0, 0, 0;
t_22 ;
    %jmp T_23;
    .thread T_23;
    .scope S_0x18ec200;
T_24 ;
    %wait E_0x18ec3b0;
    %ix/load 3, 23, 0; address
    %ix/load 0, 32, 0; word width
    %ix/load 1, 0, 0; part off
    %assign/av v0x18f0bd0, 0, 0;
t_23 ;
    %jmp T_24;
    .thread T_24;
    .scope S_0x18ebf40;
T_25 ;
    %wait E_0x18ec0f0;
    %ix/load 3, 24, 0; address
    %ix/load 0, 32, 0; word width
    %ix/load 1, 0, 0; part off
    %assign/av v0x18f0bd0, 0, 0;
t_24 ;
    %jmp T_25;
    .thread T_25;
    .scope S_0x18ebc80;
T_26 ;
    %wait E_0x18ebe30;
    %ix/load 3, 25, 0; address
    %ix/load 0, 32, 0; word width
    %ix/load 1, 0, 0; part off
    %assign/av v0x18f0bd0, 0, 0;
t_25 ;
    %jmp T_26;
    .thread T_26;
    .scope S_0x18eb9c0;
T_27 ;
    %wait E_0x18ebb70;
    %ix/load 3, 26, 0; address
    %ix/load 0, 32, 0; word width
    %ix/load 1, 0, 0; part off
    %assign/av v0x18f0bd0, 0, 0;
t_26 ;
    %jmp T_27;
    .thread T_27;
    .scope S_0x18eb700;
T_28 ;
    %wait E_0x18eb8b0;
    %ix/load 3, 27, 0; address
    %ix/load 0, 32, 0; word width
    %ix/load 1, 0, 0; part off
    %assign/av v0x18f0bd0, 0, 0;
t_27 ;
    %jmp T_28;
    .thread T_28;
    .scope S_0x18eb440;
T_29 ;
    %wait E_0x18eb5f0;
    %ix/load 3, 28, 0; address
    %ix/load 0, 32, 0; word width
    %ix/load 1, 0, 0; part off
    %assign/av v0x18f0bd0, 0, 0;
t_28 ;
    %jmp T_29;
    .thread T_29;
    .scope S_0x18eb180;
T_30 ;
    %wait E_0x18eb330;
    %ix/load 3, 29, 0; address
    %ix/load 0, 32, 0; word width
    %ix/load 1, 0, 0; part off
    %assign/av v0x18f0bd0, 0, 0;
t_29 ;
    %jmp T_30;
    .thread T_30;
    .scope S_0x18eaec0;
T_31 ;
    %wait E_0x18eb070;
    %ix/load 3, 30, 0; address
    %ix/load 0, 32, 0; word width
    %ix/load 1, 0, 0; part off
    %assign/av v0x18f0bd0, 0, 0;
t_30 ;
    %jmp T_31;
    .thread T_31;
    .scope S_0x18eac00;
T_32 ;
    %wait E_0x18eadb0;
    %ix/load 3, 31, 0; address
    %ix/load 0, 32, 0; word width
    %ix/load 1, 0, 0; part off
    %assign/av v0x18f0bd0, 0, 0;
t_31 ;
    %jmp T_32;
    .thread T_32;
    .scope S_0x18ea9a0;
T_33 ;
    %wait E_0x18eabb0;
    %ix/getv 3, v0x18f04c0_0;
    %load/av 8, v0x18f0bd0, 32;
    %ix/load 0, 32, 0;
    %assign/v0 v0x18f0990_0, 0, 8;
    %ix/getv 3, v0x18f0560_0;
    %load/av 8, v0x18f0bd0, 32;
    %ix/load 0, 32, 0;
    %assign/v0 v0x18f0a10_0, 0, 8;
    %jmp T_33;
    .thread T_33;
    .scope S_0x18ea9a0;
T_34 ;
    %wait E_0x18eabb0;
    %load/v 8, v0x18f0b30_0, 1;
    %jmp/0xz  T_34.0, 8;
    %load/v 8, v0x18f0a90_0, 32;
    %ix/getv 3, v0x18f0600_0;
    %jmp/1 t_32, 4;
    %ix/load 0, 32, 0; word width
    %ix/load 1, 0, 0; part off
    %assign/av v0x18f0bd0, 0, 8;
t_32 ;
T_34.0 ;
    %jmp T_34;
    .thread T_34;
    .scope S_0x18ea9a0;
T_35 ;
    %wait E_0x18eab60;
    %ix/getv 3, v0x18f04c0_0;
    %load/av 8, v0x18f0bd0, 32;
    %ix/load 0, 32, 0;
    %assign/v0 v0x18f0750_0, 0, 8;
    %jmp T_35;
    .thread T_35, $push;
    .scope S_0x18ea9a0;
T_36 ;
    %wait E_0x18eaad0;
    %ix/getv 3, v0x18f0560_0;
    %load/av 8, v0x18f0bd0, 32;
    %ix/load 0, 32, 0;
    %assign/v0 v0x18f0810_0, 0, 8;
    %jmp T_36;
    .thread T_36, $push;
    .scope S_0x18ea5b0;
T_37 ;
    %wait E_0x18ea6a0;
    %load/v 8, v0x18ea8f0_0, 3;
    %cmpi/u 8, 0, 3;
    %jmp/1 T_37.0, 6;
    %cmpi/u 8, 1, 3;
    %jmp/1 T_37.1, 6;
    %cmpi/u 8, 2, 3;
    %jmp/1 T_37.2, 6;
    %cmpi/u 8, 3, 3;
    %jmp/1 T_37.3, 6;
    %cmpi/u 8, 4, 3;
    %jmp/1 T_37.4, 6;
    %cmpi/u 8, 5, 3;
    %jmp/1 T_37.5, 6;
    %set/v v0x18ea850_0, 0, 1;
    %jmp T_37.7;
T_37.0 ;
    %load/v 8, v0x18ea6f0_0, 32;
    %load/v 40, v0x18ea7b0_0, 32;
    %cmp/u 8, 40, 32;
    %mov 8, 4, 1;
    %ix/load 0, 1, 0;
    %assign/v0 v0x18ea850_0, 0, 8;
    %jmp T_37.7;
T_37.1 ;
    %load/v 8, v0x18ea7b0_0, 32;
    %load/v 40, v0x18ea6f0_0, 32;
    %cmp/u 8, 40, 32;
    %or 5, 4, 1;
    %mov 8, 5, 1;
    %ix/load 0, 1, 0;
    %assign/v0 v0x18ea850_0, 0, 8;
    %jmp T_37.7;
T_37.2 ;
    %load/v 8, v0x18ea6f0_0, 32;
    %load/v 40, v0x18ea7b0_0, 32;
    %cmp/u 8, 40, 32;
    %or 5, 4, 1;
    %mov 8, 5, 1;
    %ix/load 0, 1, 0;
    %assign/v0 v0x18ea850_0, 0, 8;
    %jmp T_37.7;
T_37.3 ;
    %load/v 8, v0x18ea7b0_0, 32;
    %load/v 40, v0x18ea6f0_0, 32;
    %cmp/u 8, 40, 32;
    %mov 8, 5, 1;
    %ix/load 0, 1, 0;
    %assign/v0 v0x18ea850_0, 0, 8;
    %jmp T_37.7;
T_37.4 ;
    %load/v 8, v0x18ea6f0_0, 32;
    %load/v 40, v0x18ea7b0_0, 32;
    %cmp/u 8, 40, 32;
    %mov 8, 5, 1;
    %ix/load 0, 1, 0;
    %assign/v0 v0x18ea850_0, 0, 8;
    %jmp T_37.7;
T_37.5 ;
    %load/v 8, v0x18ea6f0_0, 32;
    %load/v 40, v0x18ea7b0_0, 32;
    %cmp/u 8, 40, 32;
    %inv 4, 1;
    %mov 8, 4, 1;
    %ix/load 0, 1, 0;
    %assign/v0 v0x18ea850_0, 0, 8;
    %jmp T_37.7;
T_37.7 ;
    %jmp T_37;
    .thread T_37, $push;
    .scope S_0x18e99e0;
T_38 ;
    %wait E_0x18bf880;
    %load/v 8, v0x18ea530_0, 1;
    %cmpi/u 8, 0, 1;
    %jmp/0xz  T_38.0, 4;
    %ix/load 0, 32, 0;
    %assign/v0 v0x18ea370_0, 0, 0;
    %ix/load 0, 32, 0;
    %assign/v0 v0x18ea410_0, 0, 0;
    %ix/load 0, 1, 0;
    %assign/v0 v0x18ea230_0, 0, 0;
    %ix/load 0, 32, 0;
    %assign/v0 v0x18ea0f0_0, 0, 0;
    %ix/load 0, 32, 0;
    %assign/v0 v0x18ea050_0, 0, 0;
    %jmp T_38.1;
T_38.0 ;
    %load/v 8, v0x18e9cd0_0, 1;
    %jmp/0xz  T_38.2, 8;
    %ix/load 0, 32, 0;
    %assign/v0 v0x18ea050_0, 0, 0;
    %load/v 8, v0x18ea410_0, 32;
    %ix/load 0, 32, 0;
    %assign/v0 v0x18ea0f0_0, 0, 8;
    %jmp T_38.3;
T_38.2 ;
    %ix/load 0, 1, 0;
    %assign/v0 v0x18ea230_0, 0, 0;
    %load/v 8, v0x18ea370_0, 32;
    %ix/load 0, 32, 0;
    %assign/v0 v0x18ea410_0, 0, 8;
    %load/v 8, v0x18ea370_0, 32;
    %ix/load 0, 32, 0;
    %assign/v0 v0x18ea0f0_0, 0, 8;
    %load/v 8, v0x18e9f30_0, 1;
    %cmpi/u 8, 0, 1;
    %jmp/1 T_38.4, 6;
    %cmpi/u 8, 1, 1;
    %jmp/1 T_38.5, 6;
    %jmp T_38.6;
T_38.4 ;
    %load/v 8, v0x18ea370_0, 32;
    %mov 40, 0, 1;
    %addi 8, 4, 33;
    %ix/load 0, 32, 0;
    %assign/v0 v0x18ea370_0, 0, 8;
    %jmp T_38.6;
T_38.5 ;
    %load/v 8, v0x18e9fb0_0, 2;
    %cmpi/u 8, 0, 2;
    %jmp/1 T_38.7, 6;
    %cmpi/u 8, 1, 2;
    %jmp/1 T_38.8, 6;
    %cmpi/u 8, 2, 2;
    %jmp/1 T_38.9, 6;
    %cmpi/u 8, 3, 2;
    %jmp/1 T_38.10, 6;
    %jmp T_38.11;
T_38.7 ;
    %load/v 8, v0x18e9d80_0, 32;
    %ix/load 0, 32, 0;
    %assign/v0 v0x18ea370_0, 0, 8;
    %jmp T_38.11;
T_38.8 ;
    %load/v 8, v0x18e9eb0_0, 32;
    %ix/load 0, 32, 0;
    %assign/v0 v0x18ea370_0, 0, 8;
    %jmp T_38.11;
T_38.9 ;
    %load/v 8, v0x18e9e00_0, 32;
    %ix/load 0, 32, 0;
    %assign/v0 v0x18ea370_0, 0, 8;
    %jmp T_38.11;
T_38.10 ;
    %movi 8, 64, 32;
    %ix/load 0, 32, 0;
    %assign/v0 v0x18ea370_0, 0, 8;
    %jmp T_38.11;
T_38.11 ;
    %jmp T_38.6;
T_38.6 ;
T_38.3 ;
T_38.1 ;
    %jmp T_38;
    .thread T_38;
    .scope S_0x18e8040;
T_39 ;
    %wait E_0x18e8130;
    %load/v 8, v0x18e8460_0, 3;
    %cmpi/u 8, 0, 3;
    %jmp/1 T_39.0, 6;
    %cmpi/u 8, 1, 3;
    %jmp/1 T_39.1, 6;
    %cmpi/u 8, 2, 3;
    %jmp/1 T_39.2, 6;
    %cmpi/u 8, 4, 3;
    %jmp/1 T_39.3, 6;
    %cmpi/u 8, 5, 3;
    %jmp/1 T_39.4, 6;
    %cmpi/u 8, 6, 3;
    %jmp/1 T_39.5, 6;
    %ix/load 0, 32, 0;
    %assign/v0 v0x18e8270_0, 0, 0;
    %jmp T_39.7;
T_39.0 ;
    %load/v 8, v0x18e81b0_0, 32;
    %load/v 40, v0x18e8310_0, 32;
    %and 8, 40, 32;
    %ix/load 0, 32, 0;
    %assign/v0 v0x18e8270_0, 0, 8;
    %jmp T_39.7;
T_39.1 ;
    %load/v 8, v0x18e81b0_0, 32;
    %load/v 40, v0x18e8310_0, 32;
    %or 8, 40, 32;
    %ix/load 0, 32, 0;
    %assign/v0 v0x18e8270_0, 0, 8;
    %jmp T_39.7;
T_39.2 ;
    %load/v 8, v0x18e81b0_0, 32;
    %load/v 40, v0x18e8310_0, 32;
    %add 8, 40, 32;
    %ix/load 0, 32, 0;
    %assign/v0 v0x18e8270_0, 0, 8;
    %load/v 8, v0x18e81b0_0, 32;
    %cmp/s 0, 8, 32;
    %or 5, 4, 1;
    %mov 8, 5, 1;
    %load/v 9, v0x18e8310_0, 32;
    %cmp/s 0, 9, 32;
    %or 5, 4, 1;
    %mov 9, 5, 1;
    %and 8, 9, 1;
    %load/v 9, v0x18e8270_0, 32;
   %cmpi/s 9, 0, 32;
    %mov 9, 5, 1;
    %and 8, 9, 1;
    %jmp/0xz  T_39.8, 8;
    %ix/load 0, 1, 0;
    %assign/v0 v0x18e8500_0, 0, 1;
    %jmp T_39.9;
T_39.8 ;
    %load/v 8, v0x18e81b0_0, 32;
   %cmpi/s 8, 0, 32;
    %mov 8, 5, 1;
    %load/v 9, v0x18e8310_0, 32;
   %cmpi/s 9, 0, 32;
    %mov 9, 5, 1;
    %and 8, 9, 1;
    %load/v 9, v0x18e8270_0, 32;
    %cmp/s 0, 9, 32;
    %or 5, 4, 1;
    %mov 9, 5, 1;
    %and 8, 9, 1;
    %jmp/0xz  T_39.10, 8;
    %ix/load 0, 1, 0;
    %assign/v0 v0x18e8500_0, 0, 1;
    %jmp T_39.11;
T_39.10 ;
    %ix/load 0, 1, 0;
    %assign/v0 v0x18e8500_0, 0, 0;
T_39.11 ;
T_39.9 ;
    %jmp T_39.7;
T_39.3 ;
    %load/v 8, v0x18e81b0_0, 32;
    %load/v 40, v0x18e8310_0, 32;
    %or 8, 40, 32;
    %inv 8, 32;
    %ix/load 0, 32, 0;
    %assign/v0 v0x18e8270_0, 0, 8;
    %jmp T_39.7;
T_39.4 ;
    %load/v 8, v0x18e81b0_0, 32;
    %load/v 40, v0x18e8310_0, 32;
    %xor 8, 40, 32;
    %ix/load 0, 32, 0;
    %assign/v0 v0x18e8270_0, 0, 8;
    %jmp T_39.7;
T_39.5 ;
    %load/v 8, v0x18e81b0_0, 32;
    %load/v 40, v0x18e8310_0, 32;
    %sub 8, 40, 32;
    %ix/load 0, 32, 0;
    %assign/v0 v0x18e8270_0, 0, 8;
    %load/v 8, v0x18e81b0_0, 32;
    %cmp/s 0, 8, 32;
    %or 5, 4, 1;
    %mov 8, 5, 1;
    %load/v 9, v0x18e8310_0, 32;
   %cmpi/s 9, 0, 32;
    %mov 9, 5, 1;
    %and 8, 9, 1;
    %load/v 9, v0x18e81b0_0, 32;
    %mov 41, 40, 1;
    %load/v 42, v0x18e8310_0, 32;
    %mov 74, 73, 1;
    %add 9, 42, 33;
   %cmpi/s 9, 0, 33;
    %mov 9, 5, 1;
    %and 8, 9, 1;
    %jmp/0xz  T_39.12, 8;
    %ix/load 0, 1, 0;
    %assign/v0 v0x18e8500_0, 0, 1;
    %jmp T_39.13;
T_39.12 ;
    %load/v 8, v0x18e81b0_0, 32;
   %cmpi/s 8, 0, 32;
    %mov 8, 5, 1;
    %load/v 9, v0x18e8310_0, 32;
    %cmp/s 0, 9, 32;
    %or 5, 4, 1;
    %mov 9, 5, 1;
    %and 8, 9, 1;
    %load/v 9, v0x18e81b0_0, 32;
    %mov 41, 40, 1;
    %load/v 42, v0x18e8310_0, 32;
    %mov 74, 73, 1;
    %add 9, 42, 33;
    %cmp/s 0, 9, 33;
    %or 5, 4, 1;
    %mov 9, 5, 1;
    %and 8, 9, 1;
    %jmp/0xz  T_39.14, 8;
    %ix/load 0, 1, 0;
    %assign/v0 v0x18e8500_0, 0, 1;
    %jmp T_39.15;
T_39.14 ;
    %ix/load 0, 1, 0;
    %assign/v0 v0x18e8500_0, 0, 0;
T_39.15 ;
T_39.13 ;
    %jmp T_39.7;
T_39.7 ;
    %load/v 8, v0x18e85e0_0, 1;
    %mov 9, 0, 1;
    %cmpi/u 8, 0, 2;
    %jmp/0xz  T_39.16, 4;
    %load/v 8, v0x18e81b0_0, 32;
    %load/v 40, v0x18e8310_0, 32;
    %cmp/u 8, 40, 32;
    %jmp/0xz  T_39.18, 5;
    %ix/load 0, 1, 0;
    %assign/v0 v0x18e83b0_0, 0, 1;
    %jmp T_39.19;
T_39.18 ;
    %ix/load 0, 1, 0;
    %assign/v0 v0x18e83b0_0, 0, 0;
T_39.19 ;
T_39.16 ;
    %load/v 8, v0x18e85e0_0, 1;
    %mov 9, 0, 2;
    %cmpi/u 8, 1, 3;
    %jmp/0xz  T_39.20, 4;
    %load/v 8, v0x18e81b0_0, 32;
    %load/v 40, v0x18e8310_0, 32;
    %cmp/s 8, 40, 32;
    %jmp/0xz  T_39.22, 5;
    %ix/load 0, 1, 0;
    %assign/v0 v0x18e83b0_0, 0, 1;
    %jmp T_39.23;
T_39.22 ;
    %ix/load 0, 1, 0;
    %assign/v0 v0x18e83b0_0, 0, 0;
T_39.23 ;
T_39.20 ;
    %jmp T_39;
    .thread T_39, $push;
    .scope S_0x184ed80;
T_40 ;
    %wait E_0x18c33d0;
    %load/v 8, v0x18e7f90_0, 2;
    %cmpi/u 8, 0, 2;
    %jmp/1 T_40.0, 6;
    %cmpi/u 8, 1, 2;
    %jmp/1 T_40.1, 6;
    %cmpi/u 8, 2, 2;
    %jmp/1 T_40.2, 6;
    %ix/load 0, 32, 0;
    %assign/v0 v0x18e7e50_0, 0, 0;
    %jmp T_40.4;
T_40.0 ;
    %load/v 8, v0x18116e0_0, 32;
    %load/v 40, v0x18e7ef0_0, 5;
    %ix/get 0, 40, 5;
    %shiftr/i0  8, 32;
    %ix/load 0, 32, 0;
    %assign/v0 v0x18e7e50_0, 0, 8;
    %jmp T_40.4;
T_40.1 ;
    %load/v 8, v0x18116e0_0, 32;
    %load/v 40, v0x18e7ef0_0, 5;
    %ix/get 0, 40, 5;
    %shiftr/i0  8, 32;
    %ix/load 0, 32, 0;
    %assign/v0 v0x18e7e50_0, 0, 8;
    %jmp T_40.4;
T_40.2 ;
    %load/v 8, v0x18116e0_0, 32;
    %load/v 40, v0x18e7ef0_0, 5;
    %ix/get 0, 40, 5;
    %shiftl/i0  8, 32;
    %ix/load 0, 32, 0;
    %assign/v0 v0x18e7e50_0, 0, 8;
    %jmp T_40.4;
T_40.4 ;
    %jmp T_40;
    .thread T_40, $push;
    .scope S_0x184efc0;
T_41 ;
    %wait E_0x18bf880;
    %load/v 8, v0x18e9880_0, 1;
    %inv 8, 1;
    %jmp/0xz  T_41.0, 8;
    %ix/load 0, 1, 0;
    %assign/v0 v0x18e89e0_0, 0, 0;
    %ix/load 0, 1, 0;
    %assign/v0 v0x18e8aa0_0, 0, 0;
    %ix/load 0, 32, 0;
    %assign/v0 v0x18e8b20_0, 0, 0;
    %ix/load 0, 1, 0;
    %assign/v0 v0x18e8c70_0, 0, 0;
    %ix/load 0, 5, 0;
    %assign/v0 v0x18e8bf0_0, 0, 0;
    %ix/load 0, 1, 0;
    %assign/v0 v0x18e8f20_0, 0, 0;
    %ix/load 0, 32, 0;
    %assign/v0 v0x18e8d70_0, 0, 0;
    %jmp T_41.1;
T_41.0 ;
    %load/v 8, v0x18e9140_0, 1;
    %load/v 9, v0x18e9800_0, 1;
    %or 8, 9, 1;
    %jmp/0xz  T_41.2, 8;
    %ix/load 0, 1, 0;
    %assign/v0 v0x18e89e0_0, 0, 1;
    %jmp T_41.3;
T_41.2 ;
    %ix/load 0, 1, 0;
    %assign/v0 v0x18e89e0_0, 0, 0;
T_41.3 ;
    %load/v 8, v0x18e9140_0, 1;
    %ix/load 0, 1, 0;
    %assign/v0 v0x18e8aa0_0, 0, 8;
    %load/v 8, v0x18e9800_0, 1;
    %ix/load 0, 1, 0;
    %assign/v0 v0x18e8e10_0, 0, 8;
    %load/v 8, v0x18e92a0_0, 32;
    %ix/load 0, 32, 0;
    %assign/v0 v0x18e8b20_0, 0, 8;
    %load/v 8, v0x18e9570_0, 1;
    %ix/load 0, 1, 0;
    %assign/v0 v0x18e8c70_0, 0, 8;
    %load/v 8, v0x18e93c0_0, 5;
    %ix/load 0, 5, 0;
    %assign/v0 v0x18e8bf0_0, 0, 8;
    %load/v 8, v0x18e8720_0, 1;
    %inv 8, 1;
    %load/v 9, v0x18e9730_0, 1;
    %or 8, 9, 1;
    %load/v 9, v0x18e9960_0, 1;
    %and 8, 9, 1;
    %ix/load 0, 1, 0;
    %assign/v0 v0x18e8f20_0, 0, 8;
    %load/v 8, v0x18e9440_0, 1;
    %cmpi/u 8, 1, 1;
    %jmp/1 T_41.4, 6;
    %load/v 8, v0x18e8680_0, 32;
    %ix/load 0, 32, 0;
    %assign/v0 v0x18e8d70_0, 0, 8;
    %jmp T_41.6;
T_41.4 ;
    %load/v 8, v0x18e9ad0_0, 32;
    %ix/load 0, 32, 0;
    %assign/v0 v0x18e8d70_0, 0, 8;
    %jmp T_41.6;
T_41.6 ;
    %load/v 8, v0x18e9320_0, 1;
    %cmpi/u 8, 1, 1;
    %jmp/1 T_41.7, 6;
    %load/v 8, v0x18e92a0_0, 32;
    %ix/load 0, 32, 0;
    %assign/v0 v0x18e87d0_0, 0, 8;
    %jmp T_41.9;
T_41.7 ;
    %load/v 8, v0x18e90c0_0, 32;
    %ix/load 0, 32, 0;
    %assign/v0 v0x18e87d0_0, 0, 8;
    %jmp T_41.9;
T_41.9 ;
T_41.1 ;
    %jmp T_41;
    .thread T_41;
    .scope S_0x186c3a0;
T_42 ;
    %set/v v0x18f2850_0, 0, 16;
    %end;
    .thread T_42;
    .scope S_0x186c3a0;
T_43 ;
    %wait E_0x18bf880;
    %load/v 8, v0x18f45c0_0, 1;
    %cmpi/u 8, 0, 1;
    %jmp/0xz  T_43.0, 4;
    %ix/load 0, 1, 0;
    %assign/v0 v0x18f35d0_0, 0, 0;
    %ix/load 0, 1, 0;
    %assign/v0 v0x18f3650_0, 0, 0;
    %ix/load 0, 3, 0;
    %assign/v0 v0x18f3260_0, 0, 0;
    %ix/load 0, 1, 0;
    %assign/v0 v0x18f3900_0, 0, 0;
    %ix/load 0, 2, 0;
    %assign/v0 v0x18f3830_0, 0, 0;
    %ix/load 0, 1, 0;
    %assign/v0 v0x18f3410_0, 0, 0;
    %ix/load 0, 1, 0;
    %assign/v0 v0x18f3c50_0, 0, 0;
    %ix/load 0, 32, 0;
    %assign/v0 v0x18f3550_0, 0, 0;
    %ix/load 0, 1, 0;
    %assign/v0 v0x18f39b0_0, 0, 0;
    %ix/load 0, 5, 0;
    %assign/v0 v0x18f37b0_0, 0, 0;
    %ix/load 0, 1, 0;
    %assign/v0 v0x18f3b30_0, 0, 0;
    %ix/load 0, 1, 0;
    %assign/v0 v0x18f3cd0_0, 0, 0;
    %jmp T_43.1;
T_43.0 ;
    %load/v 8, v0x18f4870_0, 1; Only need 1 of 2 bits
; Save base=8 wid=1 in lookaside.
    %cmpi/u 8, 1, 1;
    %jmp/1 T_43.2, 6;
    %cmpi/u 8, 0, 1;
    %jmp/1 T_43.3, 6;
    %jmp T_43.4;
T_43.2 ;
    %ix/load 1, 11, 0;
    %mov 4, 0, 1;
    %jmp/1 T_43.5, 4;
    %load/x1p 8, v0x18f4200_0, 5;
    %jmp T_43.6;
T_43.5 ;
    %mov 8, 2, 5;
T_43.6 ;
; Save base=8 wid=5 in lookaside.
    %ix/load 0, 5, 0;
    %assign/v0 v0x18f37b0_0, 0, 8;
    %jmp T_43.4;
T_43.3 ;
    %ix/load 1, 16, 0;
    %mov 4, 0, 1;
    %jmp/1 T_43.7, 4;
    %load/x1p 8, v0x18f4200_0, 5;
    %jmp T_43.8;
T_43.7 ;
    %mov 8, 2, 5;
T_43.8 ;
; Save base=8 wid=5 in lookaside.
    %ix/load 0, 5, 0;
    %assign/v0 v0x18f37b0_0, 0, 8;
    %jmp T_43.4;
T_43.4 ;
    %load/v 8, v0x18f4640_0, 1;
    %ix/load 0, 1, 0;
    %assign/v0 v0x18f3650_0, 0, 8;
    %load/v 8, v0x18f2910_0, 1;
    %ix/load 0, 1, 0;
    %assign/v0 v0x18f35d0_0, 0, 8;
    %load/v 8, v0x18f2850_0, 16;
    %load/v 24, v0x18f4200_0, 16; Select 16 out of 32 bits
    %ix/load 0, 32, 0;
    %assign/v0 v0x18f3550_0, 0, 8;
    %load/v 8, v0x18f4920_0, 1; Only need 1 of 3 bits
; Save base=8 wid=1 in lookaside.
    %ix/load 0, 1, 0;
    %assign/v0 v0x18f39b0_0, 0, 8;
    %load/v 8, v0x18f4ca0_0, 1;
    %ix/load 0, 1, 0;
    %assign/v0 v0x18f3b30_0, 0, 8;
    %load/v 8, v0x18f4bf0_0, 1;
    %ix/load 0, 1, 0;
    %assign/v0 v0x18f3cd0_0, 0, 8;
    %load/v 8, v0x18f2720_0, 3;
    %ix/load 0, 3, 0;
    %assign/v0 v0x18f3260_0, 0, 8;
    %load/v 8, v0x18f49d0_0, 2;
    %ix/load 0, 2, 0;
    %assign/v0 v0x18f3830_0, 0, 8;
    %load/v 8, v0x18f42b0_0, 1;
    %ix/load 0, 1, 0;
    %assign/v0 v0x18f3410_0, 0, 8;
    %load/v 8, v0x18f4b40_0, 1;
    %ix/load 0, 1, 0;
    %assign/v0 v0x18f3c50_0, 0, 8;
    %load/v 8, v0x18f4db0_0, 1;
    %ix/load 0, 1, 0;
    %assign/v0 v0x18f3900_0, 0, 8;
T_43.1 ;
    %jmp T_43;
    .thread T_43;
    .scope S_0x17fa160;
T_44 ;
    %set/v v0x18f5440_0, 0, 1;
    %set/v v0x18f6b90_0, 1, 1;
    %load/v 8, v0x18f5440_0, 1;
    %inv 8, 1;
    %set/v v0x18f5440_0, 8, 1;
    %load/v 8, v0x18f5440_0, 1;
    %inv 8, 1;
    %set/v v0x18f5440_0, 8, 1;
    %set/v v0x18f6b90_0, 0, 1;
    %load/v 8, v0x18f5440_0, 1;
    %inv 8, 1;
    %set/v v0x18f5440_0, 8, 1;
    %load/v 8, v0x18f5440_0, 1;
    %inv 8, 1;
    %set/v v0x18f5440_0, 8, 1;
    %set/v v0x18f52c0_0, 0, 1;
    %set/v v0x18f53c0_0, 0, 1;
    %set/v v0x18f5550_0, 0, 1;
    %set/v v0x18f5340_0, 0, 1;
    %load/v 8, v0x18f5440_0, 1;
    %inv 8, 1;
    %set/v v0x18f5440_0, 8, 1;
    %load/v 8, v0x18f5440_0, 1;
    %inv 8, 1;
    %set/v v0x18f5440_0, 8, 1;
    %delay 10, 0;
    %vpi_call 2 80 "$display", "SLVL:\012id_if_selpcsource: Valor Esperado: 0 Valor Real: %b\012", v0x18f63a0_0;
    %vpi_call 2 81 "$display", "id_if_rega: Valor Esperado: %d Valor Real: %d\012", v0x18f68c0_0, v0x18f6120_0;
    %vpi_call 2 82 "$display", "reg_id_dataa: %d reg_id_datab: %d\012", v0x18f67e0_0, v0x18f6ac0_0;
    %vpi_call 2 83 "$display", "reg_id_ass_dataa: Valor Esperado: %d Valor Real: %d\012 reg_id_ass_datab: Valor Esperado: %d Valor Real: %d\012", v0x18f67e0_0, v0x18f68c0_0, v0x18f6ac0_0, v0x18f6760_0;
    %vpi_call 2 84 "$display", "id_if_pcimd2ext: %b\012", v0x18f5f10_0;
    %vpi_call 2 85 "$display", "id_if_pcindex: %b\012", v0x18f61f0_0;
    %vpi_call 2 86 "$display", "id_if_selpctype: Valor Esperado: XX Valor Real: %b\012", v0x18f62c0_0;
    %vpi_call 2 87 "$display", "id_ex_selalushift: Valor Esperado: 1 Valor Real: %b\012", v0x18f5a60_0;
    %vpi_call 2 88 "$display", "id_ex_selimregb: Valor Esperado: 0 Valor Real: %b\012", v0x18f5910_0;
    %vpi_call 2 89 "$display", "id_ex_aluop: Valor Esperado: XXX Valor Real: %b\012", v0x18f55d0_0;
    %vpi_call 2 90 "$display", "id_ex_unsig: Valor Esperado: X Valor Real: %b\012", v0x18f5c40_0;
    %vpi_call 2 91 "$display", "id_ex_shiftop: Valor Esperado: 10 Valor Real: %b\012", v0x18f5d60_0;
    %vpi_call 2 92 "$display", "id_ex_shiftamt: Valor Esperado: %d Valor Real: %d\012", v0x18f6510_0, v0x18f5ce0_0;
    %vpi_call 2 93 "$display", "id_ex_rega: Valor Esperado: %d Valor Real: %d\012", v0x18f67e0_0, v0x18f5810_0;
    %vpi_call 2 94 "$display", "id_ex_readmem: Valor Esperado: 0 Valor Real: %b\012", v0x18f56d0_0;
    %vpi_call 2 95 "$display", "id_ex_writemem:  Valor Esperado: 0 Valor Real: %b\012", v0x18f5e90_0;
    %vpi_call 2 96 "$display", "id_ex_regb: Valor Esperado: %d Valor Real: %d\012", v0x18f6ac0_0, v0x18f5890_0;
    %vpi_call 2 97 "$display", "id_ex_imedext: Valor Esperado: 00000000000000000000100000000100 Valor Real: %b\012", v0x18f5650_0;
    %vpi_call 2 98 "$display", "id_ex_selwsource: Valor Esperado: 0 Valor Real: %b\012", v0x18f5bc0_0;
    %vpi_call 2 99 "$display", "id_ex_regdest: Valor Esperado: 00001 Valor Real %b\012", v0x18f5990_0;
    %vpi_call 2 100 "$display", "id_ex_writereg: Valor Esperado: 1 Valor Real: %b\012", v0x18f6050_0;
    %vpi_call 2 101 "$display", "id_ex_writeov: Valor Esperado: 1 Valor Real: %b\012", v0x18f5fd0_0;
    %vpi_call 2 102 "$display", "id_reg_addra: Valor Esperado: 00001 Valor Real: %b\012", v0x18f6510_0;
    %vpi_call 2 103 "$display", "id_reg_addrb: Valor Esperado: 00010 Valor Real: %b\012", v0x18f6470_0;
    %set/v v0x18f52c0_0, 0, 1;
    %set/v v0x18f53c0_0, 0, 1;
    %set/v v0x18f5550_0, 0, 1;
    %set/v v0x18f5340_0, 0, 1;
    %load/v 8, v0x18f5440_0, 1;
    %inv 8, 1;
    %set/v v0x18f5440_0, 8, 1;
    %load/v 8, v0x18f5440_0, 1;
    %inv 8, 1;
    %set/v v0x18f5440_0, 8, 1;
    %delay 10, 0;
    %vpi_call 2 113 "$display", "JR:\012id_if_selpcsource: Valor Esperado: 1 Valor Real: %b\012", v0x18f63a0_0;
    %vpi_call 2 114 "$display", "id_if_rega: Valor Esperado: %d Valor Real: %d\012", v0x18f68c0_0, v0x18f6120_0;
    %vpi_call 2 115 "$display", "reg_id_dataa: %d reg_id_datab: %d\012", v0x18f67e0_0, v0x18f6ac0_0;
    %vpi_call 2 116 "$display", "reg_id_ass_dataa: Valor Esperado: %d Valor Real: %d\012 reg_id_ass_datab: Valor Esperado: %d Valor Real: %d\012", v0x18f67e0_0, v0x18f68c0_0, v0x18f6ac0_0, v0x18f6760_0;
    %vpi_call 2 117 "$display", "id_if_pcimd2ext: %b\012", v0x18f5f10_0;
    %vpi_call 2 118 "$display", "id_if_pcindex: %b\012", v0x18f61f0_0;
    %vpi_call 2 119 "$display", "id_if_selpctype: Valor Esperado: 01 Valor Real: %b\012", v0x18f62c0_0;
    %vpi_call 2 120 "$display", "id_ex_selalushift: Valor Esperado: X Valor Real: %b\012", v0x18f5a60_0;
    %vpi_call 2 121 "$display", "id_ex_selimregb: Valor Esperado: X Valor Real: %b\012", v0x18f5910_0;
    %vpi_call 2 122 "$display", "id_ex_aluop: Valor Esperado: XXX Valor Real: %b\012", v0x18f55d0_0;
    %vpi_call 2 123 "$display", "id_ex_unsig: Valor Esperado: X Valor Real: %b\012", v0x18f5c40_0;
    %vpi_call 2 124 "$display", "id_ex_shiftop: Valor Esperado: XX Valor Real: %b\012", v0x18f5d60_0;
    %vpi_call 2 125 "$display", "id_ex_shiftamt: Valor Esperado: 11111 Valor Real: %d\012", v0x18f5ce0_0;
    %vpi_call 2 126 "$display", "id_ex_rega: Valor Esperado: %d Valor Real: %d\012", v0x18f67e0_0, v0x18f5810_0;
    %vpi_call 2 127 "$display", "id_ex_readmem: Valor Esperado: 0 Valor Real: %b\012", v0x18f56d0_0;
    %vpi_call 2 128 "$display", "id_ex_writemem:  Valor Esperado: 0 Valor Real: %b\012", v0x18f5e90_0;
    %vpi_call 2 129 "$display", "id_ex_regb: Valor Esperado: %d Valor Real: %d\012", v0x18f6ac0_0, v0x18f5890_0;
    %vpi_call 2 130 "$display", "id_ex_imedext: Valor Esperado: 00000000000000000001111111001000 Valor Real: %b\012", v0x18f5650_0;
    %vpi_call 2 131 "$display", "id_ex_selwsource: Valor Esperado: X Valor Real: %b\012", v0x18f5bc0_0;
    %vpi_call 2 132 "$display", "id_ex_regdest: Valor Esperado: 00011 Valor Real %b\012", v0x18f5990_0;
    %vpi_call 2 133 "$display", "id_ex_writereg: Valor Esperado: 0 Valor Real: %b\012", v0x18f6050_0;
    %vpi_call 2 134 "$display", "id_ex_writeov: Valor Esperado: X Valor Real: %b\012", v0x18f5fd0_0;
    %vpi_call 2 135 "$display", "id_reg_addra: Valor Esperado: 00001 Valor Real: %b\012", v0x18f6510_0;
    %vpi_call 2 136 "$display", "id_reg_addrb: Valor Esperado: 00010 Valor Real: %b\012", v0x18f6470_0;
    %set/v v0x18f52c0_0, 0, 1;
    %set/v v0x18f53c0_0, 0, 1;
    %set/v v0x18f5550_0, 0, 1;
    %set/v v0x18f5340_0, 0, 1;
    %load/v 8, v0x18f5440_0, 1;
    %inv 8, 1;
    %set/v v0x18f5440_0, 8, 1;
    %load/v 8, v0x18f5440_0, 1;
    %inv 8, 1;
    %set/v v0x18f5440_0, 8, 1;
    %delay 10, 0;
    %vpi_call 2 146 "$display", "ADD:\012id_if_selpcsource: Valor Esperado: 0 Valor Real: %b\012", v0x18f63a0_0;
    %vpi_call 2 147 "$display", "id_if_rega: Valor Esperado: %d Valor Real: %d\012", v0x18f68c0_0, v0x18f6120_0;
    %vpi_call 2 148 "$display", "reg_id_dataa: %d reg_id_datab: %d\012", v0x18f67e0_0, v0x18f6ac0_0;
    %vpi_call 2 149 "$display", "reg_id_ass_dataa: Valor Esperado: %d Valor Real: %d\012 reg_id_ass_datab: Valor Esperado: %d Valor Real: %d\012", v0x18f67e0_0, v0x18f68c0_0, v0x18f6ac0_0, v0x18f6760_0;
    %vpi_call 2 150 "$display", "id_if_pcimd2ext: %b\012", v0x18f5f10_0;
    %vpi_call 2 151 "$display", "id_if_pcindex: %b\012", v0x18f61f0_0;
    %vpi_call 2 152 "$display", "id_if_selpctype: Valor Esperado: XX Valor Real: %b\012", v0x18f62c0_0;
    %vpi_call 2 153 "$display", "id_ex_selalushift: Valor Esperado: 0 Valor Real: %b\012", v0x18f5a60_0;
    %vpi_call 2 154 "$display", "id_ex_selimregb: Valor Esperado: 0 Valor Real: %b\012", v0x18f5910_0;
    %vpi_call 2 155 "$display", "id_ex_aluop: Valor Esperado: 010 Valor Real: %b\012", v0x18f55d0_0;
    %vpi_call 2 156 "$display", "id_ex_unsig: Valor Esperado: 0 Valor Real: %b\012", v0x18f5c40_0;
    %vpi_call 2 157 "$display", "id_ex_shiftop: Valor Esperado: XX Valor Real: %b\012", v0x18f5d60_0;
    %vpi_call 2 158 "$display", "id_ex_shiftamt: Valor Esperado: 11111 Valor Real: %d\012", v0x18f5ce0_0;
    %vpi_call 2 159 "$display", "id_ex_rega: Valor Esperado: %d Valor Real: %d\012", v0x18f67e0_0, v0x18f5810_0;
    %vpi_call 2 160 "$display", "id_ex_readmem: Valor Esperado: 0 Valor Real: %b\012", v0x18f56d0_0;
    %vpi_call 2 161 "$display", "id_ex_writemem:  Valor Esperado: 0 Valor Real: %b\012", v0x18f5e90_0;
    %vpi_call 2 162 "$display", "id_ex_regb: Valor Esperado: %d Valor Real: %d\012", v0x18f6ac0_0, v0x18f5890_0;
    %vpi_call 2 163 "$display", "id_ex_imedext: Valor Esperado: 00000000000000000001111111100000 Valor Real: %b\012", v0x18f5650_0;
    %vpi_call 2 164 "$display", "id_ex_selwsource: Valor Esperado: 0 Valor Real: %b\012", v0x18f5bc0_0;
    %vpi_call 2 165 "$display", "id_ex_regdest: Valor Esperado: 00011 Valor Real %b\012", v0x18f5990_0;
    %vpi_call 2 166 "$display", "id_ex_writereg: Valor Esperado: 1 Valor Real: %b\012", v0x18f6050_0;
    %vpi_call 2 167 "$display", "id_ex_writeov: Valor Esperado: 0 Valor Real: %b\012", v0x18f5fd0_0;
    %vpi_call 2 168 "$display", "id_reg_addra: Valor Esperado: 00001 Valor Real: %b\012", v0x18f6510_0;
    %vpi_call 2 169 "$display", "id_reg_addrb: Valor Esperado: 00010 Valor Real: %b\012", v0x18f6470_0;
    %set/v v0x18f52c0_0, 1, 1;
    %set/v v0x18f53c0_0, 0, 1;
    %set/v v0x18f5550_0, 0, 1;
    %set/v v0x18f5340_0, 0, 1;
    %load/v 8, v0x18f5440_0, 1;
    %inv 8, 1;
    %set/v v0x18f5440_0, 8, 1;
    %load/v 8, v0x18f5440_0, 1;
    %inv 8, 1;
    %set/v v0x18f5440_0, 8, 1;
    %delay 10, 0;
    %vpi_call 2 179 "$display", "JUMP:\012id_if_selpcsource: Valor Esperado: 1 Valor Real: %b\012", v0x18f63a0_0;
    %vpi_call 2 180 "$display", "id_if_rega: Valor Esperado: %d Valor Real: %d\012", v0x18f68c0_0, v0x18f6120_0;
    %vpi_call 2 181 "$display", "reg_id_dataa: %d reg_id_datab: %d\012", v0x18f67e0_0, v0x18f6ac0_0;
    %vpi_call 2 182 "$display", "reg_id_ass_dataa: Valor Esperado: %d Valor Real: %d\012 reg_id_ass_datab: Valor Esperado: %d Valor Real: %d\012", v0x18f67e0_0, v0x18f68c0_0, v0x18f6ac0_0, v0x18f6760_0;
    %vpi_call 2 183 "$display", "id_if_pcimd2ext: %b\012", v0x18f5f10_0;
    %vpi_call 2 184 "$display", "id_if_pcindex: %b\012", v0x18f61f0_0;
    %vpi_call 2 185 "$display", "id_if_selpctype: Valor Esperado: 10 Valor Real: %b\012", v0x18f62c0_0;
    %vpi_call 2 186 "$display", "id_ex_selalushift: Valor Esperado: X Valor Real: %b\012", v0x18f5a60_0;
    %vpi_call 2 187 "$display", "id_ex_selimregb: Valor Esperado: X Valor Real: %b\012", v0x18f5910_0;
    %vpi_call 2 188 "$display", "id_ex_aluop: Valor Esperado: XXX Valor Real: %b\012", v0x18f55d0_0;
    %vpi_call 2 189 "$display", "id_ex_unsig: Valor Esperado: X Valor Real: %b\012", v0x18f5c40_0;
    %vpi_call 2 190 "$display", "id_ex_shiftop: Valor Esperado: XX Valor Real: %b\012", v0x18f5d60_0;
    %vpi_call 2 191 "$display", "id_ex_shiftamt: Valor Esperado: 00000 Valor Real: %d\012", v0x18f5ce0_0;
    %vpi_call 2 192 "$display", "id_ex_rega: Valor Esperado: %d Valor Real: %d\012", v0x18f67e0_0, v0x18f5810_0;
    %vpi_call 2 193 "$display", "id_ex_readmem: Valor Esperado: 0 Valor Real: %b\012", v0x18f56d0_0;
    %vpi_call 2 194 "$display", "id_ex_writemem:  Valor Esperado: 0 Valor Real: %b\012", v0x18f5e90_0;
    %vpi_call 2 195 "$display", "id_ex_regb: Valor Esperado: %d Valor Real: %d\012", v0x18f6ac0_0, v0x18f5890_0;
    %vpi_call 2 196 "$display", "id_ex_imedext: Valor Esperado: 00000000000000000000000000000001 Valor Real: %b\012", v0x18f5650_0;
    %vpi_call 2 197 "$display", "id_ex_selwsource: Valor Esperado: X Valor Real: %b\012", v0x18f5bc0_0;
    %vpi_call 2 198 "$display", "id_ex_regdest: Valor Esperado: 00000 Valor Real %b\012", v0x18f5990_0;
    %vpi_call 2 199 "$display", "id_ex_writereg: Valor Esperado: 0 Valor Real: %b\012", v0x18f6050_0;
    %vpi_call 2 200 "$display", "id_ex_writeov: Valor Esperado: X Valor Real: %b\012", v0x18f5fd0_0;
    %vpi_call 2 201 "$display", "id_reg_addra: Valor Esperado: 00000 Valor Real: %b\012", v0x18f6510_0;
    %vpi_call 2 202 "$display", "id_reg_addrb: Valor Esperado: 00000 Valor Real: %b\012", v0x18f6470_0;
    %set/v v0x18f52c0_0, 1, 1;
    %set/v v0x18f53c0_0, 0, 1;
    %set/v v0x18f5550_0, 0, 1;
    %set/v v0x18f5340_0, 0, 1;
    %load/v 8, v0x18f5440_0, 1;
    %inv 8, 1;
    %set/v v0x18f5440_0, 8, 1;
    %load/v 8, v0x18f5440_0, 1;
    %inv 8, 1;
    %set/v v0x18f5440_0, 8, 1;
    %vpi_call 2 212 "$display", "BEQ:\012id_if_selpcsource:  Valor Real %b\012", v0x18f63a0_0;
    %vpi_call 2 213 "$display", "id_if_rega: Valor Esperado: %d Valor Real: %d\012", v0x18f68c0_0, v0x18f6120_0;
    %vpi_call 2 214 "$display", "reg_id_dataa: %d reg_id_datab: %d\012", v0x18f67e0_0, v0x18f6ac0_0;
    %vpi_call 2 215 "$display", "reg_id_ass_dataa: Valor Esperado: %d Valor Real: %d\012 reg_id_ass_datab: Valor Esperado: %d Valor Real: %d\012", v0x18f67e0_0, v0x18f68c0_0, v0x18f6ac0_0, v0x18f6760_0;
    %vpi_call 2 216 "$display", "id_if_pcimd2ext: %b\012", v0x18f5f10_0;
    %vpi_call 2 217 "$display", "id_if_pcindex: %b\012", v0x18f61f0_0;
    %vpi_call 2 218 "$display", "id_if_selpctype: Valor Esperado: 00 Valor Real: %b\012", v0x18f62c0_0;
    %vpi_call 2 219 "$display", "id_ex_selalushift: Valor Esperado: X Valor Real: %b\012", v0x18f5a60_0;
    %vpi_call 2 220 "$display", "id_ex_selimregb: Valor Esperado: X Valor Real: %b\012", v0x18f5910_0;
    %vpi_call 2 221 "$display", "id_ex_aluop: Valor Esperado: XXX Valor Real: %b\012", v0x18f55d0_0;
    %vpi_call 2 222 "$display", "id_ex_unsig: Valor Esperado: 0 Valor Real: %b\012", v0x18f5c40_0;
    %vpi_call 2 223 "$display", "id_ex_shiftop: Valor Esperado: XX Valor Real: %b\012", v0x18f5d60_0;
    %vpi_call 2 224 "$display", "id_ex_shiftamt: Valor Esperado: 00000 Valor Real: %d\012", v0x18f5ce0_0;
    %vpi_call 2 225 "$display", "id_ex_rega: Valor Esperado: %d Valor Real: %d\012", v0x18f67e0_0, v0x18f5810_0;
    %vpi_call 2 226 "$display", "id_ex_readmem: Valor Esperado: 0 Valor Real: %b\012", v0x18f56d0_0;
    %vpi_call 2 227 "$display", "id_ex_writemem:  Valor Esperado: 0 Valor Real: %b\012", v0x18f5e90_0;
    %vpi_call 2 228 "$display", "id_ex_regb: Valor Esperado: %d Valor Real: %d\012", v0x18f6ac0_0, v0x18f5890_0;
    %vpi_call 2 229 "$display", "id_ex_imedext: Valor Esperado: 00000000000000000000000000000001 Valor Real: %b\012", v0x18f5650_0;
    %vpi_call 2 230 "$display", "id_ex_selwsource: Valor Esperado: X Valor Real: %b\012", v0x18f5bc0_0;
    %vpi_call 2 231 "$display", "id_ex_regdest: Valor Esperado: 00000 Valor Real %b\012", v0x18f5990_0;
    %vpi_call 2 232 "$display", "id_ex_writereg: Valor Esperado: 0 Valor Real: %b\012", v0x18f6050_0;
    %vpi_call 2 233 "$display", "id_ex_writeov: Valor Esperado: X Valor Real: %b\012", v0x18f5fd0_0;
    %vpi_call 2 234 "$display", "id_reg_addra: Valor Esperado: 00001 Valor Real: %b\012", v0x18f6510_0;
    %vpi_call 2 235 "$display", "id_reg_addrb: Valor Esperado: 00010 Valor Real: %b\012", v0x18f6470_0;
    %set/v v0x18f52c0_0, 0, 1;
    %set/v v0x18f53c0_0, 0, 1;
    %set/v v0x18f5550_0, 0, 1;
    %set/v v0x18f5340_0, 0, 1;
    %load/v 8, v0x18f5440_0, 1;
    %inv 8, 1;
    %set/v v0x18f5440_0, 8, 1;
    %load/v 8, v0x18f5440_0, 1;
    %inv 8, 1;
    %set/v v0x18f5440_0, 8, 1;
    %delay 10, 0;
    %vpi_call 2 245 "$display", "BGTZ:\012id_if_selpcsource: %b\012", v0x18f63a0_0;
    %vpi_call 2 246 "$display", "id_if_rega: %b\012", v0x18f6120_0;
    %vpi_call 2 247 "$display", "id_if_pcimd2ext: %b\012", v0x18f5f10_0;
    %vpi_call 2 248 "$display", "id_if_pcindex: %b\012", v0x18f61f0_0;
    %vpi_call 2 249 "$display", "id_if_selpctype: %b\012", v0x18f62c0_0;
    %vpi_call 2 250 "$display", "id_ex_selalushift: %b\012", v0x18f5a60_0;
    %vpi_call 2 251 "$display", "id_ex_selimregb: %b\012", v0x18f5910_0;
    %vpi_call 2 252 "$display", "id_ex_aluop: %b\012", v0x18f55d0_0;
    %vpi_call 2 253 "$display", "id_ex_unsig: %b\012", v0x18f5c40_0;
    %vpi_call 2 254 "$display", "id_ex_shiftop: %b\012", v0x18f5d60_0;
    %vpi_call 2 255 "$display", "id_ex_shiftamt: %b\012", v0x18f5ce0_0;
    %vpi_call 2 256 "$display", "id_ex_rega: %b\012", v0x18f5810_0;
    %vpi_call 2 257 "$display", "id_ex_readmem: %b\012", v0x18f56d0_0;
    %vpi_call 2 258 "$display", "id_ex_writemem: %b\012", v0x18f5e90_0;
    %vpi_call 2 259 "$display", "id_ex_regb: %b\012", v0x18f5890_0;
    %vpi_call 2 260 "$display", "id_ex_imedext: %b\012", v0x18f5650_0;
    %vpi_call 2 261 "$display", "id_ex_selwsource: %b\012", v0x18f5bc0_0;
    %vpi_call 2 262 "$display", "id_ex_regdest: %b\012", v0x18f5990_0;
    %vpi_call 2 263 "$display", "id_ex_writereg: %b\012", v0x18f6050_0;
    %vpi_call 2 264 "$display", "id_ex_writeov'': %b\012", v0x18f5fd0_0;
    %vpi_call 2 265 "$display", "id_reg_addra: %b\012", v0x18f6510_0;
    %vpi_call 2 266 "$display", "id_reg_addrb: %b\012", v0x18f6470_0;
    %set/v v0x18f52c0_0, 1, 1;
    %set/v v0x18f53c0_0, 0, 1;
    %set/v v0x18f5550_0, 0, 1;
    %set/v v0x18f5340_0, 0, 1;
    %load/v 8, v0x18f5440_0, 1;
    %inv 8, 1;
    %set/v v0x18f5440_0, 8, 1;
    %load/v 8, v0x18f5440_0, 1;
    %inv 8, 1;
    %set/v v0x18f5440_0, 8, 1;
    %delay 10, 0;
    %vpi_call 2 276 "$display", "ADDI:\012id_if_selpcsource: Valor Esperado 0 %b\012", v0x18f63a0_0;
    %vpi_call 2 277 "$display", "id_if_rega: Valor Esperado: %d Valor Real: %d\012", v0x18f68c0_0, v0x18f6120_0;
    %vpi_call 2 278 "$display", "reg_id_dataa: %d reg_id_datab: %d\012", v0x18f67e0_0, v0x18f6ac0_0;
    %vpi_call 2 279 "$display", "reg_id_ass_dataa: Valor Esperado: %d Valor Real: %d\012 reg_id_ass_datab: Valor Esperado: %d Valor Real: %d\012", v0x18f67e0_0, v0x18f68c0_0, v0x18f6ac0_0, v0x18f6760_0;
    %vpi_call 2 280 "$display", "id_if_pcimd2ext: %b\012", v0x18f5f10_0;
    %vpi_call 2 281 "$display", "id_if_pcindex: %b\012", v0x18f61f0_0;
    %vpi_call 2 282 "$display", "id_if_selpctype: Valor Esperado: xx Valor Real: %b\012", v0x18f62c0_0;
    %vpi_call 2 283 "$display", "id_ex_selalushift: Valor Esperado: 0 Valor Real: %b\012", v0x18f5a60_0;
    %vpi_call 2 284 "$display", "id_ex_selimregb: Valor Esperado: 1 Valor Real: %b\012", v0x18f5910_0;
    %vpi_call 2 285 "$display", "id_ex_aluop: Valor Esperado: 010 Valor Real: %b\012", v0x18f55d0_0;
    %vpi_call 2 286 "$display", "id_ex_unsig: Valor Esperado: 0 Valor Real: %b\012", v0x18f5c40_0;
    %vpi_call 2 287 "$display", "id_ex_shiftop: Valor Esperado: XX Valor Real: %b\012", v0x18f5d60_0;
    %vpi_call 2 288 "$display", "id_ex_shiftamt: Valor Esperado: 00000 Valor Real: %d\012", v0x18f5ce0_0;
    %vpi_call 2 289 "$display", "id_ex_rega: Valor Esperado: %d Valor Real: %d\012", v0x18f67e0_0, v0x18f5810_0;
    %vpi_call 2 290 "$display", "id_ex_readmem: Valor Esperado: 0 Valor Real: %b\012", v0x18f56d0_0;
    %vpi_call 2 291 "$display", "id_ex_writemem:  Valor Esperado: 0 Valor Real: %b\012", v0x18f5e90_0;
    %vpi_call 2 292 "$display", "id_ex_regb: Valor Esperado: %d Valor Real: %d\012", v0x18f6ac0_0, v0x18f5890_0;
    %vpi_call 2 293 "$display", "id_ex_imedext: Valor Esperado: 00000000000000000000000000000001 Valor Real: %b\012", v0x18f5650_0;
    %vpi_call 2 294 "$display", "id_ex_selwsource: Valor Esperado: 0 Valor Real: %b\012", v0x18f5bc0_0;
    %vpi_call 2 295 "$display", "id_ex_regdest: Valor Esperado: 00000 Valor Real %b\012", v0x18f5990_0;
    %vpi_call 2 296 "$display", "id_ex_writereg: Valor Esperado: 1 Valor Real: %b\012", v0x18f6050_0;
    %vpi_call 2 297 "$display", "id_ex_writeov: Valor Esperado: 0 Valor Real: %b\012", v0x18f5fd0_0;
    %vpi_call 2 298 "$display", "id_reg_addra: Valor Esperado: 00001 Valor Real: %b\012", v0x18f6510_0;
    %vpi_call 2 299 "$display", "id_reg_addrb: Valor Esperado: 00010 Valor Real: %b\012", v0x18f6470_0;
    %set/v v0x18f52c0_0, 0, 1;
    %set/v v0x18f53c0_0, 0, 1;
    %set/v v0x18f5550_0, 0, 1;
    %set/v v0x18f5340_0, 0, 1;
    %load/v 8, v0x18f5440_0, 1;
    %inv 8, 1;
    %set/v v0x18f5440_0, 8, 1;
    %load/v 8, v0x18f5440_0, 1;
    %inv 8, 1;
    %set/v v0x18f5440_0, 8, 1;
    %delay 10, 0;
    %vpi_call 2 309 "$display", "LOAD:\012id_if_selpcsource: Valor Esperado: 0 Valor Real: %b\012", v0x18f63a0_0;
    %vpi_call 2 310 "$display", "id_if_rega: Valor Esperado: %d Valor Real: %d\012", v0x18f68c0_0, v0x18f6120_0;
    %vpi_call 2 311 "$display", "reg_id_dataa: %d reg_id_datab: %d\012", v0x18f67e0_0, v0x18f6ac0_0;
    %vpi_call 2 312 "$display", "reg_id_ass_dataa: Valor Esperado: %d Valor Real: %d\012 reg_id_ass_datab: Valor Esperado: %d Valor Real: %d\012", v0x18f67e0_0, v0x18f68c0_0, v0x18f6ac0_0, v0x18f6760_0;
    %vpi_call 2 313 "$display", "id_if_pcimd2ext: %b\012", v0x18f5f10_0;
    %vpi_call 2 314 "$display", "id_if_pcindex: %b\012", v0x18f61f0_0;
    %vpi_call 2 315 "$display", "id_if_selpctype: Valor Esperado: xx Valor Real: %b\012", v0x18f62c0_0;
    %vpi_call 2 316 "$display", "id_ex_selalushift: Valor Esperado: 0 Valor Real: %b\012", v0x18f5a60_0;
    %vpi_call 2 317 "$display", "id_ex_selimregb: Valor Esperado: 1 Valor Real: %b\012", v0x18f5910_0;
    %vpi_call 2 318 "$display", "id_ex_aluop: Valor Esperado: 010 Valor Real: %b\012", v0x18f55d0_0;
    %vpi_call 2 319 "$display", "id_ex_unsig: Valor Esperado: 0 Valor Real: %b\012", v0x18f5c40_0;
    %vpi_call 2 320 "$display", "id_ex_shiftop: Valor Esperado: XX Valor Real: %b\012", v0x18f5d60_0;
    %vpi_call 2 321 "$display", "id_ex_shiftamt: Valor Esperado: 00000 Valor Real: %d\012", v0x18f5ce0_0;
    %vpi_call 2 322 "$display", "id_ex_rega: Valor Esperado: %d Valor Real: %d\012", v0x18f67e0_0, v0x18f5810_0;
    %vpi_call 2 323 "$display", "id_ex_readmem: Valor Esperado: 1Valor Real: %b\012", v0x18f56d0_0;
    %vpi_call 2 324 "$display", "id_ex_writemem:  Valor Esperado: 0 Valor Real: %b\012", v0x18f5e90_0;
    %vpi_call 2 325 "$display", "id_ex_regb: Valor Esperado: %d Valor Real: %d\012", v0x18f6ac0_0, v0x18f5890_0;
    %vpi_call 2 326 "$display", "id_ex_imedext: Valor Esperado: 00000000000000000000000000000001 Valor Real: %b\012", v0x18f5650_0;
    %vpi_call 2 327 "$display", "id_ex_selwsource: Valor Esperado: 1 Valor Real: %b\012", v0x18f5bc0_0;
    %vpi_call 2 328 "$display", "id_ex_regdest: Valor Esperado: 00000 Valor Real %b\012", v0x18f5990_0;
    %vpi_call 2 329 "$display", "id_ex_writereg: Valor Esperado: 1 Valor Real: %b\012", v0x18f6050_0;
    %vpi_call 2 330 "$display", "id_ex_writeov: Valor Esperado: 1 Valor Real: %b\012", v0x18f5fd0_0;
    %vpi_call 2 331 "$display", "id_reg_addra: Valor Esperado: 00001 Valor Real: %b\012", v0x18f6510_0;
    %vpi_call 2 332 "$display", "id_reg_addrb: Valor Esperado: 00010 Valor Real: %b\012", v0x18f6470_0;
    %set/v v0x18f52c0_0, 1, 1;
    %set/v v0x18f53c0_0, 0, 1;
    %set/v v0x18f5550_0, 0, 1;
    %set/v v0x18f5340_0, 0, 1;
    %load/v 8, v0x18f5440_0, 1;
    %inv 8, 1;
    %set/v v0x18f5440_0, 8, 1;
    %load/v 8, v0x18f5440_0, 1;
    %inv 8, 1;
    %set/v v0x18f5440_0, 8, 1;
    %delay 10, 0;
    %vpi_call 2 342 "$display", "STORE:\012id_if_selpcsource: Valor Esperado: 0 Valor Real: %b\012", v0x18f63a0_0;
    %vpi_call 2 343 "$display", "id_if_rega: Valor Esperado: %d Valor Real: %d\012", v0x18f68c0_0, v0x18f6120_0;
    %vpi_call 2 344 "$display", "reg_id_dataa: %d reg_id_datab: %d\012", v0x18f67e0_0, v0x18f6ac0_0;
    %vpi_call 2 345 "$display", "reg_id_ass_dataa: Valor Esperado: %d Valor Real: %d\012 reg_id_ass_datab: Valor Esperado: %d Valor Real: %d\012", v0x18f67e0_0, v0x18f68c0_0, v0x18f6ac0_0, v0x18f6760_0;
    %vpi_call 2 346 "$display", "id_if_pcimd2ext: %b\012", v0x18f5f10_0;
    %vpi_call 2 347 "$display", "id_if_pcindex: %b\012", v0x18f61f0_0;
    %vpi_call 2 348 "$display", "id_if_selpctype: Valor Esperado: xx Valor Real: %b\012", v0x18f62c0_0;
    %vpi_call 2 349 "$display", "id_ex_selalushift: Valor Esperado: 0 Valor Real: %b\012", v0x18f5a60_0;
    %vpi_call 2 350 "$display", "id_ex_selimregb: Valor Esperado: 1 Valor Real: %b\012", v0x18f5910_0;
    %vpi_call 2 351 "$display", "id_ex_aluop: Valor Esperado: 010 Valor Real: %b\012", v0x18f55d0_0;
    %vpi_call 2 352 "$display", "id_ex_unsig: Valor Esperado: 0 Valor Real: %b\012", v0x18f5c40_0;
    %vpi_call 2 353 "$display", "id_ex_shiftop: Valor Esperado: XX Valor Real: %b\012", v0x18f5d60_0;
    %vpi_call 2 354 "$display", "id_ex_shiftamt: Valor Esperado: 00000 Valor Real: %d\012", v0x18f5ce0_0;
    %vpi_call 2 355 "$display", "id_ex_rega: Valor Esperado: %d Valor Real: %d\012", v0x18f67e0_0, v0x18f5810_0;
    %vpi_call 2 356 "$display", "id_ex_readmem: Valor Esperado: 0 Valor Real: %b\012", v0x18f56d0_0;
    %vpi_call 2 357 "$display", "id_ex_writemem:  Valor Esperado: 1 Valor Real: %b\012", v0x18f5e90_0;
    %vpi_call 2 358 "$display", "id_ex_regb: Valor Esperado: %d Valor Real: %d\012", v0x18f6ac0_0, v0x18f5890_0;
    %vpi_call 2 359 "$display", "id_ex_imedext: Valor Esperado: 00000000000000000000000000000001 Valor Real: %b\012", v0x18f5650_0;
    %vpi_call 2 360 "$display", "id_ex_selwsource: Valor Esperado: x Valor Real: %b\012", v0x18f5bc0_0;
    %vpi_call 2 361 "$display", "id_ex_regdest: Valor Esperado: 00000 Valor Real %b\012", v0x18f5990_0;
    %vpi_call 2 362 "$display", "id_ex_writereg: Valor Esperado: 0 Valor Real: %b\012", v0x18f6050_0;
    %vpi_call 2 363 "$display", "id_ex_writeov: Valor Esperado: x Valor Real: %b\012", v0x18f5fd0_0;
    %vpi_call 2 364 "$display", "id_reg_addra: Valor Esperado: 00001 Valor Real: %b\012", v0x18f6510_0;
    %vpi_call 2 365 "$display", "id_reg_addrb: Valor Esperado: 00010 Valor Real: %b\012", v0x18f6470_0;
    %vpi_call 2 366 "$finish";
    %end;
    .thread T_44;
# The file index is used to find the file name in the following table.
:file_names 11;
    "N/A";
    "<interactive>";
    "Decode_tb.v";
    "Decode.v";
    "./Control.v";
    "./Registers.v";
    "./Comparator.v";
    "./Fetch.v";
    "./Execute.v";
    "./Alu.v";
    "./Shifter.v";
